19:54:34:949 (00011580) > [Startup] Marvel's Spider-Man: Miles Morales
19:54:34:949 (00011580) > [Startup] ==============
19:54:34:949 (00011580) > [Startup] 
19:54:34:949 (00011580) > [Startup] Build: v2.209.0.0
19:54:34:949 (00011580) > [Startup] Windows 11.0 (build 22621)
19:54:34:949 (00011580) > [Startup] Distribution platform: Steam
19:54:34:949 (00011580) > [Startup] Game directory: E:\PC Folders\Documents\Marvel's Spider-Man Miles Morales\
19:54:34:949 (00011580) > [Startup] Working directory: E:\Video Games\PC\Games\Others\Marvels SpiderMan Miles Morales
19:54:34:949 (00011580) > [Startup] Run ID: 27C0-6774-BD91-0188
19:54:34:949 (00011580) > [Startup] 
19:54:34:949 (00011580) > [Startup] Memory statistics:
19:54:34:949 (00011580) > [Startup]   Total RAM = 31.1 GB (31891 MB)
19:54:34:949 (00011580) > [Startup]   Avail RAM = 21.8 GB (22310 MB)
19:54:34:949 (00011580) > [Startup]   Total virtual memory = 131072.0 GB (134217727 MB)
19:54:34:949 (00011580) > [Startup]   Avail virtual memory = 131062.5 GB (134208027 MB)
19:54:34:949 (00011580) > [Startup]   Total page file = 36.1 GB (37011 MB)
19:54:34:949 (00011580) > [Startup]   Avail page file = 15.8 GB (16218 MB)
19:54:34:949 (00011580) > [Startup] 
19:54:34:949 (00011580) > [NxApp] PreInit
19:54:34:949 (00011580) > [SwapChain] Initializing...
19:54:34:950 (00011580) > [DXGI] Initializing...
19:54:34:984 (00011580) > [NxApp] No DLSSG support - streamline disabled
19:54:34:984 (00011580) > [NxApp] Streamline could not be initialized.
19:54:34:985 (00011580) > [DXGI] Successfully initialized.
19:54:34:985 (00011580) > [Render] Enumerating adapters:
19:54:34:985 (00011580) > [Render] 	Adapter 0:
19:54:34:985 (00011580) > [Monitor] 		Description             : NVIDIA GeForce RTX 3060 Ti
19:54:34:985 (00011580) > [Monitor] 		Vendor                  : nVidia (10de)
19:54:34:985 (00011580) > [Monitor] 		Device                  : 2489
19:54:34:985 (00011580) > [Monitor] 		Sub system              : 40971458
19:54:34:985 (00011580) > [Monitor] 		Revision                : 161
19:54:34:985 (00011580) > [Monitor] 		Dedicated Video Memory  : 8038 MB
19:54:34:985 (00011580) > [Monitor] 		Dedicated System Memory : 0000 MB
19:54:34:985 (00011580) > [Monitor] 		Shared System Memory    : 15945 MB
19:54:34:985 (00011580) > [Monitor] 
19:54:34:985 (00011580) > [Render] Loading NVAPI...
19:54:34:985 (00011580) > [Render] Done loading NVAPI
19:54:34:985 (00011580) > [Render] 	Adapter 1:
19:54:34:985 (00011580) > [Monitor] 		Description             : AMD Radeon(TM) Graphics
19:54:34:985 (00011580) > [Monitor] 		Vendor                  : AMD (1002)
19:54:34:985 (00011580) > [Monitor] 		Device                  : 164e
19:54:34:985 (00011580) > [Monitor] 		Sub system              : 164e1002
19:54:34:985 (00011580) > [Monitor] 		Revision                : 199
19:54:34:985 (00011580) > [Monitor] 		Dedicated Video Memory  : 0485 MB
19:54:34:985 (00011580) > [Monitor] 		Dedicated System Memory : 0000 MB
19:54:34:985 (00011580) > [Monitor] 		Shared System Memory    : 15945 MB
19:54:34:985 (00011580) > [Monitor] 
19:54:34:985 (00011580) > [Render] Loading ADL...
19:54:34:996 (00011580) > [Render] AGS init succeeded
19:54:34:996 (00011580) > [Render] AGS Radeon Software Version: 22.40.46
19:54:34:996 (00011580) > [Render] Done loading ADL and AGS
19:54:34:996 (00011580) > [Render] 	Adapter 2:
19:54:34:996 (00011580) > [Monitor] 		Description             : Microsoft Basic Render Driver
19:54:34:996 (00011580) > [Monitor] 		Vendor                  : Unknown (1414)
19:54:34:996 (00011580) > [Monitor] 		Device                  : 8c
19:54:34:996 (00011580) > [Monitor] 		Sub system              : 0
19:54:34:996 (00011580) > [Monitor] 		Revision                : 0
19:54:34:996 (00011580) > [Monitor] 		Dedicated Video Memory  : 0000 MB
19:54:34:996 (00011580) > [Monitor] 		Dedicated System Memory : 0000 MB
19:54:34:996 (00011580) > [Monitor] 		Shared System Memory    : 15945 MB
19:54:34:996 (00011580) > [Monitor] 
19:54:34:996 (00011580) > [Render] Enumerating monitors:
19:54:34:996 (00011580) > [Render] 	Monitor 0: handle = 0000000000010001, aspect = 2.39, rounded aspect = 2.39
19:54:34:996 (00011580) > [Render] 
19:54:34:996 (00011580) > [Render] 	Monitor handle = 0000000000010001, pixel aspect ratio = 0.99
19:54:34:996 (00011580) > [SwapChain] Successfully initialized.
19:54:34:996 (00011580) > [Render] Enumerating Display Modes:
19:54:34:997 (00011580) > [Render] Querying ADL for Eyefinity modes
19:54:34:997 (00011580) > [Render] Querying NVAPI for Surround modes
19:54:35:063 (00011580) > [Render] NvAPI_Mosaic_GetDisplayViewportsByResolution() - no surround modes detected
19:54:35:063 (00011580) > [Render] 	Monitor '1 (NVIDIA GeForce RTX 3060 Ti(1))' (0000000000010001):
19:54:35:063 (00011580) > [Render] 		- Mode  0 :  800 x  600 @  75 Hz, stereo = 0, hdr = 0
19:54:35:063 (00011580) > [Render] 		- Mode  1 :  800 x  600 @ 100 Hz, stereo = 0, hdr = 0
19:54:35:063 (00011580) > [Render] 		- Mode  2 :  800 x  600 @ 100 Hz, stereo = 0, hdr = 0
19:54:35:063 (00011580) > [Render] 		- Mode  3 :  800 x  600 @ 120 Hz, stereo = 0, hdr = 0
19:54:35:063 (00011580) > [Render] 		- Mode  4 :  800 x  600 @ 120 Hz, stereo = 0, hdr = 0
19:54:35:063 (00011580) > [Render] 		- Mode  5 :  800 x  600 @  60 Hz, stereo = 0, hdr = 0
19:54:35:063 (00011580) > [Render] 		- Mode  6 :  800 x  600 @ 120 Hz, stereo = 0, hdr = 0
19:54:35:063 (00011580) > [Render] 		- Mode  7 :  800 x  600 @ 120 Hz, stereo = 0, hdr = 0
19:54:35:063 (00011580) > [Render] 		- Mode  8 :  800 x  600 @ 144 Hz, stereo = 0, hdr = 0
19:54:35:063 (00011580) > [Render] 		- Mode  9 :  800 x  600 @ 144 Hz, stereo = 0, hdr = 0
19:54:35:063 (00011580) > [Render] 		- Mode 10 : 1024 x  768 @ 100 Hz, stereo = 0, hdr = 0
19:54:35:063 (00011580) > [Render] 		- Mode 11 : 1024 x  768 @ 100 Hz, stereo = 0, hdr = 0
19:54:35:063 (00011580) > [Render] 		- Mode 12 : 1024 x  768 @  60 Hz, stereo = 0, hdr = 0
19:54:35:063 (00011580) > [Render] 		- Mode 13 : 1024 x  768 @  75 Hz, stereo = 0, hdr = 0
19:54:35:063 (00011580) > [Render] 		- Mode 14 : 1024 x  768 @ 120 Hz, stereo = 0, hdr = 0
19:54:35:063 (00011580) > [Render] 		- Mode 15 : 1024 x  768 @ 120 Hz, stereo = 0, hdr = 0
19:54:35:063 (00011580) > [Render] 		- Mode 16 : 1024 x  768 @ 120 Hz, stereo = 0, hdr = 0
19:54:35:063 (00011580) > [Render] 		- Mode 17 : 1024 x  768 @ 144 Hz, stereo = 0, hdr = 0
19:54:35:063 (00011580) > [Render] 		- Mode 18 : 1024 x  768 @ 144 Hz, stereo = 0, hdr = 0
19:54:35:063 (00011580) > [Render] 		- Mode 19 : 1152 x  864 @ 100 Hz, stereo = 0, hdr = 0
19:54:35:063 (00011580) > [Render] 		- Mode 20 : 1152 x  864 @ 100 Hz, stereo = 0, hdr = 0
19:54:35:063 (00011580) > [Render] 		- Mode 21 : 1152 x  864 @ 120 Hz, stereo = 0, hdr = 0
19:54:35:063 (00011580) > [Render] 		- Mode 22 : 1152 x  864 @ 120 Hz, stereo = 0, hdr = 0
19:54:35:063 (00011580) > [Render] 		- Mode 23 : 1152 x  864 @ 120 Hz, stereo = 0, hdr = 0
19:54:35:063 (00011580) > [Render] 		- Mode 24 : 1152 x  864 @ 144 Hz, stereo = 0, hdr = 0
19:54:35:063 (00011580) > [Render] 		- Mode 25 : 1152 x  864 @ 144 Hz, stereo = 0, hdr = 0
19:54:35:063 (00011580) > [Render] 		- Mode 26 : 1176 x  664 @  60 Hz, stereo = 0, hdr = 0
19:54:35:063 (00011580) > [Render] 		- Mode 27 : 1176 x  664 @  60 Hz, stereo = 0, hdr = 0
19:54:35:063 (00011580) > [Render] 		- Mode 28 : 1176 x  664 @  60 Hz, stereo = 0, hdr = 0
19:54:35:063 (00011580) > [Render] 		- Mode 29 : 1176 x  664 @  60 Hz, stereo = 0, hdr = 0
19:54:35:063 (00011580) > [Render] 		- Mode 30 : 1280 x  720 @  60 Hz, stereo = 0, hdr = 0
19:54:35:063 (00011580) > [Render] 		- Mode 31 : 1280 x  720 @ 100 Hz, stereo = 0, hdr = 0
19:54:35:063 (00011580) > [Render] 		- Mode 32 : 1280 x  720 @ 120 Hz, stereo = 0, hdr = 0
19:54:35:063 (00011580) > [Render] 		- Mode 33 : 1280 x  720 @  60 Hz, stereo = 0, hdr = 0
19:54:35:063 (00011580) > [Render] 		- Mode 34 : 1280 x  720 @ 120 Hz, stereo = 0, hdr = 0
19:54:35:063 (00011580) > [Render] 		- Mode 35 : 1280 x  720 @ 144 Hz, stereo = 0, hdr = 0
19:54:35:063 (00011580) > [Render] 		- Mode 36 : 1280 x  720 @ 144 Hz, stereo = 0, hdr = 0
19:54:35:063 (00011580) > [Render] 		- Mode 37 : 1280 x  768 @ 100 Hz, stereo = 0, hdr = 0
19:54:35:063 (00011580) > [Render] 		- Mode 38 : 1280 x  768 @ 100 Hz, stereo = 0, hdr = 0
19:54:35:063 (00011580) > [Render] 		- Mode 39 : 1280 x  768 @ 120 Hz, stereo = 0, hdr = 0
19:54:35:063 (00011580) > [Render] 		- Mode 40 : 1280 x  768 @ 120 Hz, stereo = 0, hdr = 0
19:54:35:063 (00011580) > [Render] 		- Mode 41 : 1280 x  768 @ 120 Hz, stereo = 0, hdr = 0
19:54:35:063 (00011580) > [Render] 		- Mode 42 : 1280 x  768 @ 120 Hz, stereo = 0, hdr = 0
19:54:35:063 (00011580) > [Render] 		- Mode 43 : 1280 x  768 @ 144 Hz, stereo = 0, hdr = 0
19:54:35:063 (00011580) > [Render] 		- Mode 44 : 1280 x  768 @ 144 Hz, stereo = 0, hdr = 0
19:54:35:063 (00011580) > [Render] 		- Mode 45 : 1280 x  800 @ 100 Hz, stereo = 0, hdr = 0
19:54:35:063 (00011580) > [Render] 		- Mode 46 : 1280 x  800 @ 100 Hz, stereo = 0, hdr = 0
19:54:35:063 (00011580) > [Render] 		- Mode 47 : 1280 x  800 @ 120 Hz, stereo = 0, hdr = 0
19:54:35:063 (00011580) > [Render] 		- Mode 48 : 1280 x  800 @ 120 Hz, stereo = 0, hdr = 0
19:54:35:063 (00011580) > [Render] 		- Mode 49 : 1280 x  800 @ 120 Hz, stereo = 0, hdr = 0
19:54:35:063 (00011580) > [Render] 		- Mode 50 : 1280 x  800 @ 120 Hz, stereo = 0, hdr = 0
19:54:35:063 (00011580) > [Render] 		- Mode 51 : 1280 x  800 @ 144 Hz, stereo = 0, hdr = 0
19:54:35:063 (00011580) > [Render] 		- Mode 52 : 1280 x  800 @ 144 Hz, stereo = 0, hdr = 0
19:54:35:063 (00011580) > [Render] 		- Mode 53 : 1280 x  960 @ 100 Hz, stereo = 0, hdr = 0
19:54:35:063 (00011580) > [Render] 		- Mode 54 : 1280 x  960 @ 100 Hz, stereo = 0, hdr = 0
19:54:35:063 (00011580) > [Render] 		- Mode 55 : 1280 x  960 @  75 Hz, stereo = 0, hdr = 0
19:54:35:063 (00011580) > [Render] 		- Mode 56 : 1280 x  960 @  75 Hz, stereo = 0, hdr = 0
19:54:35:063 (00011580) > [Render] 		- Mode 57 : 1280 x  960 @ 120 Hz, stereo = 0, hdr = 0
19:54:35:063 (00011580) > [Render] 		- Mode 58 : 1280 x  960 @ 120 Hz, stereo = 0, hdr = 0
19:54:35:063 (00011580) > [Render] 		- Mode 59 : 1280 x  960 @ 120 Hz, stereo = 0, hdr = 0
19:54:35:063 (00011580) > [Render] 		- Mode 60 : 1280 x  960 @ 120 Hz, stereo = 0, hdr = 0
19:54:35:063 (00011580) > [Render] 		- Mode 61 : 1280 x  960 @ 144 Hz, stereo = 0, hdr = 0
19:54:35:063 (00011580) > [Render] 		- Mode 62 : 1280 x  960 @ 144 Hz, stereo = 0, hdr = 0
19:54:35:063 (00011580) > [Render] 		- Mode 63 : 1280 x 1024 @ 100 Hz, stereo = 0, hdr = 0
19:54:35:063 (00011580) > [Render] 		- Mode 64 : 1280 x 1024 @ 100 Hz, stereo = 0, hdr = 0
19:54:35:063 (00011580) > [Render] 		- Mode 65 : 1280 x 1024 @  75 Hz, stereo = 0, hdr = 0
19:54:35:063 (00011580) > [Render] 		- Mode 66 : 1280 x 1024 @ 120 Hz, stereo = 0, hdr = 0
19:54:35:063 (00011580) > [Render] 		- Mode 67 : 1280 x 1024 @ 120 Hz, stereo = 0, hdr = 0
19:54:35:063 (00011580) > [Render] 		- Mode 68 : 1280 x 1024 @ 120 Hz, stereo = 0, hdr = 0
19:54:35:063 (00011580) > [Render] 		- Mode 69 : 1280 x 1024 @ 144 Hz, stereo = 0, hdr = 0
19:54:35:063 (00011580) > [Render] 		- Mode 70 : 1280 x 1024 @ 144 Hz, stereo = 0, hdr = 0
19:54:35:063 (00011580) > [Render] 		- Mode 71 : 1360 x  768 @ 100 Hz, stereo = 0, hdr = 0
19:54:35:063 (00011580) > [Render] 		- Mode 72 : 1360 x  768 @ 100 Hz, stereo = 0, hdr = 0
19:54:35:063 (00011580) > [Render] 		- Mode 73 : 1360 x  768 @ 120 Hz, stereo = 0, hdr = 0
19:54:35:063 (00011580) > [Render] 		- Mode 74 : 1360 x  768 @ 120 Hz, stereo = 0, hdr = 0
19:54:35:063 (00011580) > [Render] 		- Mode 75 : 1360 x  768 @ 120 Hz, stereo = 0, hdr = 0
19:54:35:063 (00011580) > [Render] 		- Mode 76 : 1360 x  768 @ 120 Hz, stereo = 0, hdr = 0
19:54:35:063 (00011580) > [Render] 		- Mode 77 : 1360 x  768 @ 144 Hz, stereo = 0, hdr = 0
19:54:35:063 (00011580) > [Render] 		- Mode 78 : 1360 x  768 @ 144 Hz, stereo = 0, hdr = 0
19:54:35:063 (00011580) > [Render] 		- Mode 79 : 1366 x  768 @ 100 Hz, stereo = 0, hdr = 0
19:54:35:063 (00011580) > [Render] 		- Mode 80 : 1366 x  768 @ 100 Hz, stereo = 0, hdr = 0
19:54:35:063 (00011580) > [Render] 		- Mode 81 : 1366 x  768 @ 120 Hz, stereo = 0, hdr = 0
19:54:35:063 (00011580) > [Render] 		- Mode 82 : 1366 x  768 @ 120 Hz, stereo = 0, hdr = 0
19:54:35:063 (00011580) > [Render] 		- Mode 83 : 1366 x  768 @ 120 Hz, stereo = 0, hdr = 0
19:54:35:063 (00011580) > [Render] 		- Mode 84 : 1366 x  768 @ 120 Hz, stereo = 0, hdr = 0
19:54:35:063 (00011580) > [Render] 		- Mode 85 : 1366 x  768 @ 144 Hz, stereo = 0, hdr = 0
19:54:35:063 (00011580) > [Render] 		- Mode 86 : 1366 x  768 @ 144 Hz, stereo = 0, hdr = 0
19:54:35:063 (00011580) > [Render] 		- Mode 87 : 1440 x 1080 @  60 Hz, stereo = 0, hdr = 0
19:54:35:063 (00011580) > [Render] 		- Mode 88 : 1440 x 1080 @  60 Hz, stereo = 0, hdr = 0
19:54:35:063 (00011580) > [Render] 		- Mode 89 : 1440 x 1080 @ 100 Hz, stereo = 0, hdr = 0
19:54:35:063 (00011580) > [Render] 		- Mode 90 : 1440 x 1080 @ 100 Hz, stereo = 0, hdr = 0
19:54:35:063 (00011580) > [Render] 		- Mode 91 : 1440 x 1080 @ 120 Hz, stereo = 0, hdr = 0
19:54:35:063 (00011580) > [Render] 		- Mode 92 : 1440 x 1080 @ 120 Hz, stereo = 0, hdr = 0
19:54:35:063 (00011580) > [Render] 		- Mode 93 : 1440 x 1080 @  60 Hz, stereo = 0, hdr = 0
19:54:35:063 (00011580) > [Render] 		- Mode 94 : 1440 x 1080 @  60 Hz, stereo = 0, hdr = 0
19:54:35:063 (00011580) > [Render] 		- Mode 95 : 1440 x 1080 @  75 Hz, stereo = 0, hdr = 0
19:54:35:063 (00011580) > [Render] 		- Mode 96 : 1440 x 1080 @  75 Hz, stereo = 0, hdr = 0
19:54:35:063 (00011580) > [Render] 		- Mode 97 : 1440 x 1080 @ 120 Hz, stereo = 0, hdr = 0
19:54:35:063 (00011580) > [Render] 		- Mode 98 : 1440 x 1080 @ 120 Hz, stereo = 0, hdr = 0
19:54:35:063 (00011580) > [Render] 		- Mode 99 : 1440 x 1080 @ 144 Hz, stereo = 0, hdr = 0
19:54:35:063 (00011580) > [Render] 		- Mode 100 : 1440 x 1080 @ 144 Hz, stereo = 0, hdr = 0
19:54:35:063 (00011580) > [Render] 		- Mode 101 : 1600 x  900 @ 100 Hz, stereo = 0, hdr = 0
19:54:35:063 (00011580) > [Render] 		- Mode 102 : 1600 x  900 @ 100 Hz, stereo = 0, hdr = 0
19:54:35:063 (00011580) > [Render] 		- Mode 103 : 1600 x  900 @ 120 Hz, stereo = 0, hdr = 0
19:54:35:063 (00011580) > [Render] 		- Mode 104 : 1600 x  900 @ 120 Hz, stereo = 0, hdr = 0
19:54:35:063 (00011580) > [Render] 		- Mode 105 : 1600 x  900 @ 120 Hz, stereo = 0, hdr = 0
19:54:35:063 (00011580) > [Render] 		- Mode 106 : 1600 x  900 @ 144 Hz, stereo = 0, hdr = 0
19:54:35:063 (00011580) > [Render] 		- Mode 107 : 1600 x  900 @ 144 Hz, stereo = 0, hdr = 0
19:54:35:063 (00011580) > [Render] 		- Mode 108 : 1600 x 1024 @  60 Hz, stereo = 0, hdr = 0
19:54:35:063 (00011580) > [Render] 		- Mode 109 : 1600 x 1024 @  60 Hz, stereo = 0, hdr = 0
19:54:35:063 (00011580) > [Render] 		- Mode 110 : 1600 x 1024 @ 100 Hz, stereo = 0, hdr = 0
19:54:35:063 (00011580) > [Render] 		- Mode 111 : 1600 x 1024 @ 100 Hz, stereo = 0, hdr = 0
19:54:35:063 (00011580) > [Render] 		- Mode 112 : 1600 x 1024 @ 120 Hz, stereo = 0, hdr = 0
19:54:35:063 (00011580) > [Render] 		- Mode 113 : 1600 x 1024 @ 120 Hz, stereo = 0, hdr = 0
19:54:35:063 (00011580) > [Render] 		- Mode 114 : 1600 x 1024 @  60 Hz, stereo = 0, hdr = 0
19:54:35:063 (00011580) > [Render] 		- Mode 115 : 1600 x 1024 @  60 Hz, stereo = 0, hdr = 0
19:54:35:063 (00011580) > [Render] 		- Mode 116 : 1600 x 1024 @  75 Hz, stereo = 0, hdr = 0
19:54:35:063 (00011580) > [Render] 		- Mode 117 : 1600 x 1024 @  75 Hz, stereo = 0, hdr = 0
19:54:35:063 (00011580) > [Render] 		- Mode 118 : 1600 x 1024 @ 120 Hz, stereo = 0, hdr = 0
19:54:35:063 (00011580) > [Render] 		- Mode 119 : 1600 x 1024 @ 120 Hz, stereo = 0, hdr = 0
19:54:35:063 (00011580) > [Render] 		- Mode 120 : 1600 x 1024 @ 144 Hz, stereo = 0, hdr = 0
19:54:35:063 (00011580) > [Render] 		- Mode 121 : 1600 x 1024 @ 144 Hz, stereo = 0, hdr = 0
19:54:35:063 (00011580) > [Render] 		- Mode 122 : 1680 x 1050 @  60 Hz, stereo = 0, hdr = 0
19:54:35:063 (00011580) > [Render] 		- Mode 123 : 1680 x 1050 @  60 Hz, stereo = 0, hdr = 0
19:54:35:063 (00011580) > [Render] 		- Mode 124 : 1680 x 1050 @ 100 Hz, stereo = 0, hdr = 0
19:54:35:063 (00011580) > [Render] 		- Mode 125 : 1680 x 1050 @ 100 Hz, stereo = 0, hdr = 0
19:54:35:063 (00011580) > [Render] 		- Mode 126 : 1680 x 1050 @ 120 Hz, stereo = 0, hdr = 0
19:54:35:063 (00011580) > [Render] 		- Mode 127 : 1680 x 1050 @ 120 Hz, stereo = 0, hdr = 0
19:54:35:063 (00011580) > [Render] 		- Mode 128 : 1680 x 1050 @  60 Hz, stereo = 0, hdr = 0
19:54:35:063 (00011580) > [Render] 		- Mode 129 : 1680 x 1050 @  60 Hz, stereo = 0, hdr = 0
19:54:35:063 (00011580) > [Render] 		- Mode 130 : 1680 x 1050 @  75 Hz, stereo = 0, hdr = 0
19:54:35:063 (00011580) > [Render] 		- Mode 131 : 1680 x 1050 @  75 Hz, stereo = 0, hdr = 0
19:54:35:063 (00011580) > [Render] 		- Mode 132 : 1680 x 1050 @ 120 Hz, stereo = 0, hdr = 0
19:54:35:063 (00011580) > [Render] 		- Mode 133 : 1680 x 1050 @ 120 Hz, stereo = 0, hdr = 0
19:54:35:063 (00011580) > [Render] 		- Mode 134 : 1680 x 1050 @ 144 Hz, stereo = 0, hdr = 0
19:54:35:063 (00011580) > [Render] 		- Mode 135 : 1680 x 1050 @ 144 Hz, stereo = 0, hdr = 0
19:54:35:063 (00011580) > [Render] 		- Mode 136 : 1920 x 1080 @  60 Hz, stereo = 0, hdr = 0
19:54:35:063 (00011580) > [Render] 		- Mode 137 : 1920 x 1080 @ 100 Hz, stereo = 0, hdr = 0
19:54:35:063 (00011580) > [Render] 		- Mode 138 : 1920 x 1080 @ 120 Hz, stereo = 0, hdr = 0
19:54:35:063 (00011580) > [Render] 		- Mode 139 : 1920 x 1080 @  60 Hz, stereo = 0, hdr = 0
19:54:35:063 (00011580) > [Render] 		- Mode 140 : 1920 x 1080 @  75 Hz, stereo = 0, hdr = 0
19:54:35:063 (00011580) > [Render] 		- Mode 141 : 1920 x 1080 @ 120 Hz, stereo = 0, hdr = 0
19:54:35:063 (00011580) > [Render] 		- Mode 142 : 1920 x 1080 @ 144 Hz, stereo = 0, hdr = 0
19:54:35:063 (00011580) > [Render] 		- Mode 143 : 1920 x 1080 @ 144 Hz, stereo = 0, hdr = 0
19:54:35:063 (00011580) > [Render] 		- Mode 144 : 2560 x 1080 @ 100 Hz, stereo = 0, hdr = 0
19:54:35:063 (00011580) > [Render] 		- Mode 145 : 2560 x 1080 @ 120 Hz, stereo = 0, hdr = 0
19:54:35:063 (00011580) > [Render] 		- Mode 146 : 2560 x 1080 @  60 Hz, stereo = 0, hdr = 0
19:54:35:063 (00011580) > [Render] 		- Mode 147 : 2560 x 1080 @  60 Hz, stereo = 0, hdr = 0
19:54:35:063 (00011580) > [Render] 		- Mode 148 : 2560 x 1080 @  75 Hz, stereo = 0, hdr = 0
19:54:35:063 (00011580) > [Render] 		- Mode 149 : 2560 x 1080 @ 120 Hz, stereo = 0, hdr = 0
19:54:35:063 (00011580) > [Render] 		- Mode 150 : 2560 x 1080 @ 144 Hz, stereo = 0, hdr = 0
19:54:35:063 (00011580) > [Render] ***** Additional Monitor Output Info *****
19:54:35:063 (00011580) > [Render] 		BitsPerColor: 8
19:54:35:063 (00011580) > [Render] 		Primaries: R=0.6514;0.3320  G=0.3066;0.6309  B=0.1504;0.0596  White-Point=0.3135;0.3291
19:54:35:063 (00011580) > [Render] 		HDR: No (Color Space: DXGI_COLOR_SPACE_RGB_FULL_G22_NONE_P709)
19:54:35:063 (00011580) > [Render] 		Luminance: Min=0.3037 Max=301.8492 MaxFullFrame=243.0556
19:54:35:063 (00011580) > [Render] ******************************************
19:54:35:063 (00011580) > [Render] 
19:54:35:176 (00011580) > [NxApp] RAY TRACING ENABLED: Ray Tracing Tier 1.1 support detected
19:54:35:201 (00011580) > [D3D] Max supported feature level: 11.0
19:54:35:201 (00011580) > [Render] Disabled D3D12 experimentals
19:54:35:294 (00011580) > [Render] VMEM Budget: 7270 MB
19:54:35:294 (00011580) > [Render] VMEM Avaialbe: 7246 MB
19:54:35:294 (00011580) > [Render] GPU node count: 1
19:54:35:314 (00011580) > [NxApp] PreInit successful.
19:54:35:914 (00011580) > [NxUpscaler] DLSS init, code = 0x00000001, info: NVSDK_NGX_Result_Success
19:54:35:914 (00011580) > [NxUpscaler] DLSS allocate params, code = 0x00000001, info: NVSDK_NGX_Result_Success
19:54:35:955 (00011580) > [NxUpscaler] XeSS init, code = 0
19:54:35:956 (00011580) > [NxApp] Querying GPU Driver Info...
19:54:35:956 (00011580) > [NxApp] Enumerating available display adapters:
19:54:35:963 (00011580) > [NxApp] 		AMD Radeon(TM) Graphics
19:54:35:963 (00011580) > [NxApp] 		NVIDIA GeForce RTX 3060 Ti (active)
19:54:35:963 (00011580) > [NxApp] Successfully found GPU Driver Info
19:54:37:902 (00011580) > [NxApp] Querying GPU Driver Info...
19:54:37:902 (00011580) > [NxApp] Enumerating available display adapters:
19:54:37:911 (00011580) > [NxApp] 		AMD Radeon(TM) Graphics
19:54:37:911 (00011580) > [NxApp] 		NVIDIA GeForce RTX 3060 Ti (active)
19:54:37:911 (00011580) > [NxApp] Successfully found GPU Driver Info
19:54:37:911 (00011580) > [NxApp] Driver Desc: NVIDIA GeForce RTX 3060 Ti
19:54:37:911 (00011580) > [NxApp] Driver Version: 536.67
19:54:37:911 (00011580) > [**************************************************Display + Graphics Settings**************************************************] 
19:54:37:911 (00011580) > [Settings] DirectX Version: 12
19:54:37:911 (00011580) > [Settings] Window mode: Fullscreen
19:54:37:911 (00011580) > [Settings] Fullscreen display mode:
19:54:37:911 (00011580) > [Settings] 	Displaying on monitor: 0
19:54:37:911 (00011580) > [Settings] 	Resolution: 2560x1080
19:54:37:911 (00011580) > [Settings] 	HDR: Off
19:54:37:911 (00011580) > [Settings] 	OS reported Refresh rate: 144
19:54:37:911 (00011580) > [Settings] 	VSync: On
19:54:37:911 (00011580) > [Settings] 	Reflex: Low Latency
19:54:37:911 (00011580) > [Settings] 	DLSSG: False
19:54:37:911 (00011580) > [Settings] 	Resolution modifier 1.000000
19:54:37:911 (00011580) > [Settings] 	Dynamic resolution FPS target: 0
19:54:37:911 (00011580) > [Settings] Anti aliasing: TAA

19:54:37:911 (00011580) > [Settings] Upscale method: None

19:54:37:911 (00011580) > [Settings] Upscale quality: Balanced

19:54:37:911 (00011580) > [Settings] Upscale sharpen value: 1.000000

19:54:37:911 (00011580) > [Settings] Graphics Options:
19:54:37:911 (00011580) > [Settings] 	RT Reflections: Off
19:54:37:911 (00011580) > [Settings] 	RT Shadows: Off
19:54:37:911 (00011580) > [Settings] 	Texture Quality: Ultra
19:54:37:911 (00011580) > [Settings] 	Texture Filtering: Anisotropic16x
19:54:37:911 (00011580) > [Settings] 	Shadow Quality: Medium
19:54:37:911 (00011580) > [Settings] 	Depth of Field: Off
19:54:37:911 (00011580) > [Settings] 	Level of Detail: High
19:54:37:911 (00011580) > [Settings] 	Vehicle Detail: Lowest
19:54:37:911 (00011580) > [Settings] 	Crowd Detail: Lowest
19:54:37:911 (00011580) > [Settings] 	Hair Quality: High
19:54:37:911 (00011580) > [Settings] 	Ambient Occlusion: SSAO
19:54:37:911 (00011580) > [Settings] 	Screen Space Reflections: Normal
19:54:37:911 (00011580) > [Settings] 	Particle Lighting: Medium

19:54:37:911 (00011580) > [Settings] 	Bloom: On
19:54:37:911 (00011580) > [Settings] 	Vignette: Off
19:54:37:911 (00011580) > [Settings] 	Chromatic Aberration: Off
19:54:37:911 (00011580) > [Settings] 	Motion Blur: 0.001000
19:54:37:911 (00011580) > [Settings] 	FOV Correction: 1.200000
19:54:37:911 (00011580) > [Settings] 	Film Grain Strength: 0.001000
19:54:37:911 (00011580) > [Settings] 	Sharpness: 1.000000
19:54:37:911 (00011580) > [Settings] 	Lens Flares: On
19:54:37:911 (00011580) > [Settings] 	Screen Effects: On
19:54:37:911 (00011580) > [**************************************************Display + Graphics Settings**************************************************] 
19:54:37:911 (00011580) > [NxApp] Creating window...
19:54:37:914 (00007036) > [GameWindow] UpdateState bVisible true
19:54:37:930 (00007036) > [Input] Keyboard language: "English (United States)" (id: 1033)
19:54:37:931 (00007036) > [Input] Keyboard physical layout: "US" (id: 00000409)
19:54:37:931 (00007036) > [Input] Joystick            "Controller (XBOX 360 For Windows)"   product 654 vendor 1118 version 0 usage 5 usagePage 1 xinput yes
19:54:37:931 (00007036) > [Input] Human Input Device  ""   product 2508 vendor 1356 version 0 usage 5 usagePage 1
19:54:37:931 (00007036) > [Input] Joystick            ""   product 4172 vendor 1008 version 0 usage 1 usagePage 12 xinput no
19:54:37:931 (00007036) > [Input] Joystick            ""   product 4172 vendor 1008 version 0 usage 1 usagePage 65285 xinput no
19:54:37:931 (00007036) > [Input] Joystick            ""   product 4172 vendor 1008 version 0 usage 1 usagePage 65285 xinput no
19:54:37:931 (00007036) > [Input] Joystick            ""   product 64112 vendor 9639 version 768 usage 0 usagePage 65281 xinput no
19:54:37:931 (00007036) > [Input] Joystick            ""   product 64112 vendor 9639 version 768 usage 1 usagePage 12 xinput no
19:54:37:931 (00007036) > [Input] Joystick            ""   product 6575 vendor 2821 version 256 usage 161 usagePage 65394 xinput no
19:54:37:931 (00007036) > [Input] Mouse               "HID-compliant mouse"   id 256 buttons 8 sampleRate 0 horizontalWheel no
19:54:37:931 (00007036) > [Input] Mouse               "HID-compliant mouse"   id 256 buttons 5 sampleRate 0 horizontalWheel no
19:54:37:931 (00007036) > [Input] Keyboard            "HID Keyboard Device"   type 81 subType 0 mode 1 function 12 indicators 3 total 264
19:54:37:931 (00007036) > [Input] Keyboard            "HID Keyboard Device"   type 81 subType 0 mode 1 function 12 indicators 3 total 264
19:54:37:931 (00007036) > [Input] Keyboard            "HID Keyboard Device"   type 81 subType 0 mode 1 function 12 indicators 3 total 56
19:54:37:931 (00007036) > [Input] Keyboard            "HID Keyboard Device"   type 81 subType 0 mode 1 function 12 indicators 3 total 56
19:54:37:931 (00007036) > [Input] Keyboard            "HID Keyboard Device"   type 81 subType 0 mode 1 function 12 indicators 3 total 56
19:54:37:936 (00007036) > [Input] Using LibScePad
19:54:37:938 (00007036) > [Input] Gamepads connected: 0 -> 1
19:54:37:938 (00007036) > [Input] Gamepad for main player: 8
19:54:37:939 (00007036) > [XInput] Enumerating available xusb hid devices:

19:54:37:939 (00007036) > [Xinput] Found device: {745A17A0-74D3-11D0-B6FE-00A0C90F57DA}(USB\VID_045E&PID_028E&IG_00),USB Input Device 
	USB\VID_045E&PID_028E&IG_00\2&DEE0F28&0&00

19:54:37:941 (00007036) > [Xinput] Found device: {D61CA365-5AF4-4486-998B-9DB4734C6CA3}(USB\VID_045E&PID_028E),Xbox 360 Controller for Windows 
	USB\VID_045E&PID_028E\01

19:54:37:943 (00011580) > [NxApp] Window created.
19:54:37:943 (00011580) > [NxApp] Initializing swapchain...
19:54:37:943 (00027140) > [SwapChain] Creating...
19:54:37:943 (00027140) > [NxSwapChainImpl] Swapchain native backbuffer (windows) resolution: 2560x1080
19:54:37:947 (00027140) > [DXGI] Created swapchain.
19:54:37:949 (00007036) > [Input] new Windows.Gaming.Input raw-controller found 54c 9cc

19:54:37:954 (00007036) > [Input] new Windows.Gaming.Input raw-controller found 45e 28e

19:54:37:960 (00027140) > [SwapChain] Gamma correction is enabled.
19:54:37:961 (00027140) > [SwapChain] Successfully created.
19:54:37:961 (00027140) > [NxSwapChainImpl] Swapchain native backbuffer (windows) resolution: 2560x1080
19:54:37:961 (00011580) > [NxApp] Swapchain initialized
19:54:37:961 (00011580) > [NxApp] Initializing renderer...
19:54:37:961 (00011580) > [NxApp] Renderer initialized
19:54:37:961 (00011580) > [NxProcessorInfo] Custom affinity 0 selected.
19:54:37:961 (00011580) > [NxProcessorInfo] Processor info:
19:54:37:961 (00011580) > [NxProcessorInfo] 	Physical Core:     	6
19:54:37:961 (00011580) > [NxProcessorInfo] 	Logical  Core:     	12
19:54:37:961 (00011580) > [NxProcessorInfo] 	Distinct L3 Cache: 	1
19:54:37:961 (00011580) > [NxProcessorInfo] 	Family:            	25
19:54:37:961 (00011580) > [NxProcessorInfo] 	Model:             	97
19:54:37:961 (00011580) > [NxProcessorInfo] 	Name:              	AMD Ryzen 5 7600X 6-Core Processor             
19:54:37:961 (00011580) > [NxProcessorInfo] AMD Ryzen 7000 series and later special cases
19:54:37:993 (00011580) > [Render] File cache.pso contains 9942 pipelines and 0 duplicates
19:54:37:993 (00011580) > [Render] File C:\Users\<username>\AppData\Roaming\Insomniac Games\Marvel's Spider-Man Miles Morales\\cache.pso contains 17 pipelines and 0 duplicates
19:54:37:993 (00011580) > [Render] Support for Shader Model 6.6: Yes
19:54:37:993 (00011580) > [Render] Is UMA: No Is Cache Coherent: No
19:54:37:993 (00011580) > [Render] Using Cpu Buffer Optimize: No
19:54:39:574 (00002972) > [Audio] Device (re)initialized 0x0 'Headphones (2- boAt Stone 650)'
19:54:40:539 (00015300) > [PSN] AuthenticationRequest: 400
19:54:40:796 (00025288) > [Save] Request type 3 failed with code 0x00000002
19:54:40:831 (00025288) > [Save] Request type 3 failed with code 0x00000002
19:54:40:839 (00011580) > [Save] Request load save type 0, control 128, target -1
19:54:40:856 (00025288) > [Save] Request type 3 failed with code 0x00000002
19:54:40:899 (00011580) > [Save] Request load save type 0, control 128, target -1
19:54:40:902 (00025288) > [Save] Request type 3 failed with code 0x00000002
19:54:40:924 (00011580) > [Save] Request load save type 0, control 128, target -1
19:54:40:932 (00025288) > [Save] Request type 3 failed with code 0x00000002
19:54:40:947 (00011580) > [Input] Windows.Gaming.Input controller connected. index: 0
19:54:40:947 (00011580) > [Input] Windows.Gaming.Input controller connected. index: 1
19:54:40:947 (00011580) > [Input] Gamepads connected: 1 -> 3
19:54:40:947 (00011580) > [Input] Gamepad for main player: 0
19:54:40:961 (00011580) > [Input] XInput disabled, disconnecting controller. index: 0
19:54:40:961 (00011580) > [Input] Gamepads connected: 3 -> 2
19:54:40:961 (00011580) > [Input] Gamepad for main player: 0
19:54:40:962 (00011580) > [Save] Request load save type 0, control 128, target -1
19:54:40:998 (00025288) > [Save] Request type 3 failed with code 0x00000002
19:54:41:046 (00011580) > [Save] Request load save type 0, control 128, target -1
19:54:41:071 (00025288) > [Save] Request type 3 failed with code 0x00000002
19:54:41:116 (00011580) > [Save] Request load save type 0, control 128, target -1
19:54:48:955 (00011580) > [Input] Gamepad for main player: 1
19:54:50:420 (00011580) > [Save] Request load save type 0, control 128, target -1
19:54:50:454 (00002972) > [Audio] Device removed 0x0
19:54:50:467 (00002972) > [Audio] Device (re)initialized 0x0 'Headphones (2- boAt Stone 650)'
19:55:22:156 (00027140) > [NxSwapChainImpl] Swapchain native backbuffer (windows) resolution: 2560x1080
19:55:22:156 (00024636) > [Settings] New display settings are:
19:55:22:156 (00024636) > [**************************************************Display + Graphics Settings**************************************************] 
19:55:22:156 (00024636) > [Settings] DirectX Version: 12
19:55:22:156 (00024636) > [Settings] Window mode: Fullscreen
19:55:22:156 (00024636) > [Settings] Fullscreen display mode:
19:55:22:156 (00024636) > [Settings] 	Displaying on monitor: 0
19:55:22:156 (00024636) > [Settings] 	Resolution: 2560x1080
19:55:22:156 (00024636) > [Settings] 	HDR: Off
19:55:22:156 (00024636) > [Settings] 	OS reported Refresh rate: 144
19:55:22:156 (00024636) > [Settings] 	VSync: On
19:55:22:156 (00024636) > [Settings] 	Reflex: Low Latency
19:55:22:156 (00024636) > [Settings] 	DLSSG: False
19:55:22:156 (00024636) > [Settings] 	Resolution modifier 1.000000
19:55:22:156 (00024636) > [Settings] 	Dynamic resolution FPS target: 0
19:55:22:156 (00024636) > [Settings] Anti aliasing: TAA

19:55:22:156 (00024636) > [Settings] Upscale method: None

19:55:22:156 (00024636) > [Settings] Upscale quality: Balanced

19:55:22:156 (00024636) > [Settings] Upscale sharpen value: 1.000000

19:55:22:156 (00024636) > [Settings] Graphics Options:
19:55:22:156 (00024636) > [Settings] 	RT Reflections: On
19:55:22:156 (00024636) > [Settings] 		RT Reflection Resolution: High
19:55:22:156 (00024636) > [Settings] 		RT Geometry Detail: High
19:55:22:156 (00024636) > [Settings] 		RT Object Scale: 0.600000
19:55:22:156 (00024636) > [Settings] 	RT Shadows: Off
19:55:22:156 (00024636) > [Settings] 	Texture Quality: Ultra
19:55:22:156 (00024636) > [Settings] 	Texture Filtering: Anisotropic16x
19:55:22:156 (00024636) > [Settings] 	Shadow Quality: Medium
19:55:22:156 (00024636) > [Settings] 	Depth of Field: Off
19:55:22:156 (00024636) > [Settings] 	Level of Detail: High
19:55:22:156 (00024636) > [Settings] 	Vehicle Detail: Lowest
19:55:22:156 (00024636) > [Settings] 	Crowd Detail: Lowest
19:55:22:156 (00024636) > [Settings] 	Hair Quality: High
19:55:22:156 (00024636) > [Settings] 	Ambient Occlusion: SSAO
19:55:22:156 (00024636) > [Settings] 	Screen Space Reflections: Normal
19:55:22:156 (00024636) > [Settings] 	Particle Lighting: Medium

19:55:22:156 (00024636) > [Settings] 	Bloom: On
19:55:22:156 (00024636) > [Settings] 	Vignette: Off
19:55:22:156 (00024636) > [Settings] 	Chromatic Aberration: Off
19:55:22:156 (00024636) > [Settings] 	Motion Blur: 0.001000
19:55:22:156 (00024636) > [Settings] 	FOV Correction: 1.200000
19:55:22:156 (00024636) > [Settings] 	Film Grain Strength: 0.001000
19:55:22:156 (00024636) > [Settings] 	Sharpness: 1.000000
19:55:22:156 (00024636) > [Settings] 	Lens Flares: On
19:55:22:156 (00024636) > [Settings] 	Screen Effects: On
19:55:22:156 (00024636) > [**************************************************Display + Graphics Settings**************************************************] 
19:55:22:156 (00024636) > [Settings] End of settings.
19:55:22:156 (00024636) > [NxApp (Render Thread)] Finished enforcing display settings
19:55:22:157 (00011580) > [NxApp] Finished enforcing display settings
19:55:23:494 (00011580) > [Save] Request save type 0, control 0
19:55:23:494 (00011580) > [Save] Request save type 0, control 0
19:55:39:290 (00003812) > [Render] Working set: 5549MB Page file: 15165MB Video Budget: 7108MB Video Usage: 6724MB Sys Budget: 15177MB Sys Usage: 777MB Tex Usage: 2715MB Tex Budget: 3874MB BVH heaps: 592MB BVH size: 579MB Demoted: 0MB fps: 61.050003
19:56:39:293 (00003812) > [Render] Working set: 6718MB Page file: 16429MB Video Budget: 7105MB Video Usage: 6875MB Sys Budget: 15177MB Sys Usage: 1746MB Tex Usage: 3744MB Tex Budget: 3874MB BVH heaps: 608MB BVH size: 579MB Demoted: 967MB fps: 63.766670
19:57:00:191 (00011580) > [Save] Request save type 0, control 36
19:57:00:381 (00002972) > [Audio] Device removed 0x0
19:57:00:393 (00002972) > [Audio] Device (re)initialized 0x0 'Headphones (2- boAt Stone 650)'
19:57:00:437 (00002972) > [Audio] Device removed 0x0
19:57:00:448 (00002972) > [Audio] Device (re)initialized 0x0 'Headphones (2- boAt Stone 650)'
19:57:09:285 (00011580) > [Save] Request load save type 0, control 128, target -1
19:57:09:318 (00002972) > [Audio] Device removed 0x0
19:57:09:336 (00002972) > [Audio] Device (re)initialized 0x0 'Headphones (2- boAt Stone 650)'
19:57:18:159 (00011580) > [App] Quit requested from menu
19:57:18:651 (00002972) > [Audio] Device removed 0x0
19:57:18:768 (00011580) > [NxApp] Destroying
19:57:18:858 (00011580) > [DXGI] Destroyed swapchain.
19:57:18:859 (00011580) > [SwapChain] Destroyed.
19:57:18:859 (00011580) > [SwapChain] Released.
19:57:18:859 (00011580) > [Render] Unloading NVAPI
19:57:18:859 (00011580) > [Render] Done unloading NVAPI
19:57:18:859 (00011580) > [Render] Unloading ADL...
19:57:18:859 (00011580) > [Render] Done unloading ADL
19:57:18:859 (00011580) > [DXGI] Destroyed swapchain.
19:57:18:859 (00011580) > [DXGI] Released.
--- NIXXES log closed ---
