00:42:33:577 (00009988) > [Startup] Ratchet & Clank: Rift Apart
00:42:33:577 (00009988) > [Startup] ==============
00:42:33:577 (00009988) > [Startup] 
00:42:33:577 (00009988) > [Startup] Build: v1.831.0.0
00:42:33:577 (00009988) > [Startup] Windows 11.0 (build 22621)
00:42:33:577 (00009988) > [Startup] Distribution platform: Steam
00:42:33:577 (00009988) > [Startup] Game directory: E:\PC Folders\Documents\Ratchet & Clank - Rift Apart\
00:42:33:577 (00009988) > [Startup] Working directory: E:\Video Games\PC\Games\Others\Ratchet and Clank Rift Apart
00:42:33:577 (00009988) > [Startup] Run ID: 0A80-EB04-F1DC-017D
00:42:33:577 (00009988) > [Startup] 
00:42:33:577 (00009988) > [Startup] Memory statistics:
00:42:33:577 (00009988) > [Startup]   Total RAM = 31.1 GB (31891 MB)
00:42:33:577 (00009988) > [Startup]   Avail RAM = 24.4 GB (24938 MB)
00:42:33:577 (00009988) > [Startup]   Total virtual memory = 131072.0 GB (134217727 MB)
00:42:33:577 (00009988) > [Startup]   Avail virtual memory = 131067.7 GB (134213357 MB)
00:42:33:577 (00009988) > [Startup]   Total page file = 35.6 GB (36499 MB)
00:42:33:577 (00009988) > [Startup]   Avail page file = 24.5 GB (25132 MB)
00:42:33:577 (00009988) > [Startup] 
00:42:33:595 (00009988) > [Steam] Initializing.
00:42:33:595 (00009988) > [Steam] Successfully initialized.
00:42:33:595 (00009988) > [Steam] Currently connected to 0 remote sessions
00:42:33:632 (00009988) > [NxApp] PreInit
00:42:33:632 (00009988) > [SwapChain] Initializing...
00:42:33:632 (00009988) > [DXGI] Initializing...
00:42:34:230 (00009988) > [NxApp] Streamline was successfully initialized.
00:42:34:230 (00009988) > [DXGI] Successfully initialized.
00:42:34:230 (00009988) > [Render] Enumerating adapters:
00:42:34:230 (00009988) > [Render] 	Adapter 0:
00:42:34:230 (00009988) > [Monitor] 		Description             : NVIDIA GeForce RTX 3060 Ti
00:42:34:230 (00009988) > [Monitor] 		Vendor                  : nVidia (10de)
00:42:34:230 (00009988) > [Monitor] 		Device                  : 2489
00:42:34:230 (00009988) > [Monitor] 		Sub system              : 40971458
00:42:34:230 (00009988) > [Monitor] 		Revision                : 161
00:42:34:230 (00009988) > [Monitor] 		Dedicated Video Memory  : 8038 MB
00:42:34:230 (00009988) > [Monitor] 		Dedicated System Memory : 0000 MB
00:42:34:230 (00009988) > [Monitor] 		Shared System Memory    : 15945 MB
00:42:34:230 (00009988) > [Monitor] 
00:42:34:230 (00009988) > [Render] Loading NVAPI...
00:42:34:230 (00009988) > [Render] Done loading NVAPI
00:42:34:231 (00009988) > [Render] 	Adapter 1:
00:42:34:231 (00009988) > [Monitor] 		Description             : AMD Radeon(TM) Graphics
00:42:34:231 (00009988) > [Monitor] 		Vendor                  : AMD (1002)
00:42:34:231 (00009988) > [Monitor] 		Device                  : 164e
00:42:34:231 (00009988) > [Monitor] 		Sub system              : 164e1002
00:42:34:231 (00009988) > [Monitor] 		Revision                : 199
00:42:34:231 (00009988) > [Monitor] 		Dedicated Video Memory  : 0485 MB
00:42:34:231 (00009988) > [Monitor] 		Dedicated System Memory : 0000 MB
00:42:34:231 (00009988) > [Monitor] 		Shared System Memory    : 15945 MB
00:42:34:231 (00009988) > [Monitor] 
00:42:34:231 (00009988) > [Render] Loading ADL...
00:42:34:245 (00009988) > [Render] AGS init succeeded
00:42:34:245 (00009988) > [Render] AGS Radeon Software Version: 22.40.46
00:42:34:245 (00009988) > [Render] Done loading ADL and AGS
00:42:34:245 (00009988) > [Render] 	Adapter 2:
00:42:34:245 (00009988) > [Monitor] 		Description             : Microsoft Basic Render Driver
00:42:34:245 (00009988) > [Monitor] 		Vendor                  : Unknown (1414)
00:42:34:245 (00009988) > [Monitor] 		Device                  : 8c
00:42:34:245 (00009988) > [Monitor] 		Sub system              : 0
00:42:34:245 (00009988) > [Monitor] 		Revision                : 0
00:42:34:245 (00009988) > [Monitor] 		Dedicated Video Memory  : 0000 MB
00:42:34:245 (00009988) > [Monitor] 		Dedicated System Memory : 0000 MB
00:42:34:245 (00009988) > [Monitor] 		Shared System Memory    : 15945 MB
00:42:34:245 (00009988) > [Monitor] 
00:42:34:245 (00009988) > [Render] Enumerating monitors:
00:42:34:245 (00009988) > [Render] 	Monitor 0: handle = 0000000000010001, aspect = 2.39, rounded aspect = 2.39
00:42:34:245 (00009988) > [Render] 
00:42:34:245 (00009988) > [Render] 	Monitor handle = 0000000000010001, pixel aspect ratio = 0.99
00:42:34:245 (00009988) > [SwapChain] Successfully initialized.
00:42:34:245 (00009988) > [Render] Enumerating Display Modes:
00:42:34:246 (00009988) > [Render] Querying ADL for Eyefinity modes
00:42:34:246 (00009988) > [Render] Querying NVAPI for Surround modes
00:42:34:311 (00009988) > [Render] NvAPI_Mosaic_GetDisplayViewportsByResolution() - no surround modes detected
00:42:34:311 (00009988) > [Render] 	Monitor '1 (NVIDIA GeForce RTX 3060 Ti(1))' (0000000000010001): rect(0 2560 0 1080)
00:42:34:311 (00009988) > [Render] 		- Mode  0 :  800 x  600 @  75 Hz, stereo = 0, hdr = 0 exclusive = 0
00:42:34:311 (00009988) > [Render] 		- Mode  1 :  800 x  600 @ 100 Hz, stereo = 0, hdr = 0 exclusive = 0
00:42:34:311 (00009988) > [Render] 		- Mode  2 :  800 x  600 @ 100 Hz, stereo = 0, hdr = 0 exclusive = 0
00:42:34:311 (00009988) > [Render] 		- Mode  3 :  800 x  600 @ 120 Hz, stereo = 0, hdr = 0 exclusive = 0
00:42:34:311 (00009988) > [Render] 		- Mode  4 :  800 x  600 @ 120 Hz, stereo = 0, hdr = 0 exclusive = 0
00:42:34:311 (00009988) > [Render] 		- Mode  5 :  800 x  600 @  60 Hz, stereo = 0, hdr = 0 exclusive = 0
00:42:34:311 (00009988) > [Render] 		- Mode  6 :  800 x  600 @ 120 Hz, stereo = 0, hdr = 0 exclusive = 0
00:42:34:311 (00009988) > [Render] 		- Mode  7 :  800 x  600 @ 120 Hz, stereo = 0, hdr = 0 exclusive = 0
00:42:34:311 (00009988) > [Render] 		- Mode  8 :  800 x  600 @ 144 Hz, stereo = 0, hdr = 0 exclusive = 0
00:42:34:311 (00009988) > [Render] 		- Mode  9 :  800 x  600 @ 144 Hz, stereo = 0, hdr = 0 exclusive = 0
00:42:34:311 (00009988) > [Render] 		- Mode 10 : 1024 x  768 @ 100 Hz, stereo = 0, hdr = 0 exclusive = 0
00:42:34:311 (00009988) > [Render] 		- Mode 11 : 1024 x  768 @ 100 Hz, stereo = 0, hdr = 0 exclusive = 0
00:42:34:311 (00009988) > [Render] 		- Mode 12 : 1024 x  768 @  60 Hz, stereo = 0, hdr = 0 exclusive = 0
00:42:34:311 (00009988) > [Render] 		- Mode 13 : 1024 x  768 @  75 Hz, stereo = 0, hdr = 0 exclusive = 0
00:42:34:311 (00009988) > [Render] 		- Mode 14 : 1024 x  768 @ 120 Hz, stereo = 0, hdr = 0 exclusive = 0
00:42:34:311 (00009988) > [Render] 		- Mode 15 : 1024 x  768 @ 120 Hz, stereo = 0, hdr = 0 exclusive = 0
00:42:34:311 (00009988) > [Render] 		- Mode 16 : 1024 x  768 @ 120 Hz, stereo = 0, hdr = 0 exclusive = 0
00:42:34:311 (00009988) > [Render] 		- Mode 17 : 1024 x  768 @ 144 Hz, stereo = 0, hdr = 0 exclusive = 0
00:42:34:311 (00009988) > [Render] 		- Mode 18 : 1024 x  768 @ 144 Hz, stereo = 0, hdr = 0 exclusive = 0
00:42:34:311 (00009988) > [Render] 		- Mode 19 : 1152 x  864 @ 100 Hz, stereo = 0, hdr = 0 exclusive = 0
00:42:34:311 (00009988) > [Render] 		- Mode 20 : 1152 x  864 @ 100 Hz, stereo = 0, hdr = 0 exclusive = 0
00:42:34:311 (00009988) > [Render] 		- Mode 21 : 1152 x  864 @ 120 Hz, stereo = 0, hdr = 0 exclusive = 0
00:42:34:311 (00009988) > [Render] 		- Mode 22 : 1152 x  864 @ 120 Hz, stereo = 0, hdr = 0 exclusive = 0
00:42:34:311 (00009988) > [Render] 		- Mode 23 : 1152 x  864 @ 120 Hz, stereo = 0, hdr = 0 exclusive = 0
00:42:34:311 (00009988) > [Render] 		- Mode 24 : 1152 x  864 @ 144 Hz, stereo = 0, hdr = 0 exclusive = 0
00:42:34:311 (00009988) > [Render] 		- Mode 25 : 1152 x  864 @ 144 Hz, stereo = 0, hdr = 0 exclusive = 0
00:42:34:311 (00009988) > [Render] 		- Mode 26 : 1176 x  664 @  60 Hz, stereo = 0, hdr = 0 exclusive = 0
00:42:34:311 (00009988) > [Render] 		- Mode 27 : 1176 x  664 @  60 Hz, stereo = 0, hdr = 0 exclusive = 0
00:42:34:311 (00009988) > [Render] 		- Mode 28 : 1176 x  664 @  60 Hz, stereo = 0, hdr = 0 exclusive = 0
00:42:34:311 (00009988) > [Render] 		- Mode 29 : 1176 x  664 @  60 Hz, stereo = 0, hdr = 0 exclusive = 0
00:42:34:311 (00009988) > [Render] 		- Mode 30 : 1280 x  720 @  60 Hz, stereo = 0, hdr = 0 exclusive = 0
00:42:34:311 (00009988) > [Render] 		- Mode 31 : 1280 x  720 @ 100 Hz, stereo = 0, hdr = 0 exclusive = 0
00:42:34:311 (00009988) > [Render] 		- Mode 32 : 1280 x  720 @ 120 Hz, stereo = 0, hdr = 0 exclusive = 0
00:42:34:311 (00009988) > [Render] 		- Mode 33 : 1280 x  720 @  60 Hz, stereo = 0, hdr = 0 exclusive = 0
00:42:34:311 (00009988) > [Render] 		- Mode 34 : 1280 x  720 @ 120 Hz, stereo = 0, hdr = 0 exclusive = 0
00:42:34:311 (00009988) > [Render] 		- Mode 35 : 1280 x  720 @ 144 Hz, stereo = 0, hdr = 0 exclusive = 0
00:42:34:311 (00009988) > [Render] 		- Mode 36 : 1280 x  720 @ 144 Hz, stereo = 0, hdr = 0 exclusive = 0
00:42:34:311 (00009988) > [Render] 		- Mode 37 : 1280 x  768 @ 100 Hz, stereo = 0, hdr = 0 exclusive = 0
00:42:34:311 (00009988) > [Render] 		- Mode 38 : 1280 x  768 @ 100 Hz, stereo = 0, hdr = 0 exclusive = 0
00:42:34:311 (00009988) > [Render] 		- Mode 39 : 1280 x  768 @ 120 Hz, stereo = 0, hdr = 0 exclusive = 0
00:42:34:311 (00009988) > [Render] 		- Mode 40 : 1280 x  768 @ 120 Hz, stereo = 0, hdr = 0 exclusive = 0
00:42:34:311 (00009988) > [Render] 		- Mode 41 : 1280 x  768 @ 120 Hz, stereo = 0, hdr = 0 exclusive = 0
00:42:34:311 (00009988) > [Render] 		- Mode 42 : 1280 x  768 @ 120 Hz, stereo = 0, hdr = 0 exclusive = 0
00:42:34:311 (00009988) > [Render] 		- Mode 43 : 1280 x  768 @ 144 Hz, stereo = 0, hdr = 0 exclusive = 0
00:42:34:311 (00009988) > [Render] 		- Mode 44 : 1280 x  768 @ 144 Hz, stereo = 0, hdr = 0 exclusive = 0
00:42:34:311 (00009988) > [Render] 		- Mode 45 : 1280 x  800 @ 100 Hz, stereo = 0, hdr = 0 exclusive = 0
00:42:34:311 (00009988) > [Render] 		- Mode 46 : 1280 x  800 @ 100 Hz, stereo = 0, hdr = 0 exclusive = 0
00:42:34:311 (00009988) > [Render] 		- Mode 47 : 1280 x  800 @ 120 Hz, stereo = 0, hdr = 0 exclusive = 0
00:42:34:311 (00009988) > [Render] 		- Mode 48 : 1280 x  800 @ 120 Hz, stereo = 0, hdr = 0 exclusive = 0
00:42:34:311 (00009988) > [Render] 		- Mode 49 : 1280 x  800 @ 120 Hz, stereo = 0, hdr = 0 exclusive = 0
00:42:34:311 (00009988) > [Render] 		- Mode 50 : 1280 x  800 @ 120 Hz, stereo = 0, hdr = 0 exclusive = 0
00:42:34:311 (00009988) > [Render] 		- Mode 51 : 1280 x  800 @ 144 Hz, stereo = 0, hdr = 0 exclusive = 0
00:42:34:311 (00009988) > [Render] 		- Mode 52 : 1280 x  800 @ 144 Hz, stereo = 0, hdr = 0 exclusive = 0
00:42:34:311 (00009988) > [Render] 		- Mode 53 : 1280 x  960 @ 100 Hz, stereo = 0, hdr = 0 exclusive = 0
00:42:34:311 (00009988) > [Render] 		- Mode 54 : 1280 x  960 @ 100 Hz, stereo = 0, hdr = 0 exclusive = 0
00:42:34:311 (00009988) > [Render] 		- Mode 55 : 1280 x  960 @  75 Hz, stereo = 0, hdr = 0 exclusive = 0
00:42:34:311 (00009988) > [Render] 		- Mode 56 : 1280 x  960 @  75 Hz, stereo = 0, hdr = 0 exclusive = 0
00:42:34:311 (00009988) > [Render] 		- Mode 57 : 1280 x  960 @ 120 Hz, stereo = 0, hdr = 0 exclusive = 0
00:42:34:311 (00009988) > [Render] 		- Mode 58 : 1280 x  960 @ 120 Hz, stereo = 0, hdr = 0 exclusive = 0
00:42:34:311 (00009988) > [Render] 		- Mode 59 : 1280 x  960 @ 120 Hz, stereo = 0, hdr = 0 exclusive = 0
00:42:34:311 (00009988) > [Render] 		- Mode 60 : 1280 x  960 @ 120 Hz, stereo = 0, hdr = 0 exclusive = 0
00:42:34:311 (00009988) > [Render] 		- Mode 61 : 1280 x  960 @ 144 Hz, stereo = 0, hdr = 0 exclusive = 0
00:42:34:311 (00009988) > [Render] 		- Mode 62 : 1280 x  960 @ 144 Hz, stereo = 0, hdr = 0 exclusive = 0
00:42:34:311 (00009988) > [Render] 		- Mode 63 : 1280 x 1024 @ 100 Hz, stereo = 0, hdr = 0 exclusive = 0
00:42:34:311 (00009988) > [Render] 		- Mode 64 : 1280 x 1024 @ 100 Hz, stereo = 0, hdr = 0 exclusive = 0
00:42:34:311 (00009988) > [Render] 		- Mode 65 : 1280 x 1024 @  75 Hz, stereo = 0, hdr = 0 exclusive = 0
00:42:34:311 (00009988) > [Render] 		- Mode 66 : 1280 x 1024 @ 120 Hz, stereo = 0, hdr = 0 exclusive = 0
00:42:34:311 (00009988) > [Render] 		- Mode 67 : 1280 x 1024 @ 120 Hz, stereo = 0, hdr = 0 exclusive = 0
00:42:34:311 (00009988) > [Render] 		- Mode 68 : 1280 x 1024 @ 120 Hz, stereo = 0, hdr = 0 exclusive = 0
00:42:34:311 (00009988) > [Render] 		- Mode 69 : 1280 x 1024 @ 144 Hz, stereo = 0, hdr = 0 exclusive = 0
00:42:34:311 (00009988) > [Render] 		- Mode 70 : 1280 x 1024 @ 144 Hz, stereo = 0, hdr = 0 exclusive = 0
00:42:34:311 (00009988) > [Render] 		- Mode 71 : 1360 x  768 @ 100 Hz, stereo = 0, hdr = 0 exclusive = 0
00:42:34:311 (00009988) > [Render] 		- Mode 72 : 1360 x  768 @ 100 Hz, stereo = 0, hdr = 0 exclusive = 0
00:42:34:311 (00009988) > [Render] 		- Mode 73 : 1360 x  768 @ 120 Hz, stereo = 0, hdr = 0 exclusive = 0
00:42:34:311 (00009988) > [Render] 		- Mode 74 : 1360 x  768 @ 120 Hz, stereo = 0, hdr = 0 exclusive = 0
00:42:34:311 (00009988) > [Render] 		- Mode 75 : 1360 x  768 @ 120 Hz, stereo = 0, hdr = 0 exclusive = 0
00:42:34:311 (00009988) > [Render] 		- Mode 76 : 1360 x  768 @ 120 Hz, stereo = 0, hdr = 0 exclusive = 0
00:42:34:311 (00009988) > [Render] 		- Mode 77 : 1360 x  768 @ 144 Hz, stereo = 0, hdr = 0 exclusive = 0
00:42:34:311 (00009988) > [Render] 		- Mode 78 : 1360 x  768 @ 144 Hz, stereo = 0, hdr = 0 exclusive = 0
00:42:34:311 (00009988) > [Render] 		- Mode 79 : 1366 x  768 @ 100 Hz, stereo = 0, hdr = 0 exclusive = 0
00:42:34:311 (00009988) > [Render] 		- Mode 80 : 1366 x  768 @ 100 Hz, stereo = 0, hdr = 0 exclusive = 0
00:42:34:311 (00009988) > [Render] 		- Mode 81 : 1366 x  768 @ 120 Hz, stereo = 0, hdr = 0 exclusive = 0
00:42:34:311 (00009988) > [Render] 		- Mode 82 : 1366 x  768 @ 120 Hz, stereo = 0, hdr = 0 exclusive = 0
00:42:34:311 (00009988) > [Render] 		- Mode 83 : 1366 x  768 @ 120 Hz, stereo = 0, hdr = 0 exclusive = 0
00:42:34:311 (00009988) > [Render] 		- Mode 84 : 1366 x  768 @ 120 Hz, stereo = 0, hdr = 0 exclusive = 0
00:42:34:311 (00009988) > [Render] 		- Mode 85 : 1366 x  768 @ 144 Hz, stereo = 0, hdr = 0 exclusive = 0
00:42:34:311 (00009988) > [Render] 		- Mode 86 : 1366 x  768 @ 144 Hz, stereo = 0, hdr = 0 exclusive = 0
00:42:34:311 (00009988) > [Render] 		- Mode 87 : 1440 x 1080 @  60 Hz, stereo = 0, hdr = 0 exclusive = 0
00:42:34:311 (00009988) > [Render] 		- Mode 88 : 1440 x 1080 @  60 Hz, stereo = 0, hdr = 0 exclusive = 0
00:42:34:311 (00009988) > [Render] 		- Mode 89 : 1440 x 1080 @ 100 Hz, stereo = 0, hdr = 0 exclusive = 0
00:42:34:311 (00009988) > [Render] 		- Mode 90 : 1440 x 1080 @ 100 Hz, stereo = 0, hdr = 0 exclusive = 0
00:42:34:311 (00009988) > [Render] 		- Mode 91 : 1440 x 1080 @ 120 Hz, stereo = 0, hdr = 0 exclusive = 0
00:42:34:311 (00009988) > [Render] 		- Mode 92 : 1440 x 1080 @ 120 Hz, stereo = 0, hdr = 0 exclusive = 0
00:42:34:311 (00009988) > [Render] 		- Mode 93 : 1440 x 1080 @  60 Hz, stereo = 0, hdr = 0 exclusive = 0
00:42:34:311 (00009988) > [Render] 		- Mode 94 : 1440 x 1080 @  60 Hz, stereo = 0, hdr = 0 exclusive = 0
00:42:34:311 (00009988) > [Render] 		- Mode 95 : 1440 x 1080 @  75 Hz, stereo = 0, hdr = 0 exclusive = 0
00:42:34:311 (00009988) > [Render] 		- Mode 96 : 1440 x 1080 @  75 Hz, stereo = 0, hdr = 0 exclusive = 0
00:42:34:311 (00009988) > [Render] 		- Mode 97 : 1440 x 1080 @ 120 Hz, stereo = 0, hdr = 0 exclusive = 0
00:42:34:311 (00009988) > [Render] 		- Mode 98 : 1440 x 1080 @ 120 Hz, stereo = 0, hdr = 0 exclusive = 0
00:42:34:311 (00009988) > [Render] 		- Mode 99 : 1440 x 1080 @ 144 Hz, stereo = 0, hdr = 0 exclusive = 0
00:42:34:311 (00009988) > [Render] 		- Mode 100 : 1440 x 1080 @ 144 Hz, stereo = 0, hdr = 0 exclusive = 0
00:42:34:311 (00009988) > [Render] 		- Mode 101 : 1600 x  900 @ 100 Hz, stereo = 0, hdr = 0 exclusive = 0
00:42:34:311 (00009988) > [Render] 		- Mode 102 : 1600 x  900 @ 100 Hz, stereo = 0, hdr = 0 exclusive = 0
00:42:34:311 (00009988) > [Render] 		- Mode 103 : 1600 x  900 @ 120 Hz, stereo = 0, hdr = 0 exclusive = 0
00:42:34:311 (00009988) > [Render] 		- Mode 104 : 1600 x  900 @ 120 Hz, stereo = 0, hdr = 0 exclusive = 0
00:42:34:311 (00009988) > [Render] 		- Mode 105 : 1600 x  900 @ 120 Hz, stereo = 0, hdr = 0 exclusive = 0
00:42:34:311 (00009988) > [Render] 		- Mode 106 : 1600 x  900 @ 144 Hz, stereo = 0, hdr = 0 exclusive = 0
00:42:34:311 (00009988) > [Render] 		- Mode 107 : 1600 x  900 @ 144 Hz, stereo = 0, hdr = 0 exclusive = 0
00:42:34:311 (00009988) > [Render] 		- Mode 108 : 1600 x 1024 @  60 Hz, stereo = 0, hdr = 0 exclusive = 0
00:42:34:311 (00009988) > [Render] 		- Mode 109 : 1600 x 1024 @  60 Hz, stereo = 0, hdr = 0 exclusive = 0
00:42:34:311 (00009988) > [Render] 		- Mode 110 : 1600 x 1024 @ 100 Hz, stereo = 0, hdr = 0 exclusive = 0
00:42:34:311 (00009988) > [Render] 		- Mode 111 : 1600 x 1024 @ 100 Hz, stereo = 0, hdr = 0 exclusive = 0
00:42:34:311 (00009988) > [Render] 		- Mode 112 : 1600 x 1024 @ 120 Hz, stereo = 0, hdr = 0 exclusive = 0
00:42:34:311 (00009988) > [Render] 		- Mode 113 : 1600 x 1024 @ 120 Hz, stereo = 0, hdr = 0 exclusive = 0
00:42:34:311 (00009988) > [Render] 		- Mode 114 : 1600 x 1024 @  60 Hz, stereo = 0, hdr = 0 exclusive = 0
00:42:34:311 (00009988) > [Render] 		- Mode 115 : 1600 x 1024 @  60 Hz, stereo = 0, hdr = 0 exclusive = 0
00:42:34:311 (00009988) > [Render] 		- Mode 116 : 1600 x 1024 @  75 Hz, stereo = 0, hdr = 0 exclusive = 0
00:42:34:311 (00009988) > [Render] 		- Mode 117 : 1600 x 1024 @  75 Hz, stereo = 0, hdr = 0 exclusive = 0
00:42:34:311 (00009988) > [Render] 		- Mode 118 : 1600 x 1024 @ 120 Hz, stereo = 0, hdr = 0 exclusive = 0
00:42:34:311 (00009988) > [Render] 		- Mode 119 : 1600 x 1024 @ 120 Hz, stereo = 0, hdr = 0 exclusive = 0
00:42:34:311 (00009988) > [Render] 		- Mode 120 : 1600 x 1024 @ 144 Hz, stereo = 0, hdr = 0 exclusive = 0
00:42:34:311 (00009988) > [Render] 		- Mode 121 : 1600 x 1024 @ 144 Hz, stereo = 0, hdr = 0 exclusive = 0
00:42:34:311 (00009988) > [Render] 		- Mode 122 : 1680 x 1050 @  60 Hz, stereo = 0, hdr = 0 exclusive = 0
00:42:34:311 (00009988) > [Render] 		- Mode 123 : 1680 x 1050 @  60 Hz, stereo = 0, hdr = 0 exclusive = 0
00:42:34:311 (00009988) > [Render] 		- Mode 124 : 1680 x 1050 @ 100 Hz, stereo = 0, hdr = 0 exclusive = 0
00:42:34:311 (00009988) > [Render] 		- Mode 125 : 1680 x 1050 @ 100 Hz, stereo = 0, hdr = 0 exclusive = 0
00:42:34:311 (00009988) > [Render] 		- Mode 126 : 1680 x 1050 @ 120 Hz, stereo = 0, hdr = 0 exclusive = 0
00:42:34:311 (00009988) > [Render] 		- Mode 127 : 1680 x 1050 @ 120 Hz, stereo = 0, hdr = 0 exclusive = 0
00:42:34:311 (00009988) > [Render] 		- Mode 128 : 1680 x 1050 @  60 Hz, stereo = 0, hdr = 0 exclusive = 0
00:42:34:311 (00009988) > [Render] 		- Mode 129 : 1680 x 1050 @  60 Hz, stereo = 0, hdr = 0 exclusive = 0
00:42:34:311 (00009988) > [Render] 		- Mode 130 : 1680 x 1050 @  75 Hz, stereo = 0, hdr = 0 exclusive = 0
00:42:34:311 (00009988) > [Render] 		- Mode 131 : 1680 x 1050 @  75 Hz, stereo = 0, hdr = 0 exclusive = 0
00:42:34:311 (00009988) > [Render] 		- Mode 132 : 1680 x 1050 @ 120 Hz, stereo = 0, hdr = 0 exclusive = 0
00:42:34:311 (00009988) > [Render] 		- Mode 133 : 1680 x 1050 @ 120 Hz, stereo = 0, hdr = 0 exclusive = 0
00:42:34:311 (00009988) > [Render] 		- Mode 134 : 1680 x 1050 @ 144 Hz, stereo = 0, hdr = 0 exclusive = 0
00:42:34:311 (00009988) > [Render] 		- Mode 135 : 1680 x 1050 @ 144 Hz, stereo = 0, hdr = 0 exclusive = 0
00:42:34:311 (00009988) > [Render] 		- Mode 136 : 1920 x 1080 @  60 Hz, stereo = 0, hdr = 0 exclusive = 0
00:42:34:311 (00009988) > [Render] 		- Mode 137 : 1920 x 1080 @ 100 Hz, stereo = 0, hdr = 0 exclusive = 0
00:42:34:311 (00009988) > [Render] 		- Mode 138 : 1920 x 1080 @ 120 Hz, stereo = 0, hdr = 0 exclusive = 0
00:42:34:311 (00009988) > [Render] 		- Mode 139 : 1920 x 1080 @  60 Hz, stereo = 0, hdr = 0 exclusive = 0
00:42:34:311 (00009988) > [Render] 		- Mode 140 : 1920 x 1080 @  75 Hz, stereo = 0, hdr = 0 exclusive = 0
00:42:34:311 (00009988) > [Render] 		- Mode 141 : 1920 x 1080 @ 120 Hz, stereo = 0, hdr = 0 exclusive = 0
00:42:34:311 (00009988) > [Render] 		- Mode 142 : 1920 x 1080 @ 144 Hz, stereo = 0, hdr = 0 exclusive = 0
00:42:34:311 (00009988) > [Render] 		- Mode 143 : 1920 x 1080 @ 144 Hz, stereo = 0, hdr = 0 exclusive = 0
00:42:34:311 (00009988) > [Render] 		- Mode 144 : 2560 x 1080 @ 100 Hz, stereo = 0, hdr = 0 exclusive = 0
00:42:34:311 (00009988) > [Render] 		- Mode 145 : 2560 x 1080 @ 120 Hz, stereo = 0, hdr = 0 exclusive = 0
00:42:34:311 (00009988) > [Render] 		- Mode 146 : 2560 x 1080 @ 143 Hz, stereo = 0, hdr = 0 exclusive = 0
00:42:34:311 (00009988) > [Render] 		- Mode 147 : 2560 x 1080 @  60 Hz, stereo = 0, hdr = 0 exclusive = 0
00:42:34:311 (00009988) > [Render] 		- Mode 148 : 2560 x 1080 @  60 Hz, stereo = 0, hdr = 0 exclusive = 0
00:42:34:311 (00009988) > [Render] 		- Mode 149 : 2560 x 1080 @  75 Hz, stereo = 0, hdr = 0 exclusive = 0
00:42:34:311 (00009988) > [Render] 		- Mode 150 : 2560 x 1080 @ 120 Hz, stereo = 0, hdr = 0 exclusive = 0
00:42:34:311 (00009988) > [Render] 		- Mode 151 : 2560 x 1080 @ 144 Hz, stereo = 0, hdr = 0 exclusive = 0
00:42:34:311 (00009988) > [Render] 		- Mode 152 :  800 x  600 @  75 Hz, stereo = 0, hdr = 1 exclusive = 0
00:42:34:311 (00009988) > [Render] 		- Mode 153 :  800 x  600 @ 100 Hz, stereo = 0, hdr = 1 exclusive = 0
00:42:34:311 (00009988) > [Render] 		- Mode 154 :  800 x  600 @ 120 Hz, stereo = 0, hdr = 1 exclusive = 0
00:42:34:311 (00009988) > [Render] 		- Mode 155 :  800 x  600 @  60 Hz, stereo = 0, hdr = 1 exclusive = 0
00:42:34:311 (00009988) > [Render] 		- Mode 156 :  800 x  600 @ 144 Hz, stereo = 0, hdr = 1 exclusive = 0
00:42:34:311 (00009988) > [Render] 		- Mode 157 : 1024 x  768 @ 100 Hz, stereo = 0, hdr = 1 exclusive = 0
00:42:34:311 (00009988) > [Render] 		- Mode 158 : 1024 x  768 @  60 Hz, stereo = 0, hdr = 1 exclusive = 0
00:42:34:311 (00009988) > [Render] 		- Mode 159 : 1024 x  768 @  75 Hz, stereo = 0, hdr = 1 exclusive = 0
00:42:34:311 (00009988) > [Render] 		- Mode 160 : 1024 x  768 @ 120 Hz, stereo = 0, hdr = 1 exclusive = 0
00:42:34:311 (00009988) > [Render] 		- Mode 161 : 1024 x  768 @ 144 Hz, stereo = 0, hdr = 1 exclusive = 0
00:42:34:311 (00009988) > [Render] 		- Mode 162 : 1152 x  864 @ 100 Hz, stereo = 0, hdr = 1 exclusive = 0
00:42:34:311 (00009988) > [Render] 		- Mode 163 : 1152 x  864 @ 120 Hz, stereo = 0, hdr = 1 exclusive = 0
00:42:34:311 (00009988) > [Render] 		- Mode 164 : 1152 x  864 @ 144 Hz, stereo = 0, hdr = 1 exclusive = 0
00:42:34:311 (00009988) > [Render] 		- Mode 165 : 1176 x  664 @  60 Hz, stereo = 0, hdr = 1 exclusive = 0
00:42:34:311 (00009988) > [Render] 		- Mode 166 : 1280 x  720 @  60 Hz, stereo = 0, hdr = 1 exclusive = 0
00:42:34:311 (00009988) > [Render] 		- Mode 167 : 1280 x  720 @ 100 Hz, stereo = 0, hdr = 1 exclusive = 0
00:42:34:311 (00009988) > [Render] 		- Mode 168 : 1280 x  720 @ 120 Hz, stereo = 0, hdr = 1 exclusive = 0
00:42:34:311 (00009988) > [Render] 		- Mode 169 : 1280 x  720 @ 144 Hz, stereo = 0, hdr = 1 exclusive = 0
00:42:34:311 (00009988) > [Render] 		- Mode 170 : 1280 x  768 @ 100 Hz, stereo = 0, hdr = 1 exclusive = 0
00:42:34:311 (00009988) > [Render] 		- Mode 171 : 1280 x  768 @ 120 Hz, stereo = 0, hdr = 1 exclusive = 0
00:42:34:311 (00009988) > [Render] 		- Mode 172 : 1280 x  768 @ 144 Hz, stereo = 0, hdr = 1 exclusive = 0
00:42:34:311 (00009988) > [Render] 		- Mode 173 : 1280 x  800 @ 100 Hz, stereo = 0, hdr = 1 exclusive = 0
00:42:34:311 (00009988) > [Render] 		- Mode 174 : 1280 x  800 @ 120 Hz, stereo = 0, hdr = 1 exclusive = 0
00:42:34:311 (00009988) > [Render] 		- Mode 175 : 1280 x  800 @ 144 Hz, stereo = 0, hdr = 1 exclusive = 0
00:42:34:311 (00009988) > [Render] 		- Mode 176 : 1280 x  960 @ 100 Hz, stereo = 0, hdr = 1 exclusive = 0
00:42:34:311 (00009988) > [Render] 		- Mode 177 : 1280 x  960 @  75 Hz, stereo = 0, hdr = 1 exclusive = 0
00:42:34:311 (00009988) > [Render] 		- Mode 178 : 1280 x  960 @ 120 Hz, stereo = 0, hdr = 1 exclusive = 0
00:42:34:311 (00009988) > [Render] 		- Mode 179 : 1280 x  960 @ 144 Hz, stereo = 0, hdr = 1 exclusive = 0
00:42:34:311 (00009988) > [Render] 		- Mode 180 : 1280 x 1024 @ 100 Hz, stereo = 0, hdr = 1 exclusive = 0
00:42:34:311 (00009988) > [Render] 		- Mode 181 : 1280 x 1024 @  75 Hz, stereo = 0, hdr = 1 exclusive = 0
00:42:34:311 (00009988) > [Render] 		- Mode 182 : 1280 x 1024 @ 120 Hz, stereo = 0, hdr = 1 exclusive = 0
00:42:34:311 (00009988) > [Render] 		- Mode 183 : 1280 x 1024 @ 144 Hz, stereo = 0, hdr = 1 exclusive = 0
00:42:34:311 (00009988) > [Render] 		- Mode 184 : 1360 x  768 @ 100 Hz, stereo = 0, hdr = 1 exclusive = 0
00:42:34:311 (00009988) > [Render] 		- Mode 185 : 1360 x  768 @ 120 Hz, stereo = 0, hdr = 1 exclusive = 0
00:42:34:311 (00009988) > [Render] 		- Mode 186 : 1360 x  768 @ 144 Hz, stereo = 0, hdr = 1 exclusive = 0
00:42:34:311 (00009988) > [Render] 		- Mode 187 : 1366 x  768 @ 100 Hz, stereo = 0, hdr = 1 exclusive = 0
00:42:34:311 (00009988) > [Render] 		- Mode 188 : 1366 x  768 @ 120 Hz, stereo = 0, hdr = 1 exclusive = 0
00:42:34:311 (00009988) > [Render] 		- Mode 189 : 1366 x  768 @ 144 Hz, stereo = 0, hdr = 1 exclusive = 0
00:42:34:311 (00009988) > [Render] 		- Mode 190 : 1440 x 1080 @  60 Hz, stereo = 0, hdr = 1 exclusive = 0
00:42:34:311 (00009988) > [Render] 		- Mode 191 : 1440 x 1080 @ 100 Hz, stereo = 0, hdr = 1 exclusive = 0
00:42:34:311 (00009988) > [Render] 		- Mode 192 : 1440 x 1080 @ 120 Hz, stereo = 0, hdr = 1 exclusive = 0
00:42:34:311 (00009988) > [Render] 		- Mode 193 : 1440 x 1080 @  75 Hz, stereo = 0, hdr = 1 exclusive = 0
00:42:34:311 (00009988) > [Render] 		- Mode 194 : 1440 x 1080 @ 144 Hz, stereo = 0, hdr = 1 exclusive = 0
00:42:34:311 (00009988) > [Render] 		- Mode 195 : 1600 x  900 @ 100 Hz, stereo = 0, hdr = 1 exclusive = 0
00:42:34:311 (00009988) > [Render] 		- Mode 196 : 1600 x  900 @ 120 Hz, stereo = 0, hdr = 1 exclusive = 0
00:42:34:311 (00009988) > [Render] 		- Mode 197 : 1600 x  900 @ 144 Hz, stereo = 0, hdr = 1 exclusive = 0
00:42:34:311 (00009988) > [Render] 		- Mode 198 : 1600 x 1024 @  60 Hz, stereo = 0, hdr = 1 exclusive = 0
00:42:34:311 (00009988) > [Render] 		- Mode 199 : 1600 x 1024 @ 100 Hz, stereo = 0, hdr = 1 exclusive = 0
00:42:34:311 (00009988) > [Render] 		- Mode 200 : 1600 x 1024 @ 120 Hz, stereo = 0, hdr = 1 exclusive = 0
00:42:34:311 (00009988) > [Render] 		- Mode 201 : 1600 x 1024 @  75 Hz, stereo = 0, hdr = 1 exclusive = 0
00:42:34:311 (00009988) > [Render] 		- Mode 202 : 1600 x 1024 @ 144 Hz, stereo = 0, hdr = 1 exclusive = 0
00:42:34:311 (00009988) > [Render] 		- Mode 203 : 1680 x 1050 @  60 Hz, stereo = 0, hdr = 1 exclusive = 0
00:42:34:311 (00009988) > [Render] 		- Mode 204 : 1680 x 1050 @ 100 Hz, stereo = 0, hdr = 1 exclusive = 0
00:42:34:311 (00009988) > [Render] 		- Mode 205 : 1680 x 1050 @ 120 Hz, stereo = 0, hdr = 1 exclusive = 0
00:42:34:311 (00009988) > [Render] 		- Mode 206 : 1680 x 1050 @  75 Hz, stereo = 0, hdr = 1 exclusive = 0
00:42:34:311 (00009988) > [Render] 		- Mode 207 : 1680 x 1050 @ 144 Hz, stereo = 0, hdr = 1 exclusive = 0
00:42:34:311 (00009988) > [Render] 		- Mode 208 : 1920 x 1080 @  60 Hz, stereo = 0, hdr = 1 exclusive = 0
00:42:34:311 (00009988) > [Render] 		- Mode 209 : 1920 x 1080 @ 100 Hz, stereo = 0, hdr = 1 exclusive = 0
00:42:34:311 (00009988) > [Render] 		- Mode 210 : 1920 x 1080 @ 120 Hz, stereo = 0, hdr = 1 exclusive = 0
00:42:34:311 (00009988) > [Render] 		- Mode 211 : 1920 x 1080 @  75 Hz, stereo = 0, hdr = 1 exclusive = 0
00:42:34:311 (00009988) > [Render] 		- Mode 212 : 1920 x 1080 @ 144 Hz, stereo = 0, hdr = 1 exclusive = 0
00:42:34:311 (00009988) > [Render] 		- Mode 213 : 2560 x 1080 @ 100 Hz, stereo = 0, hdr = 1 exclusive = 0
00:42:34:311 (00009988) > [Render] 		- Mode 214 : 2560 x 1080 @ 120 Hz, stereo = 0, hdr = 1 exclusive = 0
00:42:34:311 (00009988) > [Render] 		- Mode 215 : 2560 x 1080 @ 143 Hz, stereo = 0, hdr = 1 exclusive = 0
00:42:34:311 (00009988) > [Render] 		- Mode 216 : 2560 x 1080 @  60 Hz, stereo = 0, hdr = 1 exclusive = 0
00:42:34:311 (00009988) > [Render] 		- Mode 217 : 2560 x 1080 @  75 Hz, stereo = 0, hdr = 1 exclusive = 0
00:42:34:311 (00009988) > [Render] 		- Mode 218 : 2560 x 1080 @ 144 Hz, stereo = 0, hdr = 1 exclusive = 0
00:42:34:311 (00009988) > [Render] ***** Additional Monitor Output Info *****
00:42:34:311 (00009988) > [Render] 		BitsPerColor: 10
00:42:34:311 (00009988) > [Render] 		Primaries: R=0.6514;0.3320  G=0.3066;0.6309  B=0.1504;0.0596  White-Point=0.3135;0.3291
00:42:34:311 (00009988) > [Render] 		HDR: Yes (Color Space: DXGI_COLOR_SPACE_RGB_FULL_G2084_NONE_P2020)
00:42:34:311 (00009988) > [Render] 		Luminance: Min=0.0549 Max=300.0000 MaxFullFrame=300.0000
00:42:34:311 (00009988) > [Render] ******************************************
00:42:34:311 (00009988) > [Render] 
00:42:34:431 (00009988) > [NxApp] RAY TRACING ENABLED: Ray Tracing Tier 1.1 support detected
00:42:34:454 (00009988) > [NxReflex] Reflex support result:Result::eOk
00:42:34:454 (00009988) > [NxReflex] DLSSG support result:Result::eErrorNoSupportedAdapterFound
00:42:34:454 (00009988) > [NxApp] Querying GPU Driver Info...
00:42:34:454 (00009988) > [NxApp] Enumerating available display adapters:
00:42:34:461 (00009988) > [NxApp] 		AMD Radeon(TM) Graphics
00:42:34:461 (00009988) > [NxApp] 		NVIDIA GeForce RTX 3060 Ti (active)
00:42:34:461 (00009988) > [NxApp] Successfully found GPU Driver Info
00:42:34:462 (00009988) > [D3D] Max supported feature level: 11.0
00:42:34:462 (00009988) > [Render] Disabled D3D12 experimentals
00:42:34:547 (00009988) > [Render] VMEM Budget: 7270 MB
00:42:34:547 (00009988) > [Render] VMEM Avaialbe: 7246 MB
00:42:34:884 (00009988) > [Render] GPU node count: 1
00:42:34:904 (00009988) > [NxApp] PreInit successful.
00:42:34:904 (00009988) > [NxUpscaler] SL DLSS support: Result::eOk
00:42:34:943 (00009988) > [NxUpscaler] XeSS init, code = 0
00:42:36:855 (00009988) > [NxReflex] Reflex support result:Result::eOk
00:42:36:855 (00009988) > [NxReflex] DLSSG support result:Result::eErrorNoSupportedAdapterFound
00:42:36:855 (00009988) > [NxApp] Driver Desc: NVIDIA GeForce RTX 3060 Ti
00:42:36:855 (00009988) > [NxApp] Driver Version: 537.13
00:42:36:855 (00009988) > [**************************************************Display + Graphics Settings**************************************************] 
00:42:36:855 (00009988) > [Settings] DirectX Version: 12
00:42:36:855 (00009988) > [Settings] Window mode: Fullscreen
00:42:36:855 (00009988) > [Settings] Fullscreen display mode:
00:42:36:855 (00009988) > [Settings] 	Displaying on monitor: 0
00:42:36:855 (00009988) > [Settings] 	Resolution: 2560x1080
00:42:36:855 (00009988) > [Settings] 	HDR: On
00:42:36:855 (00009988) > [Settings] 	HDR max luminance :300.893005 nits
00:42:36:855 (00009988) > [Settings] 	HDR paper white :200.000000 nits
00:42:36:855 (00009988) > [Settings] 	OS reported Refresh rate: 144
00:42:36:855 (00009988) > [Settings] 	VSync: Off
00:42:36:855 (00009988) > [Settings] 	Reflex: Off
00:42:36:855 (00009988) > [Settings] 	DLSSG: False
00:42:36:855 (00009988) > [Settings] 	Resolution modifier 1.000000
00:42:36:855 (00009988) > [Settings] 	Dynamic resolution FPS target: 0
00:42:36:855 (00009988) > [Settings] Anti aliasing: TAA

00:42:36:855 (00009988) > [Settings] Upscale method: DLSS

00:42:36:855 (00009988) > [Settings] Upscale quality: Quality

00:42:36:855 (00009988) > [Settings] Upscale sharpen value: 0.500000

00:42:36:855 (00009988) > [Settings] Graphics Options:
00:42:36:855 (00009988) > [Settings] 	RT Reflections: High
00:42:36:855 (00009988) > [Settings] 	RT Shadows: Off
00:42:36:855 (00009988) > [Settings] 	RT Ambient Occlusion: Medium
00:42:36:855 (00009988) > [Settings] 		RT Object Scale: 0.600000
00:42:36:855 (00009988) > [Settings] 	Texture Quality: High
00:42:36:855 (00009988) > [Settings] 	Texture Filtering: Anisotropic4x
00:42:36:855 (00009988) > [Settings] 	Shadow Quality: High
00:42:36:855 (00009988) > [Settings] 	Depth of Field: Off
00:42:36:855 (00009988) > [Settings] 	Level of Detail: Medium
00:42:36:855 (00009988) > [Settings] 	Vehicle Detail: Medium
00:42:36:855 (00009988) > [Settings] 	Hair Quality: Medium
00:42:36:855 (00009988) > [Settings] 	Ambient Occlusion: XeGTAO
00:42:36:855 (00009988) > [Settings] 	Screen Space Reflections: Normal
00:42:36:855 (00009988) > [Settings] 	Particle Lighting: Medium

00:42:36:855 (00009988) > [Settings] 	Bloom: On
00:42:36:855 (00009988) > [Settings] 	Vignette: Off
00:42:36:855 (00009988) > [Settings] 	Chromatic Aberration: Off
00:42:36:855 (00009988) > [Settings] 	Motion Blur: 0.001000
00:42:36:855 (00009988) > [Settings] 	FOV Correction: 1.200000
00:42:36:855 (00009988) > [Settings] 	Film Grain Strength: 0.001000
00:42:36:855 (00009988) > [Settings] 	Sharpness: 1.000000
00:42:36:855 (00009988) > [Settings] 	Lens Flares: On
00:42:36:855 (00009988) > [Settings] 	Screen Effects: On
00:42:36:855 (00009988) > [Settings] 	Screen Shake: On
00:42:36:855 (00009988) > [Settings] 	Phantom Dash Effect: On
00:42:36:855 (00009988) > [**************************************************Display + Graphics Settings**************************************************] 
00:42:36:855 (00009988) > [NxApp] Creating window...
00:42:36:858 (00010152) > [GameWindow] UpdateState bVisible true
00:42:36:869 (00010152) > [Input] Keyboard language: "English (United States)" (id: 1033)
00:42:36:869 (00010152) > [Input] Keyboard physical layout: "US" (id: 00000409)
00:42:36:869 (00010152) > [Input] Human Input Device  ""   product 3302 vendor 1356 version 0 usage 5 usagePage 1
00:42:36:869 (00010152) > [Input] Joystick            ""   product 4172 vendor 1008 version 0 usage 1 usagePage 12 xinput no
00:42:36:869 (00010152) > [Input] Joystick            ""   product 64112 vendor 9639 version 768 usage 0 usagePage 65281 xinput no
00:42:36:869 (00010152) > [Input] Joystick            ""   product 4172 vendor 1008 version 0 usage 1 usagePage 65285 xinput no
00:42:36:870 (00010152) > [Input] Joystick            ""   product 4172 vendor 1008 version 0 usage 1 usagePage 65285 xinput no
00:42:36:870 (00010152) > [Input] Joystick            ""   product 6575 vendor 2821 version 256 usage 161 usagePage 65394 xinput no
00:42:36:870 (00010152) > [Input] Joystick            ""   product 64112 vendor 9639 version 768 usage 1 usagePage 12 xinput no
00:42:36:870 (00010152) > [Input] Keyboard            "HID Keyboard Device"   type 81 subType 0 mode 1 function 12 indicators 3 total 264
00:42:36:870 (00010152) > [Input] Keyboard            "HID Keyboard Device"   type 81 subType 0 mode 1 function 12 indicators 3 total 264
00:42:36:870 (00010152) > [Input] Keyboard            "HID Keyboard Device"   type 81 subType 0 mode 1 function 12 indicators 3 total 56
00:42:36:870 (00010152) > [Input] Keyboard            "HID Keyboard Device"   type 81 subType 0 mode 1 function 12 indicators 3 total 56
00:42:36:870 (00010152) > [Input] Keyboard            "HID Keyboard Device"   type 81 subType 0 mode 1 function 12 indicators 3 total 56
00:42:36:870 (00010152) > [Input] Mouse               "HID-compliant mouse"   id 256 buttons 8 sampleRate 0 horizontalWheel no
00:42:36:870 (00010152) > [Input] Mouse               "HID-compliant mouse"   id 256 buttons 5 sampleRate 0 horizontalWheel no
00:42:36:873 (00010152) > [Input] Using LibScePad
00:42:36:874 (00010152) > [XInput] Enumerating available xusb hid devices:

00:42:36:878 (00009988) > [NxApp] Window created.
00:42:36:878 (00009988) > [NxApp] Initializing swapchain...
00:42:36:878 (00015528) > [SwapChain] Creating...
00:42:36:878 (00015528) > [NxSwapChainImpl] Swapchain native backbuffer (windows) resolution: 2560x1080
00:42:36:882 (00015528) > [DXGI] Created swapchain.
00:42:36:887 (00010152) > [Input] new Windows.Gaming.Input raw-controller found 54c ce6 {wgi/nrid/>ccAJ1-gGL-fH[i>-V?n>-o2f49`G-P]7Z\-d0} HID-compliant game controller

00:42:36:892 (00015528) > [SwapChain] Gamma correction is enabled.
00:42:36:892 (00015528) > [SwapChain] Successfully created.
00:42:36:892 (00015528) > [NxSwapChainImpl] Swapchain native backbuffer (windows) resolution: 2560x1080
00:42:36:893 (00009988) > [NxApp] Swapchain initialized
00:42:36:893 (00009988) > [NxApp] Initializing renderer...
00:42:36:893 (00009988) > [NxApp] Renderer initialized
00:42:36:893 (00009988) > [NxProcessorInfo] Processor info:
00:42:36:893 (00009988) > [NxProcessorInfo] 	Description:             	AMD Ryzen 5 7600X 6-Core Processor             
00:42:36:893 (00009988) > [NxProcessorInfo] 	Physical Core Count:     	6
00:42:36:893 (00009988) > [NxProcessorInfo] 	Logical  Core Count:     	12
00:42:36:893 (00009988) > [NxProcessorInfo] 	Distinct L3 Cache Count: 	1
00:42:36:893 (00009988) > [NxProcessorInfo] Custom affinity 0 selected.
00:42:36:893 (00009988) > [NxProcessorInfo] AMD Threading Logic
00:42:36:893 (00009988) > [NxStorage] Detected device at 'E:\Video Games\PC\Games\Others\Ratchet and Clank Rift Apart', name 'Samsung SSD 980 PRO 1TB', SSD: Yes, NVMe: Yes
00:42:36:893 (00009988) > [NxStorage] Graphics device supports GPU decompression
00:42:36:951 (00009988) > [NxStorage] DirectStorage initialization succeeded
00:42:37:116 (00009988) > [Render] File cache.pso contains 71677 pipelines and 0 duplicates
00:42:37:117 (00009988) > [Render] File C:\Users\<username>\AppData\Roaming\Insomniac Games\Ratchet & Clank - Rift Apart\\cache.pso contains 272 pipelines and 0 duplicates
00:42:37:117 (00009988) > [Render] Support for Shader Model 6.6: Yes
00:42:37:117 (00009988) > [Render] Is UMA: No Is Cache Coherent: No
00:42:37:117 (00009988) > [Render] Using Cpu Buffer Optimize: Yes
00:42:37:637 (00016320) > [D3D] device->GetD3D12Device()->CreateGraphicsPipelineState(&desc, __uuidof(**(&pso)), IID_PPV_ARGS_Helper(&pso)) failed with HRESULT 2147942487 (0x80070057)
00:42:38:229 (00016320) > [D3D] device->GetD3D12Device()->CreateGraphicsPipelineState(&desc, __uuidof(**(&pso)), IID_PPV_ARGS_Helper(&pso)) failed with HRESULT 2147942487 (0x80070057)
00:42:38:334 (00016320) > [D3D] device->GetD3D12Device()->CreateGraphicsPipelineState(&desc, __uuidof(**(&pso)), IID_PPV_ARGS_Helper(&pso)) failed with HRESULT 2147942487 (0x80070057)
00:42:40:237 (00009988) > [NRD] NRD using Streamline is not supported, falling back to NRD using NRI
00:42:40:240 (00009988) > [Input] Windows.Gaming.Input controller connected. index: 0
00:42:40:240 (00009988) > [Input] Sce controller connected. handle: 257
00:42:40:273 (00009988) > [Input] Sce-Controller version: 307  May 18 202209:33:22
00:42:40:285 (00009988) > [Audio] Sce-Controller HID\{00001124-0000-1000-8000-00805f9b34fb}_VID&0002054c_PID&0ce6 with handle 257 doesn't support audio
00:42:40:285 (00009988) > [Input] Gamepads connected: 0 -> 2
00:42:40:285 (00009988) > [Input] Gamepad for main player: 0
00:42:40:288 (00017752) > [Save] Request type 3 failed with code 0x00000002
00:42:40:290 (00009988) > [Input] Windows.Gaming.Input controller disconnected, ignoring PS4 controller. index: 0
00:42:40:290 (00009988) > [Input] Gamepads connected: 2 -> 1
00:42:40:290 (00009988) > [Input] Gamepad for main player: 12
00:42:41:295 (00014208) > [PSN] AuthenticationRequest: 400
00:42:41:448 (00017752) > [Save] Request type 3 failed with code 0x00000002
00:42:41:464 (00003948) > [Audio] Device (re)initialized 0xe13bee79 'Headphones (2- boAt Stone 650)'
00:42:41:542 (00022824) > [D3D] device->GetD3D12Device()->CreateGraphicsPipelineState(&desc, __uuidof(**(&pso)), IID_PPV_ARGS_Helper(&pso)) failed with HRESULT 2147942487 (0x80070057)
00:42:41:584 (00019996) > [D3D] device->GetD3D12Device()->CreateGraphicsPipelineState(&desc, __uuidof(**(&pso)), IID_PPV_ARGS_Helper(&pso)) failed with HRESULT 2147942487 (0x80070057)
00:42:41:777 (00017604) > [D3D] device->GetD3D12Device()->CreateGraphicsPipelineState(&desc, __uuidof(**(&pso)), IID_PPV_ARGS_Helper(&pso)) failed with HRESULT 2147942487 (0x80070057)
00:42:41:790 (00016320) > [D3D] device->GetD3D12Device()->CreateGraphicsPipelineState(&desc, __uuidof(**(&pso)), IID_PPV_ARGS_Helper(&pso)) failed with HRESULT 2147942487 (0x80070057)
00:42:42:335 (00022824) > [D3D] device->GetD3D12Device()->CreateGraphicsPipelineState(&desc, __uuidof(**(&pso)), IID_PPV_ARGS_Helper(&pso)) failed with HRESULT 2147942487 (0x80070057)
00:42:42:401 (00016320) > [D3D] device->GetD3D12Device()->CreateGraphicsPipelineState(&desc, __uuidof(**(&pso)), IID_PPV_ARGS_Helper(&pso)) failed with HRESULT 2147942487 (0x80070057)
00:42:44:085 (00016320) > [D3D] device->GetD3D12Device()->CreateGraphicsPipelineState(&desc, __uuidof(**(&pso)), IID_PPV_ARGS_Helper(&pso)) failed with HRESULT 2147942487 (0x80070057)
00:42:44:150 (00006660) > [D3D] device->GetD3D12Device()->CreateGraphicsPipelineState(&desc, __uuidof(**(&pso)), IID_PPV_ARGS_Helper(&pso)) failed with HRESULT 2147942487 (0x80070057)
00:42:44:155 (00006660) > [D3D] device->GetD3D12Device()->CreateGraphicsPipelineState(&desc, __uuidof(**(&pso)), IID_PPV_ARGS_Helper(&pso)) failed with HRESULT 2147942487 (0x80070057)
00:42:45:151 (00009988) > [Save] Request load save type 0, control 128, target -1
00:42:45:151 (00017752) > [Save] Request type 3 failed with code 0x00000002
00:42:45:155 (00009988) > [Save] Request load save type 0, control 128, target -1
00:42:45:159 (00017752) > [Save] Request type 3 failed with code 0x00000002
00:42:45:163 (00009988) > [Save] Request load save type 0, control 128, target -1
00:42:45:168 (00017752) > [Save] Request type 3 failed with code 0x00000002
00:42:45:171 (00009988) > [Save] Request load save type 0, control 128, target -1
00:42:45:175 (00017752) > [Save] Request type 3 failed with code 0x00000002
00:42:45:180 (00009988) > [Save] Request load save type 0, control 128, target -1
00:42:45:183 (00017752) > [Save] Request type 3 failed with code 0x00000002
00:42:45:187 (00009988) > [Save] Request load save type 0, control 128, target -1
00:42:45:196 (00009988) > [Save] Request load save type 0, control 128, target -1
00:42:45:203 (00009988) > [Save] Request load save type 0, control 128, target -1
00:42:45:208 (00017752) > [Save] Request type 3 failed with code 0x00000002
00:42:46:919 (00009988) > [Sound] Changing sound listening mode: 1
00:42:47:174 (00022824) > [D3D] device->GetD3D12Device()->CreateGraphicsPipelineState(&desc, __uuidof(**(&pso)), IID_PPV_ARGS_Helper(&pso)) failed with HRESULT 2147942487 (0x80070057)
00:42:47:987 (00016320) > [D3D] device->GetD3D12Device()->CreateGraphicsPipelineState(&desc, __uuidof(**(&pso)), IID_PPV_ARGS_Helper(&pso)) failed with HRESULT 2147942487 (0x80070057)
00:42:47:990 (00016320) > [D3D] device->GetD3D12Device()->CreateGraphicsPipelineState(&desc, __uuidof(**(&pso)), IID_PPV_ARGS_Helper(&pso)) failed with HRESULT 2147942487 (0x80070057)
00:42:47:990 (00016320) > [D3D] device->GetD3D12Device()->CreateGraphicsPipelineState(&desc, __uuidof(**(&pso)), IID_PPV_ARGS_Helper(&pso)) failed with HRESULT 2147942487 (0x80070057)
00:42:47:990 (00016320) > [D3D] device->GetD3D12Device()->CreateGraphicsPipelineState(&desc, __uuidof(**(&pso)), IID_PPV_ARGS_Helper(&pso)) failed with HRESULT 2147942487 (0x80070057)
00:42:47:990 (00016320) > [D3D] device->GetD3D12Device()->CreateGraphicsPipelineState(&desc, __uuidof(**(&pso)), IID_PPV_ARGS_Helper(&pso)) failed with HRESULT 2147942487 (0x80070057)
00:42:47:990 (00016320) > [D3D] device->GetD3D12Device()->CreateGraphicsPipelineState(&desc, __uuidof(**(&pso)), IID_PPV_ARGS_Helper(&pso)) failed with HRESULT 2147942487 (0x80070057)
00:42:47:990 (00016320) > [D3D] device->GetD3D12Device()->CreateGraphicsPipelineState(&desc, __uuidof(**(&pso)), IID_PPV_ARGS_Helper(&pso)) failed with HRESULT 2147942487 (0x80070057)
00:42:47:990 (00016320) > [D3D] device->GetD3D12Device()->CreateGraphicsPipelineState(&desc, __uuidof(**(&pso)), IID_PPV_ARGS_Helper(&pso)) failed with HRESULT 2147942487 (0x80070057)
00:42:47:990 (00016320) > [D3D] device->GetD3D12Device()->CreateGraphicsPipelineState(&desc, __uuidof(**(&pso)), IID_PPV_ARGS_Helper(&pso)) failed with HRESULT 2147942487 (0x80070057)
00:42:48:460 (00016320) > [D3D] device->GetD3D12Device()->CreateGraphicsPipelineState(&desc, __uuidof(**(&pso)), IID_PPV_ARGS_Helper(&pso)) failed with HRESULT 2147942487 (0x80070057)
00:42:48:466 (00016320) > [D3D] device->GetD3D12Device()->CreateGraphicsPipelineState(&desc, __uuidof(**(&pso)), IID_PPV_ARGS_Helper(&pso)) failed with HRESULT 2147942487 (0x80070057)
00:42:49:297 (00009988) > [Input] Sce-Controller version: 307  May 18 202209:33:22
00:42:49:307 (00009988) > [Audio] Sce-Controller HID\{00001124-0000-1000-8000-00805f9b34fb}_VID&0002054c_PID&0ce6 with handle 257 doesn't support audio
00:42:49:526 (00009988) > [Save] Request save type 0, control 512
00:42:53:083 (00009988) > [Save] Request load save type 0, control 448, target -1
00:42:55:331 (00009988) > [Save] Request load save type 0, control 64, target 3
00:42:55:373 (00009988) > [Save] Request save type 0, control 0
00:42:56:554 (00009988) > [Save] Request save type 0, control 512
00:43:14:824 (00009988) > [Save] Request save type 0, control 548
00:43:14:957 (00009988) > [Save] Request load save type 0, control 128, target -1
00:43:14:957 (00017752) > [Save] Request type 3 failed with code 0x00000002
00:43:14:959 (00009988) > [Save] Request load save type 0, control 128, target -1
00:43:14:966 (00017752) > [Save] Request type 3 failed with code 0x00000002
00:43:14:970 (00009988) > [Save] Request load save type 0, control 128, target -1
00:43:14:974 (00017752) > [Save] Request type 3 failed with code 0x00000002
00:43:14:979 (00009988) > [Save] Request load save type 0, control 128, target -1
00:43:15:024 (00017752) > [Save] Request type 3 failed with code 0x00000002
00:43:15:028 (00009988) > [Save] Request load save type 0, control 128, target -1
00:43:15:032 (00017752) > [Save] Request type 3 failed with code 0x00000002
00:43:15:036 (00009988) > [Save] Request load save type 0, control 128, target -1
00:43:15:064 (00009988) > [Save] Request load save type 0, control 128, target -1
00:43:15:072 (00009988) > [Save] Request load save type 0, control 128, target -1
00:43:15:075 (00017752) > [Save] Request type 3 failed with code 0x00000002
00:43:15:276 (00006660) > [D3D] device->GetD3D12Device()->CreateGraphicsPipelineState(&desc, __uuidof(**(&pso)), IID_PPV_ARGS_Helper(&pso)) failed with HRESULT 2147942487 (0x80070057)
00:43:16:014 (00019996) > [D3D] device->GetD3D12Device()->CreateGraphicsPipelineState(&desc, __uuidof(**(&pso)), IID_PPV_ARGS_Helper(&pso)) failed with HRESULT 2147942487 (0x80070057)
00:43:16:015 (00019996) > [D3D] device->GetD3D12Device()->CreateGraphicsPipelineState(&desc, __uuidof(**(&pso)), IID_PPV_ARGS_Helper(&pso)) failed with HRESULT 2147942487 (0x80070057)
00:43:16:015 (00019996) > [D3D] device->GetD3D12Device()->CreateGraphicsPipelineState(&desc, __uuidof(**(&pso)), IID_PPV_ARGS_Helper(&pso)) failed with HRESULT 2147942487 (0x80070057)
00:43:16:015 (00019996) > [D3D] device->GetD3D12Device()->CreateGraphicsPipelineState(&desc, __uuidof(**(&pso)), IID_PPV_ARGS_Helper(&pso)) failed with HRESULT 2147942487 (0x80070057)
00:43:16:015 (00019996) > [D3D] device->GetD3D12Device()->CreateGraphicsPipelineState(&desc, __uuidof(**(&pso)), IID_PPV_ARGS_Helper(&pso)) failed with HRESULT 2147942487 (0x80070057)
00:43:16:015 (00019996) > [D3D] device->GetD3D12Device()->CreateGraphicsPipelineState(&desc, __uuidof(**(&pso)), IID_PPV_ARGS_Helper(&pso)) failed with HRESULT 2147942487 (0x80070057)
00:43:16:015 (00019996) > [D3D] device->GetD3D12Device()->CreateGraphicsPipelineState(&desc, __uuidof(**(&pso)), IID_PPV_ARGS_Helper(&pso)) failed with HRESULT 2147942487 (0x80070057)
00:43:16:016 (00019996) > [D3D] device->GetD3D12Device()->CreateGraphicsPipelineState(&desc, __uuidof(**(&pso)), IID_PPV_ARGS_Helper(&pso)) failed with HRESULT 2147942487 (0x80070057)
00:43:16:016 (00019996) > [D3D] device->GetD3D12Device()->CreateGraphicsPipelineState(&desc, __uuidof(**(&pso)), IID_PPV_ARGS_Helper(&pso)) failed with HRESULT 2147942487 (0x80070057)
00:43:16:434 (00017604) > [D3D] device->GetD3D12Device()->CreateGraphicsPipelineState(&desc, __uuidof(**(&pso)), IID_PPV_ARGS_Helper(&pso)) failed with HRESULT 2147942487 (0x80070057)
00:43:16:440 (00006660) > [D3D] device->GetD3D12Device()->CreateGraphicsPipelineState(&desc, __uuidof(**(&pso)), IID_PPV_ARGS_Helper(&pso)) failed with HRESULT 2147942487 (0x80070057)
00:43:17:425 (00009988) > [Save] Request save type 0, control 512
00:43:20:692 (00009988) > [Save] Request load save type 0, control 448, target -1
00:43:22:155 (00009988) > [Save] Request load save type 0, control 64, target 2
00:43:22:190 (00009988) > [Save] Request save type 0, control 0
00:43:23:268 (00009988) > [Save] Request save type 0, control 512
00:43:26:424 (00009988) > [Save] Request save type 0, control 548
00:43:26:555 (00009988) > [Save] Request load save type 0, control 128, target -1
00:43:26:555 (00017752) > [Save] Request type 3 failed with code 0x00000002
00:43:26:556 (00009988) > [Save] Request load save type 0, control 128, target -1
00:43:26:561 (00017752) > [Save] Request type 3 failed with code 0x00000002
00:43:26:565 (00009988) > [Save] Request load save type 0, control 128, target -1
00:43:26:569 (00017752) > [Save] Request type 3 failed with code 0x00000002
00:43:26:573 (00009988) > [Save] Request load save type 0, control 128, target -1
00:43:26:583 (00017752) > [Save] Request type 3 failed with code 0x00000002
00:43:26:588 (00009988) > [Save] Request load save type 0, control 128, target -1
00:43:26:591 (00017752) > [Save] Request type 3 failed with code 0x00000002
00:43:26:595 (00009988) > [Save] Request load save type 0, control 128, target -1
00:43:26:659 (00009988) > [Save] Request load save type 0, control 128, target -1
00:43:26:670 (00009988) > [Save] Request load save type 0, control 128, target -1
00:43:26:671 (00017752) > [Save] Request type 3 failed with code 0x00000002
00:43:26:878 (00017604) > [D3D] device->GetD3D12Device()->CreateGraphicsPipelineState(&desc, __uuidof(**(&pso)), IID_PPV_ARGS_Helper(&pso)) failed with HRESULT 2147942487 (0x80070057)
00:43:27:620 (00017604) > [D3D] device->GetD3D12Device()->CreateGraphicsPipelineState(&desc, __uuidof(**(&pso)), IID_PPV_ARGS_Helper(&pso)) failed with HRESULT 2147942487 (0x80070057)
00:43:27:620 (00017604) > [D3D] device->GetD3D12Device()->CreateGraphicsPipelineState(&desc, __uuidof(**(&pso)), IID_PPV_ARGS_Helper(&pso)) failed with HRESULT 2147942487 (0x80070057)
00:43:27:621 (00017604) > [D3D] device->GetD3D12Device()->CreateGraphicsPipelineState(&desc, __uuidof(**(&pso)), IID_PPV_ARGS_Helper(&pso)) failed with HRESULT 2147942487 (0x80070057)
00:43:27:622 (00017604) > [D3D] device->GetD3D12Device()->CreateGraphicsPipelineState(&desc, __uuidof(**(&pso)), IID_PPV_ARGS_Helper(&pso)) failed with HRESULT 2147942487 (0x80070057)
00:43:27:622 (00017604) > [D3D] device->GetD3D12Device()->CreateGraphicsPipelineState(&desc, __uuidof(**(&pso)), IID_PPV_ARGS_Helper(&pso)) failed with HRESULT 2147942487 (0x80070057)
00:43:27:622 (00017604) > [D3D] device->GetD3D12Device()->CreateGraphicsPipelineState(&desc, __uuidof(**(&pso)), IID_PPV_ARGS_Helper(&pso)) failed with HRESULT 2147942487 (0x80070057)
00:43:27:622 (00017604) > [D3D] device->GetD3D12Device()->CreateGraphicsPipelineState(&desc, __uuidof(**(&pso)), IID_PPV_ARGS_Helper(&pso)) failed with HRESULT 2147942487 (0x80070057)
00:43:27:622 (00017604) > [D3D] device->GetD3D12Device()->CreateGraphicsPipelineState(&desc, __uuidof(**(&pso)), IID_PPV_ARGS_Helper(&pso)) failed with HRESULT 2147942487 (0x80070057)
00:43:27:622 (00017604) > [D3D] device->GetD3D12Device()->CreateGraphicsPipelineState(&desc, __uuidof(**(&pso)), IID_PPV_ARGS_Helper(&pso)) failed with HRESULT 2147942487 (0x80070057)
00:43:28:024 (00006660) > [D3D] device->GetD3D12Device()->CreateGraphicsPipelineState(&desc, __uuidof(**(&pso)), IID_PPV_ARGS_Helper(&pso)) failed with HRESULT 2147942487 (0x80070057)
00:43:28:029 (00017604) > [D3D] device->GetD3D12Device()->CreateGraphicsPipelineState(&desc, __uuidof(**(&pso)), IID_PPV_ARGS_Helper(&pso)) failed with HRESULT 2147942487 (0x80070057)
00:43:29:040 (00009988) > [Save] Request save type 0, control 512
00:43:32:844 (00009988) > [Save] Request load save type 0, control 448, target -1
00:43:34:203 (00009988) > [Save] Request load save type 0, control 64, target 1
00:43:34:238 (00009988) > [Save] Request save type 0, control 0
00:43:36:185 (00009988) > [Save] Request save type 0, control 512
00:43:38:944 (00017604) > [D3D] device->GetD3D12Device()->CreateGraphicsPipelineState(&desc, __uuidof(**(&pso)), IID_PPV_ARGS_Helper(&pso)) failed with HRESULT 2147942487 (0x80070057)
00:43:38:950 (00017604) > [D3D] device->GetD3D12Device()->CreateGraphicsPipelineState(&desc, __uuidof(**(&pso)), IID_PPV_ARGS_Helper(&pso)) failed with HRESULT 2147942487 (0x80070057)
00:43:40:227 (00022148) > [Render] Working set: 8344MB Page file: 17283MB Video Budget: 7260MB Video Usage: 6322MB Sys Budget: 15177MB Sys Usage: 3306MB Tex Usage: 1476MB Tex Budget: 2607MB BVH heaps: 100MB BVH size: 83MB Demoted: 0MB fps: 96.950005
00:43:46:267 (00022824) > [D3D] device->GetD3D12Device()->CreateGraphicsPipelineState(&desc, __uuidof(**(&pso)), IID_PPV_ARGS_Helper(&pso)) failed with HRESULT 2147942487 (0x80070057)
00:43:46:268 (00022824) > [D3D] device->GetD3D12Device()->CreateGraphicsPipelineState(&desc, __uuidof(**(&pso)), IID_PPV_ARGS_Helper(&pso)) failed with HRESULT 2147942487 (0x80070057)
00:43:46:268 (00022824) > [D3D] device->GetD3D12Device()->CreateGraphicsPipelineState(&desc, __uuidof(**(&pso)), IID_PPV_ARGS_Helper(&pso)) failed with HRESULT 2147942487 (0x80070057)
00:43:46:268 (00022824) > [D3D] device->GetD3D12Device()->CreateGraphicsPipelineState(&desc, __uuidof(**(&pso)), IID_PPV_ARGS_Helper(&pso)) failed with HRESULT 2147942487 (0x80070057)
00:43:46:269 (00022824) > [D3D] device->GetD3D12Device()->CreateGraphicsPipelineState(&desc, __uuidof(**(&pso)), IID_PPV_ARGS_Helper(&pso)) failed with HRESULT 2147942487 (0x80070057)
00:43:46:270 (00022824) > [D3D] device->GetD3D12Device()->CreateGraphicsPipelineState(&desc, __uuidof(**(&pso)), IID_PPV_ARGS_Helper(&pso)) failed with HRESULT 2147942487 (0x80070057)
00:43:46:271 (00022824) > [D3D] device->GetD3D12Device()->CreateGraphicsPipelineState(&desc, __uuidof(**(&pso)), IID_PPV_ARGS_Helper(&pso)) failed with HRESULT 2147942487 (0x80070057)
00:43:46:271 (00022824) > [D3D] device->GetD3D12Device()->CreateGraphicsPipelineState(&desc, __uuidof(**(&pso)), IID_PPV_ARGS_Helper(&pso)) failed with HRESULT 2147942487 (0x80070057)
00:43:46:272 (00022824) > [D3D] device->GetD3D12Device()->CreateGraphicsPipelineState(&desc, __uuidof(**(&pso)), IID_PPV_ARGS_Helper(&pso)) failed with HRESULT 2147942487 (0x80070057)
00:43:47:284 (00009988) > [Save] Request save type 0, control 0
00:43:47:819 (00009988) > [Save] Request save type 0, control 0
00:43:47:819 (00009988) > [Save] Request save type 0, control 0
00:43:54:158 (00013684) > [D3D] device->GetD3D12Device()->CreateGraphicsPipelineState(&desc, __uuidof(**(&pso)), IID_PPV_ARGS_Helper(&pso)) failed with HRESULT 2147942487 (0x80070057)
00:43:54:159 (00013684) > [D3D] device->GetD3D12Device()->CreateGraphicsPipelineState(&desc, __uuidof(**(&pso)), IID_PPV_ARGS_Helper(&pso)) failed with HRESULT 2147942487 (0x80070057)
00:43:54:161 (00013684) > [D3D] device->GetD3D12Device()->CreateGraphicsPipelineState(&desc, __uuidof(**(&pso)), IID_PPV_ARGS_Helper(&pso)) failed with HRESULT 2147942487 (0x80070057)
00:43:54:162 (00013684) > [D3D] device->GetD3D12Device()->CreateGraphicsPipelineState(&desc, __uuidof(**(&pso)), IID_PPV_ARGS_Helper(&pso)) failed with HRESULT 2147942487 (0x80070057)
00:43:54:162 (00013684) > [D3D] device->GetD3D12Device()->CreateGraphicsPipelineState(&desc, __uuidof(**(&pso)), IID_PPV_ARGS_Helper(&pso)) failed with HRESULT 2147942487 (0x80070057)
00:43:54:162 (00013684) > [D3D] device->GetD3D12Device()->CreateGraphicsPipelineState(&desc, __uuidof(**(&pso)), IID_PPV_ARGS_Helper(&pso)) failed with HRESULT 2147942487 (0x80070057)
00:43:54:162 (00013684) > [D3D] device->GetD3D12Device()->CreateGraphicsPipelineState(&desc, __uuidof(**(&pso)), IID_PPV_ARGS_Helper(&pso)) failed with HRESULT 2147942487 (0x80070057)
00:43:54:162 (00013684) > [D3D] device->GetD3D12Device()->CreateGraphicsPipelineState(&desc, __uuidof(**(&pso)), IID_PPV_ARGS_Helper(&pso)) failed with HRESULT 2147942487 (0x80070057)
00:43:54:162 (00013684) > [D3D] device->GetD3D12Device()->CreateGraphicsPipelineState(&desc, __uuidof(**(&pso)), IID_PPV_ARGS_Helper(&pso)) failed with HRESULT 2147942487 (0x80070057)
00:43:54:439 (00016320) > [D3D] device->GetD3D12Device()->CreateGraphicsPipelineState(&desc, __uuidof(**(&pso)), IID_PPV_ARGS_Helper(&pso)) failed with HRESULT 2147942487 (0x80070057)
00:43:54:444 (00006660) > [D3D] device->GetD3D12Device()->CreateGraphicsPipelineState(&desc, __uuidof(**(&pso)), IID_PPV_ARGS_Helper(&pso)) failed with HRESULT 2147942487 (0x80070057)
00:44:11:623 (00009988) > [Save] Request save type 0, control 548
00:44:11:696 (00009988) > [Save] Request load save type 0, control 128, target -1
00:44:11:697 (00017752) > [Save] Request type 3 failed with code 0x00000002
00:44:11:700 (00009988) > [Save] Request load save type 0, control 128, target -1
00:44:11:704 (00017752) > [Save] Request type 3 failed with code 0x00000002
00:44:11:708 (00009988) > [Save] Request load save type 0, control 128, target -1
00:44:11:712 (00017752) > [Save] Request type 3 failed with code 0x00000002
00:44:11:716 (00009988) > [Save] Request load save type 0, control 128, target -1
00:44:11:721 (00017752) > [Save] Request type 3 failed with code 0x00000002
00:44:11:725 (00009988) > [Save] Request load save type 0, control 128, target -1
00:44:11:729 (00017752) > [Save] Request type 3 failed with code 0x00000002
00:44:11:808 (00009988) > [Save] Request load save type 0, control 128, target -1
00:44:11:816 (00009988) > [Save] Request load save type 0, control 128, target -1
00:44:11:838 (00009988) > [Save] Request load save type 0, control 128, target -1
00:44:11:839 (00017752) > [Save] Request type 3 failed with code 0x00000002
00:44:12:044 (00017604) > [D3D] device->GetD3D12Device()->CreateGraphicsPipelineState(&desc, __uuidof(**(&pso)), IID_PPV_ARGS_Helper(&pso)) failed with HRESULT 2147942487 (0x80070057)
00:44:12:775 (00022824) > [D3D] device->GetD3D12Device()->CreateGraphicsPipelineState(&desc, __uuidof(**(&pso)), IID_PPV_ARGS_Helper(&pso)) failed with HRESULT 2147942487 (0x80070057)
00:44:12:776 (00022824) > [D3D] device->GetD3D12Device()->CreateGraphicsPipelineState(&desc, __uuidof(**(&pso)), IID_PPV_ARGS_Helper(&pso)) failed with HRESULT 2147942487 (0x80070057)
00:44:12:776 (00022824) > [D3D] device->GetD3D12Device()->CreateGraphicsPipelineState(&desc, __uuidof(**(&pso)), IID_PPV_ARGS_Helper(&pso)) failed with HRESULT 2147942487 (0x80070057)
00:44:12:777 (00022824) > [D3D] device->GetD3D12Device()->CreateGraphicsPipelineState(&desc, __uuidof(**(&pso)), IID_PPV_ARGS_Helper(&pso)) failed with HRESULT 2147942487 (0x80070057)
00:44:12:778 (00022824) > [D3D] device->GetD3D12Device()->CreateGraphicsPipelineState(&desc, __uuidof(**(&pso)), IID_PPV_ARGS_Helper(&pso)) failed with HRESULT 2147942487 (0x80070057)
00:44:12:778 (00022824) > [D3D] device->GetD3D12Device()->CreateGraphicsPipelineState(&desc, __uuidof(**(&pso)), IID_PPV_ARGS_Helper(&pso)) failed with HRESULT 2147942487 (0x80070057)
00:44:12:778 (00022824) > [D3D] device->GetD3D12Device()->CreateGraphicsPipelineState(&desc, __uuidof(**(&pso)), IID_PPV_ARGS_Helper(&pso)) failed with HRESULT 2147942487 (0x80070057)
00:44:12:778 (00022824) > [D3D] device->GetD3D12Device()->CreateGraphicsPipelineState(&desc, __uuidof(**(&pso)), IID_PPV_ARGS_Helper(&pso)) failed with HRESULT 2147942487 (0x80070057)
00:44:12:778 (00022824) > [D3D] device->GetD3D12Device()->CreateGraphicsPipelineState(&desc, __uuidof(**(&pso)), IID_PPV_ARGS_Helper(&pso)) failed with HRESULT 2147942487 (0x80070057)
00:44:13:191 (00006660) > [D3D] device->GetD3D12Device()->CreateGraphicsPipelineState(&desc, __uuidof(**(&pso)), IID_PPV_ARGS_Helper(&pso)) failed with HRESULT 2147942487 (0x80070057)
00:44:13:196 (00016320) > [D3D] device->GetD3D12Device()->CreateGraphicsPipelineState(&desc, __uuidof(**(&pso)), IID_PPV_ARGS_Helper(&pso)) failed with HRESULT 2147942487 (0x80070057)
00:44:14:178 (00009988) > [Save] Request save type 0, control 512
00:44:17:407 (00009988) > [Save] Request load save type 0, control 448, target -1
00:44:20:805 (00009988) > [Save] Request load save type 0, control 64, target 4
00:44:20:842 (00009988) > [Save] Request save type 0, control 0
00:44:21:988 (00009988) > [Save] Request save type 0, control 512
00:44:40:243 (00022148) > [Render] Working set: 8825MB Page file: 18314MB Video Budget: 7264MB Video Usage: 6794MB Sys Budget: 15177MB Sys Usage: 3307MB Tex Usage: 1632MB Tex Budget: 2607MB BVH heaps: 120MB BVH size: 103MB Demoted: 0MB fps: 76.333336
00:44:48:983 (00009988) > [Save] Request save type 0, control 0
00:44:48:983 (00009988) > [Save] Request save type 0, control 0
00:44:49:535 (00009988) > [Save] Request save type 0, control 0
00:44:49:535 (00009988) > [Save] Request save type 0, control 0
00:44:49:552 (00009988) > [Save] Request save type 0, control 0
00:44:53:043 (00009988) > [Save] Request save type 0, control 548
00:44:53:200 (00009988) > [Save] Request load save type 0, control 128, target -1
00:44:53:200 (00017752) > [Save] Request type 3 failed with code 0x00000002
00:44:53:201 (00009988) > [Save] Request load save type 0, control 128, target -1
00:44:53:205 (00017752) > [Save] Request type 3 failed with code 0x00000002
00:44:53:208 (00009988) > [Save] Request load save type 0, control 128, target -1
00:44:53:213 (00017752) > [Save] Request type 3 failed with code 0x00000002
00:44:53:228 (00009988) > [Save] Request load save type 0, control 128, target -1
00:44:53:234 (00017752) > [Save] Request type 3 failed with code 0x00000002
00:44:53:237 (00009988) > [Save] Request load save type 0, control 128, target -1
00:44:53:240 (00017752) > [Save] Request type 3 failed with code 0x00000002
00:44:53:244 (00009988) > [Save] Request load save type 0, control 128, target -1
00:44:53:301 (00009988) > [Save] Request load save type 0, control 128, target -1
00:44:53:309 (00009988) > [Save] Request load save type 0, control 128, target -1
00:44:53:316 (00017752) > [Save] Request type 3 failed with code 0x00000002
00:44:53:526 (00017604) > [D3D] device->GetD3D12Device()->CreateGraphicsPipelineState(&desc, __uuidof(**(&pso)), IID_PPV_ARGS_Helper(&pso)) failed with HRESULT 2147942487 (0x80070057)
00:44:54:266 (00013684) > [D3D] device->GetD3D12Device()->CreateGraphicsPipelineState(&desc, __uuidof(**(&pso)), IID_PPV_ARGS_Helper(&pso)) failed with HRESULT 2147942487 (0x80070057)
00:44:54:267 (00013684) > [D3D] device->GetD3D12Device()->CreateGraphicsPipelineState(&desc, __uuidof(**(&pso)), IID_PPV_ARGS_Helper(&pso)) failed with HRESULT 2147942487 (0x80070057)
00:44:54:268 (00013684) > [D3D] device->GetD3D12Device()->CreateGraphicsPipelineState(&desc, __uuidof(**(&pso)), IID_PPV_ARGS_Helper(&pso)) failed with HRESULT 2147942487 (0x80070057)
00:44:54:268 (00013684) > [D3D] device->GetD3D12Device()->CreateGraphicsPipelineState(&desc, __uuidof(**(&pso)), IID_PPV_ARGS_Helper(&pso)) failed with HRESULT 2147942487 (0x80070057)
00:44:54:268 (00013684) > [D3D] device->GetD3D12Device()->CreateGraphicsPipelineState(&desc, __uuidof(**(&pso)), IID_PPV_ARGS_Helper(&pso)) failed with HRESULT 2147942487 (0x80070057)
00:44:54:268 (00013684) > [D3D] device->GetD3D12Device()->CreateGraphicsPipelineState(&desc, __uuidof(**(&pso)), IID_PPV_ARGS_Helper(&pso)) failed with HRESULT 2147942487 (0x80070057)
00:44:54:269 (00013684) > [D3D] device->GetD3D12Device()->CreateGraphicsPipelineState(&desc, __uuidof(**(&pso)), IID_PPV_ARGS_Helper(&pso)) failed with HRESULT 2147942487 (0x80070057)
00:44:54:269 (00013684) > [D3D] device->GetD3D12Device()->CreateGraphicsPipelineState(&desc, __uuidof(**(&pso)), IID_PPV_ARGS_Helper(&pso)) failed with HRESULT 2147942487 (0x80070057)
00:44:54:269 (00013684) > [D3D] device->GetD3D12Device()->CreateGraphicsPipelineState(&desc, __uuidof(**(&pso)), IID_PPV_ARGS_Helper(&pso)) failed with HRESULT 2147942487 (0x80070057)
00:44:54:674 (00019996) > [D3D] device->GetD3D12Device()->CreateGraphicsPipelineState(&desc, __uuidof(**(&pso)), IID_PPV_ARGS_Helper(&pso)) failed with HRESULT 2147942487 (0x80070057)
00:44:54:679 (00013684) > [D3D] device->GetD3D12Device()->CreateGraphicsPipelineState(&desc, __uuidof(**(&pso)), IID_PPV_ARGS_Helper(&pso)) failed with HRESULT 2147942487 (0x80070057)
00:44:55:675 (00009988) > [Save] Request save type 0, control 512
00:44:59:028 (00009988) > [Save] Request load save type 0, control 448, target -1
00:45:00:885 (00009988) > [Save] Request load save type 0, control 64, target 8
00:45:00:920 (00009988) > [Save] Request save type 0, control 0
00:45:02:452 (00009988) > [Save] Request save type 0, control 512
00:45:26:550 (00009988) > [Save] Request save type 0, control 0
00:45:26:550 (00009988) > [Save] Request save type 0, control 0
00:45:27:362 (00009988) > [Save] Request save type 0, control 0
00:45:27:362 (00009988) > [Save] Request save type 0, control 256
00:45:27:362 (00009988) > [Save] Request save type 0, control 0
00:45:27:379 (00009988) > [Save] Request save type 0, control 0
00:45:27:379 (00009988) > [Save] Request save type 0, control 0
00:45:40:242 (00022148) > [Render] Working set: 9739MB Page file: 19138MB Video Budget: 7260MB Video Usage: 6799MB Sys Budget: 15177MB Sys Usage: 3796MB Tex Usage: 1422MB Tex Budget: 2607MB BVH heaps: 120MB BVH size: 97MB Demoted: 359MB fps: 73.616669
00:45:50:996 (00009988) > [Save] Request save type 0, control 0
00:45:50:996 (00009988) > [Save] Request save type 0, control 0
00:45:51:015 (00009988) > [Save] Request save type 0, control 0
00:46:02:804 (00009988) > [Save] Request save type 0, control 548
00:46:02:904 (00009988) > [Save] Request load save type 0, control 128, target -1
00:46:02:904 (00017752) > [Save] Request type 3 failed with code 0x00000002
00:46:02:908 (00009988) > [Save] Request load save type 0, control 128, target -1
00:46:02:913 (00017752) > [Save] Request type 3 failed with code 0x00000002
00:46:02:916 (00009988) > [Save] Request load save type 0, control 128, target -1
00:46:02:920 (00017752) > [Save] Request type 3 failed with code 0x00000002
00:46:02:924 (00009988) > [Save] Request load save type 0, control 128, target -1
00:46:02:928 (00017752) > [Save] Request type 3 failed with code 0x00000002
00:46:02:932 (00009988) > [Save] Request load save type 0, control 128, target -1
00:46:02:937 (00017752) > [Save] Request type 3 failed with code 0x00000002
00:46:02:941 (00009988) > [Save] Request load save type 0, control 128, target -1
00:46:03:042 (00009988) > [Save] Request load save type 0, control 128, target -1
00:46:03:050 (00009988) > [Save] Request load save type 0, control 128, target -1
00:46:03:059 (00017752) > [Save] Request type 3 failed with code 0x00000002
00:46:03:275 (00006660) > [D3D] device->GetD3D12Device()->CreateGraphicsPipelineState(&desc, __uuidof(**(&pso)), IID_PPV_ARGS_Helper(&pso)) failed with HRESULT 2147942487 (0x80070057)
00:46:03:987 (00019996) > [D3D] device->GetD3D12Device()->CreateGraphicsPipelineState(&desc, __uuidof(**(&pso)), IID_PPV_ARGS_Helper(&pso)) failed with HRESULT 2147942487 (0x80070057)
00:46:03:988 (00019996) > [D3D] device->GetD3D12Device()->CreateGraphicsPipelineState(&desc, __uuidof(**(&pso)), IID_PPV_ARGS_Helper(&pso)) failed with HRESULT 2147942487 (0x80070057)
00:46:03:988 (00019996) > [D3D] device->GetD3D12Device()->CreateGraphicsPipelineState(&desc, __uuidof(**(&pso)), IID_PPV_ARGS_Helper(&pso)) failed with HRESULT 2147942487 (0x80070057)
00:46:03:989 (00019996) > [D3D] device->GetD3D12Device()->CreateGraphicsPipelineState(&desc, __uuidof(**(&pso)), IID_PPV_ARGS_Helper(&pso)) failed with HRESULT 2147942487 (0x80070057)
00:46:03:989 (00019996) > [D3D] device->GetD3D12Device()->CreateGraphicsPipelineState(&desc, __uuidof(**(&pso)), IID_PPV_ARGS_Helper(&pso)) failed with HRESULT 2147942487 (0x80070057)
00:46:03:989 (00019996) > [D3D] device->GetD3D12Device()->CreateGraphicsPipelineState(&desc, __uuidof(**(&pso)), IID_PPV_ARGS_Helper(&pso)) failed with HRESULT 2147942487 (0x80070057)
00:46:03:989 (00019996) > [D3D] device->GetD3D12Device()->CreateGraphicsPipelineState(&desc, __uuidof(**(&pso)), IID_PPV_ARGS_Helper(&pso)) failed with HRESULT 2147942487 (0x80070057)
00:46:03:989 (00019996) > [D3D] device->GetD3D12Device()->CreateGraphicsPipelineState(&desc, __uuidof(**(&pso)), IID_PPV_ARGS_Helper(&pso)) failed with HRESULT 2147942487 (0x80070057)
00:46:03:989 (00019996) > [D3D] device->GetD3D12Device()->CreateGraphicsPipelineState(&desc, __uuidof(**(&pso)), IID_PPV_ARGS_Helper(&pso)) failed with HRESULT 2147942487 (0x80070057)
00:46:04:408 (00013684) > [D3D] device->GetD3D12Device()->CreateGraphicsPipelineState(&desc, __uuidof(**(&pso)), IID_PPV_ARGS_Helper(&pso)) failed with HRESULT 2147942487 (0x80070057)
00:46:04:413 (00013684) > [D3D] device->GetD3D12Device()->CreateGraphicsPipelineState(&desc, __uuidof(**(&pso)), IID_PPV_ARGS_Helper(&pso)) failed with HRESULT 2147942487 (0x80070057)
00:46:05:417 (00009988) > [Save] Request save type 0, control 512
00:46:08:920 (00009988) > [Save] Request load save type 0, control 448, target -1
00:46:09:558 (00009988) > [Save] Request load save type 0, control 64, target 9
00:46:09:594 (00009988) > [Save] Request save type 0, control 0
00:46:11:393 (00009988) > [Save] Request save type 0, control 512
00:46:40:252 (00022148) > [Render] Working set: 10027MB Page file: 19327MB Video Budget: 7264MB Video Usage: 6901MB Sys Budget: 15177MB Sys Usage: 3640MB Tex Usage: 1546MB Tex Budget: 2607MB BVH heaps: 120MB BVH size: 110MB Demoted: 186MB fps: 64.183334
00:47:08:322 (00009988) > [Save] Request save type 0, control 548
00:47:08:446 (00009988) > [Save] Request load save type 0, control 128, target -1
00:47:08:446 (00017752) > [Save] Request type 3 failed with code 0x00000002
00:47:08:448 (00009988) > [Save] Request load save type 0, control 128, target -1
00:47:08:451 (00017752) > [Save] Request type 3 failed with code 0x00000002
00:47:08:459 (00009988) > [Save] Request load save type 0, control 128, target -1
00:47:08:463 (00017752) > [Save] Request type 3 failed with code 0x00000002
00:47:08:467 (00009988) > [Save] Request load save type 0, control 128, target -1
00:47:08:471 (00017752) > [Save] Request type 3 failed with code 0x00000002
00:47:08:475 (00009988) > [Save] Request load save type 0, control 128, target -1
00:47:08:479 (00017752) > [Save] Request type 3 failed with code 0x00000002
00:47:08:560 (00009988) > [Save] Request load save type 0, control 128, target -1
00:47:08:568 (00009988) > [Save] Request load save type 0, control 128, target -1
00:47:08:592 (00009988) > [Save] Request load save type 0, control 128, target -1
00:47:08:595 (00017752) > [Save] Request type 3 failed with code 0x00000002
00:47:08:807 (00013684) > [D3D] device->GetD3D12Device()->CreateGraphicsPipelineState(&desc, __uuidof(**(&pso)), IID_PPV_ARGS_Helper(&pso)) failed with HRESULT 2147942487 (0x80070057)
00:47:09:542 (00016320) > [D3D] device->GetD3D12Device()->CreateGraphicsPipelineState(&desc, __uuidof(**(&pso)), IID_PPV_ARGS_Helper(&pso)) failed with HRESULT 2147942487 (0x80070057)
00:47:09:543 (00016320) > [D3D] device->GetD3D12Device()->CreateGraphicsPipelineState(&desc, __uuidof(**(&pso)), IID_PPV_ARGS_Helper(&pso)) failed with HRESULT 2147942487 (0x80070057)
00:47:09:543 (00016320) > [D3D] device->GetD3D12Device()->CreateGraphicsPipelineState(&desc, __uuidof(**(&pso)), IID_PPV_ARGS_Helper(&pso)) failed with HRESULT 2147942487 (0x80070057)
00:47:09:544 (00016320) > [D3D] device->GetD3D12Device()->CreateGraphicsPipelineState(&desc, __uuidof(**(&pso)), IID_PPV_ARGS_Helper(&pso)) failed with HRESULT 2147942487 (0x80070057)
00:47:09:544 (00016320) > [D3D] device->GetD3D12Device()->CreateGraphicsPipelineState(&desc, __uuidof(**(&pso)), IID_PPV_ARGS_Helper(&pso)) failed with HRESULT 2147942487 (0x80070057)
00:47:09:545 (00016320) > [D3D] device->GetD3D12Device()->CreateGraphicsPipelineState(&desc, __uuidof(**(&pso)), IID_PPV_ARGS_Helper(&pso)) failed with HRESULT 2147942487 (0x80070057)
00:47:09:546 (00016320) > [D3D] device->GetD3D12Device()->CreateGraphicsPipelineState(&desc, __uuidof(**(&pso)), IID_PPV_ARGS_Helper(&pso)) failed with HRESULT 2147942487 (0x80070057)
00:47:09:547 (00016320) > [D3D] device->GetD3D12Device()->CreateGraphicsPipelineState(&desc, __uuidof(**(&pso)), IID_PPV_ARGS_Helper(&pso)) failed with HRESULT 2147942487 (0x80070057)
00:47:09:547 (00016320) > [D3D] device->GetD3D12Device()->CreateGraphicsPipelineState(&desc, __uuidof(**(&pso)), IID_PPV_ARGS_Helper(&pso)) failed with HRESULT 2147942487 (0x80070057)
00:47:09:956 (00013684) > [D3D] device->GetD3D12Device()->CreateGraphicsPipelineState(&desc, __uuidof(**(&pso)), IID_PPV_ARGS_Helper(&pso)) failed with HRESULT 2147942487 (0x80070057)
00:47:09:961 (00016320) > [D3D] device->GetD3D12Device()->CreateGraphicsPipelineState(&desc, __uuidof(**(&pso)), IID_PPV_ARGS_Helper(&pso)) failed with HRESULT 2147942487 (0x80070057)
00:47:10:962 (00009988) > [Save] Request save type 0, control 512
00:47:15:047 (00009988) > [Save] Request load save type 0, control 448, target -1
00:47:16:884 (00009988) > [Save] Request load save type 0, control 64, target 8
00:47:16:919 (00009988) > [Save] Request save type 0, control 0
00:47:18:394 (00009988) > [Save] Request save type 0, control 512
00:47:40:247 (00022148) > [Render] Working set: 10438MB Page file: 19561MB Video Budget: 7260MB Video Usage: 6639MB Sys Budget: 15177MB Sys Usage: 3837MB Tex Usage: 1504MB Tex Budget: 2607MB BVH heaps: 140MB BVH size: 99MB Demoted: 382MB fps: 73.033340
00:47:43:491 (00009988) > [Save] Request save type 0, control 0
00:47:43:491 (00009988) > [Save] Request save type 0, control 0
00:47:44:268 (00009988) > [Save] Request save type 0, control 0
00:47:44:268 (00009988) > [Save] Request save type 0, control 256
00:47:44:268 (00009988) > [Save] Request save type 0, control 0
00:47:44:287 (00009988) > [Save] Request save type 0, control 0
00:47:44:288 (00009988) > [Save] Request save type 0, control 0
00:48:08:269 (00009988) > [Save] Request save type 0, control 0
00:48:08:269 (00009988) > [Save] Request save type 0, control 0
00:48:08:291 (00009988) > [Save] Request save type 0, control 0
00:48:12:202 (00009988) > [Save] Request save type 0, control 512
00:48:12:202 (00009988) > [Save] Request save type 0, control 768
00:48:12:228 (00009988) > [Save] Request save type 0, control 0
00:48:40:247 (00022148) > [Render] Working set: 10649MB Page file: 19674MB Video Budget: 7264MB Video Usage: 6732MB Sys Budget: 15177MB Sys Usage: 3841MB Tex Usage: 1476MB Tex Budget: 2607MB BVH heaps: 140MB BVH size: 108MB Demoted: 386MB fps: 56.733337
00:48:52:809 (00009988) > [Save] Request save type 0, control 548
00:48:52:918 (00009988) > [Save] Request load save type 0, control 128, target -1
00:48:52:918 (00017752) > [Save] Request type 3 failed with code 0x00000002
00:48:52:919 (00009988) > [Save] Request load save type 0, control 128, target -1
00:48:52:923 (00017752) > [Save] Request type 3 failed with code 0x00000002
00:48:52:928 (00009988) > [Save] Request load save type 0, control 128, target -1
00:48:52:932 (00017752) > [Save] Request type 3 failed with code 0x00000002
00:48:52:936 (00009988) > [Save] Request load save type 0, control 128, target -1
00:48:52:940 (00017752) > [Save] Request type 3 failed with code 0x00000002
00:48:52:943 (00009988) > [Save] Request load save type 0, control 128, target -1
00:48:52:947 (00017752) > [Save] Request type 3 failed with code 0x00000002
00:48:52:951 (00009988) > [Save] Request load save type 0, control 128, target -1
00:48:53:067 (00009988) > [Save] Request load save type 0, control 128, target -1
00:48:53:074 (00009988) > [Save] Request load save type 0, control 128, target -1
00:48:53:086 (00017752) > [Save] Request type 3 failed with code 0x00000002
00:48:53:317 (00006660) > [D3D] device->GetD3D12Device()->CreateGraphicsPipelineState(&desc, __uuidof(**(&pso)), IID_PPV_ARGS_Helper(&pso)) failed with HRESULT 2147942487 (0x80070057)
00:48:54:051 (00006660) > [D3D] device->GetD3D12Device()->CreateGraphicsPipelineState(&desc, __uuidof(**(&pso)), IID_PPV_ARGS_Helper(&pso)) failed with HRESULT 2147942487 (0x80070057)
00:48:54:051 (00006660) > [D3D] device->GetD3D12Device()->CreateGraphicsPipelineState(&desc, __uuidof(**(&pso)), IID_PPV_ARGS_Helper(&pso)) failed with HRESULT 2147942487 (0x80070057)
00:48:54:052 (00006660) > [D3D] device->GetD3D12Device()->CreateGraphicsPipelineState(&desc, __uuidof(**(&pso)), IID_PPV_ARGS_Helper(&pso)) failed with HRESULT 2147942487 (0x80070057)
00:48:54:053 (00006660) > [D3D] device->GetD3D12Device()->CreateGraphicsPipelineState(&desc, __uuidof(**(&pso)), IID_PPV_ARGS_Helper(&pso)) failed with HRESULT 2147942487 (0x80070057)
00:48:54:053 (00006660) > [D3D] device->GetD3D12Device()->CreateGraphicsPipelineState(&desc, __uuidof(**(&pso)), IID_PPV_ARGS_Helper(&pso)) failed with HRESULT 2147942487 (0x80070057)
00:48:54:053 (00006660) > [D3D] device->GetD3D12Device()->CreateGraphicsPipelineState(&desc, __uuidof(**(&pso)), IID_PPV_ARGS_Helper(&pso)) failed with HRESULT 2147942487 (0x80070057)
00:48:54:053 (00006660) > [D3D] device->GetD3D12Device()->CreateGraphicsPipelineState(&desc, __uuidof(**(&pso)), IID_PPV_ARGS_Helper(&pso)) failed with HRESULT 2147942487 (0x80070057)
00:48:54:053 (00006660) > [D3D] device->GetD3D12Device()->CreateGraphicsPipelineState(&desc, __uuidof(**(&pso)), IID_PPV_ARGS_Helper(&pso)) failed with HRESULT 2147942487 (0x80070057)
00:48:54:053 (00006660) > [D3D] device->GetD3D12Device()->CreateGraphicsPipelineState(&desc, __uuidof(**(&pso)), IID_PPV_ARGS_Helper(&pso)) failed with HRESULT 2147942487 (0x80070057)
00:48:54:460 (00022824) > [D3D] device->GetD3D12Device()->CreateGraphicsPipelineState(&desc, __uuidof(**(&pso)), IID_PPV_ARGS_Helper(&pso)) failed with HRESULT 2147942487 (0x80070057)
00:48:54:465 (00016320) > [D3D] device->GetD3D12Device()->CreateGraphicsPipelineState(&desc, __uuidof(**(&pso)), IID_PPV_ARGS_Helper(&pso)) failed with HRESULT 2147942487 (0x80070057)
00:48:55:456 (00009988) > [Save] Request save type 0, control 512
00:48:58:362 (00009988) > [App] Quit requested from Profile Select Menu
00:48:58:429 (00003948) > [Audio] Device removed 0xe13bee79
00:48:58:631 (00009988) > [NxApp] Destroying
00:48:58:651 (00009988) > [DXGI] Destroyed swapchain.
00:48:58:651 (00009988) > [SwapChain] Destroyed.
00:48:58:651 (00009988) > [SwapChain] Released.
00:48:58:651 (00009988) > [Render] Unloading NVAPI
00:48:58:651 (00009988) > [Render] Done unloading NVAPI
00:48:58:651 (00009988) > [Render] Unloading ADL...
00:48:58:652 (00009988) > [Render] Done unloading ADL
00:48:58:654 (00009988) > [DXGI] Destroyed swapchain.
00:48:58:654 (00009988) > [DXGI] Released.
--- NIXXES log closed ---
