Log: Log file open, 09/13/23 00:28:51
Init: Name subsystem initialized
Init: Detected: Microsoft Windows NT 6.2 (Build: 9200)
Init: Version: 1100
Init: Compiled: Jan 29 2001 16:45:52
Init: Command line: 
Init: Base directory: E:\Video Games\PC\Launchers\Steam\steamapps\common\Deus Ex\System\
Init: Character set: Unicode
Log: Bound to Window.dll
Log: Bound to Core.dll
Log: Bound to Extension.dll
Log: Bound to Engine.dll
Init: Object subsystem initialized
Log: Cd Path: ..\GOTY_1\
Init: Computer: TITANIUM
Init: User: samsu
Init: Memory total: Phys=4194303K Pagef=4194303K Virt=4194176K
Init: Working set: 32000 / 159000
Init: CPU Speed=4691.199361 MHz
Init: CPU Page size=4096, Processors=12
Init: CPU Detected: Unknown processor (AuthenticAMD)
Init: CPU Features: CMov FPU RDTSC PAE MMX KNI
Log: Deus Exe: version 8.1.0.0.
Log: Deus Exe: Using User Documents File Manager.
Log: Bound to DeusEx.dll
Log: Bound to ConSys.dll
Log: Loading: Package DeusEx
Log: Loading: Package Core
Log: Loading: Package Engine
Log: Loading: Package Extension
Log: Loading: Package DeusExCharacters
Log: Loading: Package DeusExUI
Log: Loading: Package DeusExItems
Log: Loading: Package Effects
Log: Bound to Fire.dll
Log: Loading: Package Fire
Log: Loading: Package ConSys
Log: Loading: Package DeusExSounds
Log: Loading: Package GMDXSFX
Log: Loading: Package HDTPItems
Log: Loading: Package DeusExDeco
Log: Loading: Package HDTPanim
Log: Loading: Package HDTPDecos
Log: Loading: Package HDTPCharacters
Log: Loading: Package UBrowser
Log: Loading: Package UWindow
Log: Bound to IpDrv.dll
Log: Loading: Package IpDrv
Log: Bound to DeusExText.dll
Log: Loading: Package DeusExText
Log: Loading: Package GameMedia
Log: Loading: Package GameEffects
Log: Loading: Package CoreTexWater
Log: Loading: Package CoreTexTextile
Log: Loading: Package CoreTexDetail
Log: Loading: Package Ambient
Log: Loading: Package MoverSFX
Log: Loading: Package GMDXUI
Log: Loading: Package FOMOD
Log: Loading: Package IpServer
Log: Loading: Package MPCharacters
Log: Loading: Package ShifterEX
Log: Loading: Package CoreTexWood
Log: Loading: Package Extras
Log: Loading: Package CoreTexMetal
Log: Loading: Package NYCBar
Log: Loading: Package CoreTexConcrete
Init: Unreal engine initialized
Log: Bound to WinDrv.dll
Init: Mouse info: 6 10 1
Init: Initializing DirectDraw
Log: DirectDraw drivers:
Log:    display (Primary Display Driver)
Init: DirectDraw initialized successfully
Init: Client initialized
Log: Bound to Render.dll
Log: Loading: Package Render
Init: Lighting subsystem initialized
Init: Rendering initialized
Log: LoadMap: entry.dx
Log: Loading: Package Entry
Log: Loading: Package Title_Music
Log: Game class is 'DeusExGameInfo'
Log: Bringing Level Entry.MyLevel up for play (0)...
ScriptLog: InitGame: 
ScriptLog: Base Mutator is Entry.Mutator0
Log: Browse: DX.dx?Name=Player?Class=DeusEx.JCDentonMale
Log: Doing load, not loadgame
Log: Current mission number is -1, next is -1
Log: LoadMap: DX.dx?Name=Player?Class=DeusEx.JCDentonMale
Log: Loading: Package dx
Log: Collecting garbage
Log: Purging garbage
Log: Unloading: Package Render
Log: Garbage: objects: 37383->37382; refs: 431019
Log: Game class is 'DeusExGameInfo'
Log: Bringing Level dx.MyLevel up for play (0)...
ScriptLog: InitGame: ?Name=Player?Class=DeusEx.JCDentonMale
ScriptLog: Base Mutator is dx.Mutator1
Init: Initialized moving brush tracker for Level dx.MyLevel
ScriptLog: Login: Player
Init: *** DEUS EX VERSION Mon Mar 19 12:06:14 2001 v1.112fm ***
ScriptLog: MYCHK:: 5 :: -16
ScriptLog: Lean Keys UNDEFINED, disabling tiptoes
Log: Possessed PlayerPawn: JCDentonMale dx.JCDentonMale0
ScriptLog: All inventory from Player is accepted
Init: Input system initialized for WindowsViewport0
Log: Opened viewport
Log: Bound to D3D11Drv.dll
Log: Initializing Direct3D 11 renderer.
Log: Initializing Direct3D.
Log: Bound to Galaxy.dll
Init: Galaxy is using DirectSound
Init: Galaxy initialized
DevAudio: Galaxy SetViewport: WindowsViewport0
Init: Game engine initialized
Log: Installing hook 'Free save space fix'.
Log: Installing hook 'Widescreen subtitle fix'.
DevMusic: Load music: Music Title_Music.Title_Music
Log: Assigning Last Button Window to MenuUIClientWindow dx.JCDentonMale0.DeusExRootWindow0.MenuMain0.MenuUIClientWindow0
Log: Assigning Last Button Window to MenuUIClientWindow dx.JCDentonMale0.DeusExRootWindow0.MenuMain0.MenuUIClientWindow0
Log: Assigning Last Button Window to MenuUIMenuButtonWindow dx.JCDentonMale0.DeusExRootWindow0.MenuMain0.MenuUIClientWindow0.MenuUIMenuButtonWindow2
Log: Assigning Last Button Window to MenuScreenLoadGame dx.JCDentonMale0.DeusExRootWindow0.MenuScreenLoadGame0
Log: WM_KILLFOCUS
Log: EndFullscreen
Log: AttemptFullscreen
Log: Direct3D 11 renderer exiting.
Log: Uninit.
Log: Bye.
Log: Initializing Direct3D 11 renderer.
Log: Initializing Direct3D.
Log: Assigning Last Button Window to MenuUIListWindow dx.JCDentonMale0.DeusExRootWindow0.MenuScreenLoadGame0.MenuUIClientWindow1.MenuUIScrollAreaWindow0.ClipWindow0.MenuUIListWindow0
Log: Tried to remove lastbuttonwindow descendant. MenuUIListWindow dx.JCDentonMale0.DeusExRootWindow0.MenuScreenLoadGame0.MenuUIClientWindow1.MenuUIScrollAreaWindow0.ClipWindow0.MenuUIListWindow0
Log: URL: Adding default option Name=Player
Log: URL: Adding default option Class=DeusEx.JCDentonMale
Log: Browse: Index.dx?loadgame=-16?Name=Player?Class=DeusEx.JCDentonMale
Log: Doing loadgame, not load
Log: Loading: Package saveInfo
Log: Unloading: Package dx
Log: URL: Adding default option Name=Player
Log: URL: Adding default option Class=DeusEx.JCDentonMale
Log: LoadMap: ..\Save\Current\09_NYC_Graveyard.dxs?load?loadonly?loadgame?Name=Player?Class=DeusEx.JCDentonMale
DevAudio: Galaxy SetViewport: WindowsViewport0
Log: Loading: Package 09_NYC_Graveyard
Log: Loading: Package NewYorkCity
Log: Loading: Package CoreTexStone
Log: Loading: Package CoreTexEarth
Log: Loading: Package CoreTexMisc
Log: Loading: Package BatteryPark
Log: Loading: Package CoreTexSky
Log: Loading: Package CoreTexPaper
Log: Loading: Package Mobile_Camp
Log: Loading: Package UNATCO
Log: Loading: Package OceanLab
Log: Loading: Package MolePeople
Log: Loading: Package Dockyard
Log: Loading: Package area51textures
Log: Loading: Package Supertanker
Log: Loading: Package KZTextures
Init: Shut down moving brush tracker for Level dx.MyLevel
Warning: Type mismatch in Region of GameReplicationInfo: file 10, class 2
Warning: Skipping 6 bytes of type 10
Log: Collecting garbage
Log: Purging garbage
Log: Unloading: Package saveInfo
Log: Garbage: objects: 41533->40450; refs: 594374
Log: Loading: Package DeusExConText
Log: Spawning new actor for Viewport WindowsViewport0
ScriptLog: Login: Player
Log: Possessed PlayerPawn: JCDentonMale 09_NYC_Graveyard.JCDentonMale1
ScriptLog: All inventory from Player is accepted
ScriptLog: DeusExLevelInfo - Spawned new mission script 'DeusEx.Mission09'
ScriptLog: bHardCoreMode = False
ScriptLog: CombatDifficulty = 1.500000
Init: Initialized moving brush tracker for Level 09_NYC_Graveyard.MyLevel
DevAudio: Galaxy SetViewport: WindowsViewport0
DevMusic: Unregister music: Music Title_Music.Title_Music
ScriptLog: **** InitStateMachine() - 09_NYC_Graveyard.JCDentonMale1 started mission state machine for 09_NYC_GRAVEYARD
Log: Loading: Package DeusExe
Log: Loading: Package DeusExConAudioMission09
Log: Assigning Last Button Window to Window 09_NYC_Graveyard.JCDentonMale1.DeusExRootWindow1.ConWindowActive0.Window28
Log: Tried to remove lastbuttonwindow descendant. Window 09_NYC_Graveyard.JCDentonMale1.DeusExRootWindow1.ConWindowActive0.Window28
Log: Assigning Last Button Window to MenuMain 09_NYC_Graveyard.JCDentonMale1.DeusExRootWindow1.MenuMain1
Log: Assigning Last Button Window to MenuMain 09_NYC_Graveyard.JCDentonMale1.DeusExRootWindow1.MenuMain1
Log: Assigning Last Button Window to MenuMain 09_NYC_Graveyard.JCDentonMale1.DeusExRootWindow1.MenuMain1
Log: Assigning Last Button Window to MenuMain 09_NYC_Graveyard.JCDentonMale1.DeusExRootWindow1.MenuMain1
Log: Tried to remove lastbuttonwindow descendant. MenuMain 09_NYC_Graveyard.JCDentonMale1.DeusExRootWindow1.MenuMain1
Log: WM_KILLFOCUS
Log: EndFullscreen
Log: AttemptFullscreen
Log: Direct3D 11 renderer exiting.
Log: Uninit.
Log: Bye.
Log: Initializing Direct3D 11 renderer.
Log: Initializing Direct3D.
Log: Assigning Last Button Window to MenuUIMenuButtonWindow 09_NYC_Graveyard.JCDentonMale1.DeusExRootWindow1.MenuMain2.MenuUIClientWindow3.MenuUIMenuButtonWindow22
Log: Assigning Last Button Window to MenuUIListWindow 09_NYC_Graveyard.JCDentonMale1.DeusExRootWindow1.MenuScreenLoadGame1.MenuUIClientWindow4.MenuUIScrollAreaWindow1.ClipWindow1.MenuUIListWindow1
Log: Tried to remove lastbuttonwindow descendant. MenuUIListWindow 09_NYC_Graveyard.JCDentonMale1.DeusExRootWindow1.MenuScreenLoadGame1.MenuUIClientWindow4.MenuUIScrollAreaWindow1.ClipWindow1.MenuUIListWindow1
Log: URL: Adding default option Name=Player
Log: URL: Adding default option Class=DeusEx.JCDentonMale
Log: Browse: Index.dx?loadgame=-16?Name=Player?Class=DeusEx.JCDentonMale
Log: Doing loadgame, not load
Log: Loading: Package saveInfo
Log: Unloading: Package 09_NYC_Graveyard
Log: URL: Adding default option Name=Player
Log: URL: Adding default option Class=DeusEx.JCDentonMale
Log: LoadMap: ..\Save\Current\09_NYC_Graveyard.dxs?load?loadonly?loadgame?Name=Player?Class=DeusEx.JCDentonMale
DevAudio: Galaxy SetViewport: WindowsViewport0
Log: Loading: Package 09_NYC_Graveyard
Init: Shut down moving brush tracker for Level 09_NYC_Graveyard.MyLevel
Warning: Type mismatch in Region of GameReplicationInfo: file 10, class 2
Warning: Skipping 6 bytes of type 10
Log: Collecting garbage
Log: Purging garbage
Log: Unloading: Package DeusExConText
Log: Unloading: Package DeusExe
Log: Unloading: Package DeusExConAudioMission09
Log: Unloading: Package saveInfo
Log: Garbage: objects: 50002->40455; refs: 594409
Log: Loading: Package DeusExConText
Log: Spawning new actor for Viewport WindowsViewport0
ScriptLog: Login: Player
Log: Possessed PlayerPawn: JCDentonMale 09_NYC_Graveyard.JCDentonMale1
ScriptLog: All inventory from Player is accepted
ScriptLog: DeusExLevelInfo - Spawned new mission script 'DeusEx.Mission09'
ScriptLog: bHardCoreMode = False
ScriptLog: CombatDifficulty = 1.500000
Init: Initialized moving brush tracker for Level 09_NYC_Graveyard.MyLevel
DevAudio: Galaxy SetViewport: WindowsViewport0
ScriptLog: **** InitStateMachine() - 09_NYC_Graveyard.JCDentonMale1 started mission state machine for 09_NYC_GRAVEYARD
Log: Loading: Package DeusExe
Log: Loading: Package DeusExConAudioMission09
Log: Assigning Last Button Window to Window 09_NYC_Graveyard.JCDentonMale1.DeusExRootWindow2.ConWindowActive0.Window49
Log: Tried to remove lastbuttonwindow descendant. Window 09_NYC_Graveyard.JCDentonMale1.DeusExRootWindow2.ConWindowActive0.Window49
Log: Assigning Last Button Window to MenuUIMenuButtonWindow 09_NYC_Graveyard.JCDentonMale1.DeusExRootWindow2.MenuMain3.MenuUIClientWindow5.MenuUIMenuButtonWindow39
Log: Assigning Last Button Window to MenuUIActionButtonWindow 09_NYC_Graveyard.JCDentonMale1.DeusExRootWindow2.MenuUIMessageBoxWindow0.MenuUIActionButtonBarWindow2.MenuUIActionButtonWindow7
Log: Tried to remove lastbuttonwindow descendant. MenuUIActionButtonWindow 09_NYC_Graveyard.JCDentonMale1.DeusExRootWindow2.MenuUIMessageBoxWindow0.MenuUIActionButtonBarWindow2.MenuUIActionButtonWindow7
Log: appRequestExit(0)
Exit: Preparing to exit.
Log: Purging garbage
Log: Unbound to Window.dll
Log: Unbound to Core.dll
Log: Unbound to Extension.dll
Log: Unbound to Engine.dll
Log: Unbound to DeusEx.dll
Log: Unbound to ConSys.dll
Log: Unloading: Package DeusEx
Log: Unloading: Package Core
Log: Unloading: Package Engine
Log: Unloading: Package Extension
Log: Unloading: Package DeusExCharacters
Log: Unloading: Package DeusExUI
Log: Unloading: Package DeusExItems
Log: Unloading: Package Effects
Log: Unbound to Fire.dll
Log: Unloading: Package Fire
Log: Unloading: Package ConSys
Log: Unloading: Package DeusExSounds
Log: Unloading: Package GMDXSFX
Log: Unloading: Package HDTPItems
Log: Unloading: Package DeusExDeco
Log: Unloading: Package HDTPanim
Log: Unloading: Package HDTPDecos
Log: Unloading: Package HDTPCharacters
Log: Unloading: Package UBrowser
Log: Unloading: Package UWindow
Log: Unbound to IpDrv.dll
Log: Unloading: Package IpDrv
Log: Unbound to DeusExText.dll
Log: Unloading: Package DeusExText
Log: Unloading: Package GameMedia
Log: Unloading: Package GameEffects
Log: Unloading: Package CoreTexWater
Log: Unloading: Package CoreTexTextile
Log: Unloading: Package CoreTexDetail
Log: Unloading: Package Ambient
Log: Unloading: Package MoverSFX
Log: Unloading: Package GMDXUI
Log: Unloading: Package FOMOD
Log: Unloading: Package IpServer
Log: Unloading: Package MPCharacters
Log: Unloading: Package ShifterEX
Log: Unloading: Package CoreTexWood
Log: Unloading: Package Extras
Log: Unloading: Package CoreTexMetal
Log: Unloading: Package NYCBar
Log: Unloading: Package CoreTexConcrete
Exit: Game engine shut down
Log: Unbound to WinDrv.dll
Log: DirectDraw End Mode
Log: DirectDraw RestoreDisplayMode: DDERR_NOEXCLUSIVEMODE
Log: Flushing cache
Exit: DirectDraw released
Exit: Windows client shut down
Log: Unbound to Render.dll
Exit: Lighting subsystem shut down
Exit: Rendering shut down
Log: Unloading: Package Entry
Log: Unloading: Package Title_Music
Log: Direct3D 11 renderer exiting.
Log: Uninit.
Log: Bye.
Init: Shut down moving brush tracker for Level 09_NYC_Graveyard.MyLevel
Log: Unbound to D3D11Drv.dll
Log: Unbound to Galaxy.dll
DevAudio: Galaxy SetViewport: NULL
Exit: Galaxy shut down
Log: Unloading: Package CoreTexEarth
Log: Unloading: Package KZTextures
Log: Unloading: Package Dockyard
Log: Unloading: Package Mobile_Camp
Log: Unloading: Package OceanLab
Log: Unloading: Package BatteryPark
Log: Unloading: Package NewYorkCity
Log: Unloading: Package 09_NYC_Graveyard
Log: Unloading: Package area51textures
Log: Unloading: Package UNATCO
Log: Unloading: Package CoreTexSky
Log: Unloading: Package CoreTexMisc
Log: Unloading: Package Supertanker
Log: Unloading: Package MolePeople
Log: Unloading: Package CoreTexPaper
Log: Unloading: Package CoreTexStone
Log: Unloading: Package DeusExConAudioMission09
Log: Unloading: Package DeusExe
Log: Unloading: Package DeusExConText
Log: Garbage: objects: 49021->0; refs: 594409
Exit: Object subsystem successfully closed.
Exit: Exiting.
Uninitialized: Name subsystem shut down
Uninitialized: Memory Allocation Status
Uninitialized: Curr Memory  1.501M /  2.184M
Uninitialized: Peak Memory  336.560M /  338.484M
Uninitialized: Allocs         160 Current /  2647231 Total
Uninitialized: Log file closed, 09/13/23 00:31:37
