Log: Log file open, 06/25/25 22:51:42
Init: Name subsystem initialized
Init: Detected: Microsoft Windows NT 6.2 (Build: 9200)
Init: Version: 1100
Init: Compiled: Jan 29 2001 16:45:52
Init: Command line: 
Init: Base directory: E:\PC Folders\Desktop\Deus Ex\System\
Init: Character set: Unicode
Log: Bound to Window.dll
Log: Bound to Core.dll
Log: Bound to Extension.dll
Log: Bound to Engine.dll
Init: Object subsystem initialized
Log: Cd Path: ..\GOTY_1\
Init: Computer: TITANIUM
Init: User: samsu
Init: Memory total: Phys=4194303K Pagef=4194303K Virt=4194176K
Init: Working set: 32000 / 159000
Init: CPU Speed=4699.846297 MHz
Init: CPU Page size=4096, Processors=12
Init: CPU Detected: Unknown processor (AuthenticAMD)
Init: CPU Features: CMov FPU RDTSC PAE MMX KNI
Log: Deus Exe: version 8.1.0.0.
Log: Deus Exe: Using User Documents File Manager.
Localization: No localization: GMDX.General.Start (int)
Log: Bound to DeusEx.dll
Log: Bound to ConSys.dll
Log: Loading: Package DeusEx
Log: Loading: Package Core
Log: Loading: Package Engine
Log: Loading: Package Extension
Log: Loading: Package DeusExCharacters
Log: Loading: Package DeusExUI
Log: Loading: Package DeusExItems
Log: Loading: Package Effects
Log: Bound to Fire.dll
Log: Loading: Package Fire
Log: Loading: Package ConSys
Log: Loading: Package DeusExSounds
Log: Loading: Package GMDXSFX
Log: Loading: Package HDTPItems
Log: Loading: Package DeusExDeco
Log: Loading: Package HDTPanim
Log: Loading: Package HDTPDecos
Log: Loading: Package HDTPCharacters
Log: Loading: Package UBrowser
Log: Loading: Package UWindow
Log: Bound to IpDrv.dll
Log: Loading: Package IpDrv
Log: Bound to DeusExText.dll
Log: Loading: Package DeusExText
Log: Loading: Package GameMedia
Log: Loading: Package GameEffects
Log: Loading: Package CoreTexWater
Log: Loading: Package CoreTexTextile
Log: Loading: Package CoreTexDetail
Log: Loading: Package Ambient
Log: Loading: Package MoverSFX
Log: Loading: Package GMDXUI
Log: Loading: Package FOMOD
Log: Loading: Package IpServer
Log: Loading: Package MPCharacters
Log: Loading: Package ShifterEX
Log: Loading: Package CoreTexWood
Log: Loading: Package Extras
Log: Loading: Package CoreTexMetal
Log: Loading: Package NYCBar
Log: Loading: Package CoreTexConcrete
Init: Unreal engine initialized
Log: Bound to WinDrv.dll
Init: Mouse info: 6 10 1
Init: Client initialized
Log: Bound to Render.dll
Log: Loading: Package Render
Init: Lighting subsystem initialized
Init: Rendering initialized
Log: LoadMap: entry.dx
Log: Loading: Package Entry
Log: Loading: Package Title_Music
Log: Game class is 'DeusExGameInfo'
Log: Bringing Level Entry.MyLevel up for play (0)...
ScriptLog: InitGame: 
ScriptLog: Base Mutator is Entry.Mutator0
Log: Browse: DX.dx?Name=Player?Class=DeusEx.JCDentonMale
Log: Doing load, not loadgame
Log: Current mission number is -1, next is -1
Log: LoadMap: DX.dx?Name=Player?Class=DeusEx.JCDentonMale
Log: Loading: Package dx
Log: Collecting garbage
Log: Purging garbage
Log: Unloading: Package Render
Log: Garbage: objects: 37383->37382; refs: 431019
Log: Game class is 'DeusExGameInfo'
Log: Bringing Level dx.MyLevel up for play (0)...
ScriptLog: InitGame: ?Name=Player?Class=DeusEx.JCDentonMale
ScriptLog: Base Mutator is dx.Mutator1
Init: Initialized moving brush tracker for Level dx.MyLevel
ScriptLog: Login: Player
Init: *** DEUS EX VERSION Mon Mar 19 12:06:14 2001 v1.112fm ***
ScriptLog: MYCHK:: 2 :: -13
ScriptLog: Lean Keys UNDEFINED, disabling tiptoes
Log: Possessed PlayerPawn: JCDentonMale dx.JCDentonMale0
ScriptLog: All inventory from Player is accepted
Init: Input system initialized for WindowsViewport0
Localization: No localization: GMDX.General.Product (int)
Log: Opened viewport
Localization: No localization: GMDX.General.Product (int)
Log: Bound to D3DDrv.dll
Init: DirectDraw drivers detected:
Init:    display (Primary Display Driver)
Init: D3D Device: Supports system memory DMA blts
Log: D3D Device 4194240K vram, 4183440K free
Init: Deus Ex Direct3D support