00:29:21:218 (00012568) > [Startup] Ghost of Tsushima DIRECTOR'S CUT
00:29:21:218 (00012568) > [Startup] ==============
00:29:21:218 (00012568) > [Startup] 
00:29:21:218 (00012568) > [Startup] Build: v1053.7.0809.1937
00:29:21:218 (00012568) > [Startup] Windows 11.0 (build 26200.6725)
00:29:21:218 (00012568) > [Startup] Distribution platform: Steam
00:29:21:218 (00012568) > [Startup] Game directory: E:\PC Folders\Documents\Ghost of Tsushima DIRECTOR'S CUT\
00:29:21:218 (00012568) > [Startup] Working directory: E:\Video Games\PC\Games\Others\Ghost of Tsushima
00:29:21:218 (00012568) > [Startup] Run ID: F960-4FF9-AD4F-0193
00:29:21:218 (00012568) > [Startup] 
00:29:21:218 (00012568) > [Startup] Memory statistics:
00:29:21:218 (00012568) > [Startup]   Total RAM = 31.1 GB (31893 MB)
00:29:21:218 (00012568) > [Startup]   Avail RAM = 20.3 GB (20781 MB)
00:29:21:218 (00012568) > [Startup]   Total virtual memory = 131072.0 GB (134217727 MB)
00:29:21:218 (00012568) > [Startup]   Avail virtual memory = 131066.7 GB (134212333 MB)
00:29:21:218 (00012568) > [Startup]   Total page file = 33.1 GB (33941 MB)
00:29:21:218 (00012568) > [Startup]   Avail page file = 18.1 GB (18540 MB)
00:29:21:218 (00012568) > [Startup] 
00:29:21:218 (00012568) > [Steam] Initializing.
00:29:21:218 (00012568) > [Steam] Successfully initialized.
00:29:21:218 (00012568) > [Steam] Currently connected to 0 remote sessions
00:29:21:218 (00012568) > [NxSteam] End previously existing file batch, did the game quit abnormally while saving?
00:29:21:218 (00012568) > [Steam] Steam beta branch: unknown
00:29:21:311 (00012568) > [NxApp] PreInit
00:29:21:311 (00012568) > [NxProcessorInfo] Processor info:
00:29:21:311 (00012568) > [NxProcessorInfo] 	Description:             	AMD Ryzen 5 7600X 6-Core Processor             
00:29:21:311 (00012568) > [NxProcessorInfo] 	NumaNode Count:    	0
00:29:21:311 (00012568) > [NxProcessorInfo] 	Group Count:       	1
00:29:21:311 (00012568) > [NxProcessorInfo] 	Physical Core:     	6
00:29:21:311 (00012568) > [NxProcessorInfo] 	Logical  Core:     	12
00:29:21:311 (00012568) > [NxProcessorInfo] 	Distinct L3 Cache: 	1
00:29:21:311 (00012568) > [NxProcessorInfo] 	Family:            	25
00:29:21:311 (00012568) > [NxProcessorInfo] 	Model:             	97
00:29:21:311 (00012568) > [NxProcessorInfo] 	Name:              	AMD Ryzen 5 7600X 6-Core Processor             
00:29:21:311 (00012568) > [NxProcessorInfo] 	AVX:               	1
00:29:21:311 (00012568) > [NxProcessorInfo] 	F16C:              	1
00:29:21:311 (00012568) > [NxProcessorInfo] 	AVX2:              	1
00:29:21:311 (00012568) > [NxProcessorInfo] 	NormalAffinity(auto)
00:29:21:311 (00012568) > [SwapChain] Initializing...
00:29:21:311 (00012568) > [DXGI] Initializing...
00:29:22:991 (00012568) > [NxApp] Streamline was successfully initialized.
00:29:22:992 (00012568) > [DXGI] Successfully initialized.
00:29:22:992 (00012568) > [Render] Enumerating adapters:
00:29:22:992 (00012568) > [Render] 	Adapter 0:
00:29:22:992 (00012568) > [Monitor] 		Description             : NVIDIA GeForce RTX 3060 Ti
00:29:22:992 (00012568) > [Monitor] 		Vendor                  : nVidia (10de)
00:29:22:992 (00012568) > [Monitor] 		Device                  : 2489
00:29:22:992 (00012568) > [Monitor] 		Sub system              : 40971458
00:29:22:992 (00012568) > [Monitor] 		Revision                : 161
00:29:22:992 (00012568) > [Monitor] 		Dedicated Video Memory  : 8024 MB
00:29:22:992 (00012568) > [Monitor] 		Dedicated System Memory : 0000 MB
00:29:22:992 (00012568) > [Monitor] 		Shared System Memory    : 15946 MB
00:29:22:992 (00012568) > [Monitor] 
00:29:22:992 (00012568) > [Render] Loading NVAPI...
00:29:22:992 (00012568) > [Render] Done loading NVAPI
00:29:22:992 (00012568) > [Render] 	Adapter 1:
00:29:22:992 (00012568) > [Monitor] 		Description             : AMD Radeon(TM) Graphics
00:29:22:992 (00012568) > [Monitor] 		Vendor                  : AMD (1002)
00:29:22:992 (00012568) > [Monitor] 		Device                  : 164e
00:29:22:992 (00012568) > [Monitor] 		Sub system              : 88771043
00:29:22:992 (00012568) > [Monitor] 		Revision                : 199
00:29:22:992 (00012568) > [Monitor] 		Dedicated Video Memory  : 0485 MB
00:29:22:992 (00012568) > [Monitor] 		Dedicated System Memory : 0000 MB
00:29:22:992 (00012568) > [Monitor] 		Shared System Memory    : 15946 MB
00:29:22:992 (00012568) > [Monitor] 
00:29:22:992 (00012568) > [Render] Loading ADL...
00:29:23:012 (00012568) > [Render] AGS init succeeded
00:29:23:012 (00012568) > [Render] AGS Radeon Software Version: 25.9.1
00:29:23:012 (00012568) > [Render] Done loading ADL and AGS
00:29:23:012 (00012568) > [Render] 	Adapter 2:
00:29:23:012 (00012568) > [Monitor] 		Description             : Microsoft Basic Render Driver
00:29:23:012 (00012568) > [Monitor] 		Vendor                  : Unknown (1414)
00:29:23:012 (00012568) > [Monitor] 		Device                  : 8c
00:29:23:012 (00012568) > [Monitor] 		Sub system              : 0
00:29:23:012 (00012568) > [Monitor] 		Revision                : 0
00:29:23:013 (00012568) > [Monitor] 		Dedicated Video Memory  : 0000 MB
00:29:23:013 (00012568) > [Monitor] 		Dedicated System Memory : 0000 MB
00:29:23:013 (00012568) > [Monitor] 		Shared System Memory    : 15946 MB
00:29:23:013 (00012568) > [Monitor] 
00:29:23:013 (00012568) > [Render] Enumerating monitors:
00:29:23:013 (00012568) > [Render] 	Monitor 0: handle = 0000000000010001, aspect = 2.39, rounded aspect = 2.39
00:29:23:013 (00012568) > [Render] 
00:29:23:015 (00012568) > [Render] 	Monitor handle = 0000000000010001, pixel aspect ratio = 0.99
00:29:23:015 (00012568) > [SwapChain] Successfully initialized.
00:29:23:015 (00012568) > [Render] Enumerating Display Modes:
00:29:23:016 (00012568) > [Render] Querying ADL for Eyefinity modes
00:29:23:016 (00012568) > [Render] Querying NVAPI for Surround modes
00:29:23:126 (00012568) > [Render] NvAPI_Mosaic_GetDisplayViewportsByResolution() - no surround modes detected
00:29:23:126 (00012568) > [Render] 	Monitor '1 (NVIDIA GeForce RTX 3060 Ti(1))' (0000000000010001): rect(0 2560 0 1080)
00:29:23:126 (00012568) > [Render] 		- Mode  0 :  800 x  600 @  60 Hz, stereo = 0, hdr = 0 exclusive = 0
00:29:23:126 (00012568) > [Render] 		- Mode  1 :  800 x  600 @  60 Hz, stereo = 0, hdr = 0 exclusive = 0
00:29:23:126 (00012568) > [Render] 		- Mode  2 :  800 x  600 @  75 Hz, stereo = 0, hdr = 0 exclusive = 0
00:29:23:126 (00012568) > [Render] 		- Mode  3 :  800 x  600 @  75 Hz, stereo = 0, hdr = 0 exclusive = 0
00:29:23:126 (00012568) > [Render] 		- Mode  4 :  800 x  600 @ 100 Hz, stereo = 0, hdr = 0 exclusive = 0
00:29:23:126 (00012568) > [Render] 		- Mode  5 :  800 x  600 @ 100 Hz, stereo = 0, hdr = 0 exclusive = 0
00:29:23:126 (00012568) > [Render] 		- Mode  6 :  800 x  600 @ 120 Hz, stereo = 0, hdr = 0 exclusive = 0
00:29:23:126 (00012568) > [Render] 		- Mode  7 :  800 x  600 @ 120 Hz, stereo = 0, hdr = 0 exclusive = 0
00:29:23:126 (00012568) > [Render] 		- Mode  8 :  800 x  600 @ 120 Hz, stereo = 0, hdr = 0 exclusive = 0
00:29:23:126 (00012568) > [Render] 		- Mode  9 :  800 x  600 @ 120 Hz, stereo = 0, hdr = 0 exclusive = 0
00:29:23:126 (00012568) > [Render] 		- Mode 10 :  800 x  600 @ 144 Hz, stereo = 0, hdr = 0 exclusive = 0
00:29:23:126 (00012568) > [Render] 		- Mode 11 :  800 x  600 @ 144 Hz, stereo = 0, hdr = 0 exclusive = 0
00:29:23:126 (00012568) > [Render] 		- Mode 12 : 1024 x  768 @  60 Hz, stereo = 0, hdr = 0 exclusive = 0
00:29:23:126 (00012568) > [Render] 		- Mode 13 : 1024 x  768 @  60 Hz, stereo = 0, hdr = 0 exclusive = 0
00:29:23:126 (00012568) > [Render] 		- Mode 14 : 1024 x  768 @  75 Hz, stereo = 0, hdr = 0 exclusive = 0
00:29:23:126 (00012568) > [Render] 		- Mode 15 : 1024 x  768 @  75 Hz, stereo = 0, hdr = 0 exclusive = 0
00:29:23:126 (00012568) > [Render] 		- Mode 16 : 1024 x  768 @ 100 Hz, stereo = 0, hdr = 0 exclusive = 0
00:29:23:126 (00012568) > [Render] 		- Mode 17 : 1024 x  768 @ 100 Hz, stereo = 0, hdr = 0 exclusive = 0
00:29:23:126 (00012568) > [Render] 		- Mode 18 : 1024 x  768 @ 120 Hz, stereo = 0, hdr = 0 exclusive = 0
00:29:23:126 (00012568) > [Render] 		- Mode 19 : 1024 x  768 @ 120 Hz, stereo = 0, hdr = 0 exclusive = 0
00:29:23:126 (00012568) > [Render] 		- Mode 20 : 1024 x  768 @ 120 Hz, stereo = 0, hdr = 0 exclusive = 0
00:29:23:126 (00012568) > [Render] 		- Mode 21 : 1024 x  768 @ 120 Hz, stereo = 0, hdr = 0 exclusive = 0
00:29:23:126 (00012568) > [Render] 		- Mode 22 : 1024 x  768 @ 144 Hz, stereo = 0, hdr = 0 exclusive = 0
00:29:23:126 (00012568) > [Render] 		- Mode 23 : 1024 x  768 @ 144 Hz, stereo = 0, hdr = 0 exclusive = 0
00:29:23:126 (00012568) > [Render] 		- Mode 24 : 1152 x  864 @  60 Hz, stereo = 0, hdr = 0 exclusive = 0
00:29:23:126 (00012568) > [Render] 		- Mode 25 : 1152 x  864 @  60 Hz, stereo = 0, hdr = 0 exclusive = 0
00:29:23:126 (00012568) > [Render] 		- Mode 26 : 1152 x  864 @  75 Hz, stereo = 0, hdr = 0 exclusive = 0
00:29:23:126 (00012568) > [Render] 		- Mode 27 : 1152 x  864 @  75 Hz, stereo = 0, hdr = 0 exclusive = 0
00:29:23:126 (00012568) > [Render] 		- Mode 28 : 1152 x  864 @ 100 Hz, stereo = 0, hdr = 0 exclusive = 0
00:29:23:126 (00012568) > [Render] 		- Mode 29 : 1152 x  864 @ 100 Hz, stereo = 0, hdr = 0 exclusive = 0
00:29:23:126 (00012568) > [Render] 		- Mode 30 : 1152 x  864 @ 120 Hz, stereo = 0, hdr = 0 exclusive = 0
00:29:23:126 (00012568) > [Render] 		- Mode 31 : 1152 x  864 @ 120 Hz, stereo = 0, hdr = 0 exclusive = 0
00:29:23:126 (00012568) > [Render] 		- Mode 32 : 1152 x  864 @ 120 Hz, stereo = 0, hdr = 0 exclusive = 0
00:29:23:126 (00012568) > [Render] 		- Mode 33 : 1152 x  864 @ 120 Hz, stereo = 0, hdr = 0 exclusive = 0
00:29:23:126 (00012568) > [Render] 		- Mode 34 : 1152 x  864 @ 144 Hz, stereo = 0, hdr = 0 exclusive = 0
00:29:23:126 (00012568) > [Render] 		- Mode 35 : 1152 x  864 @ 144 Hz, stereo = 0, hdr = 0 exclusive = 0
00:29:23:126 (00012568) > [Render] 		- Mode 36 : 1176 x  664 @  60 Hz, stereo = 0, hdr = 0 exclusive = 0
00:29:23:126 (00012568) > [Render] 		- Mode 37 : 1176 x  664 @  60 Hz, stereo = 0, hdr = 0 exclusive = 0
00:29:23:126 (00012568) > [Render] 		- Mode 38 : 1176 x  664 @  75 Hz, stereo = 0, hdr = 0 exclusive = 0
00:29:23:126 (00012568) > [Render] 		- Mode 39 : 1176 x  664 @  75 Hz, stereo = 0, hdr = 0 exclusive = 0
00:29:23:126 (00012568) > [Render] 		- Mode 40 : 1176 x  664 @ 100 Hz, stereo = 0, hdr = 0 exclusive = 0
00:29:23:126 (00012568) > [Render] 		- Mode 41 : 1176 x  664 @ 100 Hz, stereo = 0, hdr = 0 exclusive = 0
00:29:23:126 (00012568) > [Render] 		- Mode 42 : 1176 x  664 @ 120 Hz, stereo = 0, hdr = 0 exclusive = 0
00:29:23:126 (00012568) > [Render] 		- Mode 43 : 1176 x  664 @ 120 Hz, stereo = 0, hdr = 0 exclusive = 0
00:29:23:126 (00012568) > [Render] 		- Mode 44 : 1176 x  664 @  60 Hz, stereo = 0, hdr = 0 exclusive = 0
00:29:23:126 (00012568) > [Render] 		- Mode 45 : 1176 x  664 @  60 Hz, stereo = 0, hdr = 0 exclusive = 0
00:29:23:126 (00012568) > [Render] 		- Mode 46 : 1176 x  664 @ 120 Hz, stereo = 0, hdr = 0 exclusive = 0
00:29:23:126 (00012568) > [Render] 		- Mode 47 : 1176 x  664 @ 120 Hz, stereo = 0, hdr = 0 exclusive = 0
00:29:23:126 (00012568) > [Render] 		- Mode 48 : 1176 x  664 @ 144 Hz, stereo = 0, hdr = 0 exclusive = 0
00:29:23:126 (00012568) > [Render] 		- Mode 49 : 1176 x  664 @ 144 Hz, stereo = 0, hdr = 0 exclusive = 0
00:29:23:126 (00012568) > [Render] 		- Mode 50 : 1280 x  720 @  60 Hz, stereo = 0, hdr = 0 exclusive = 0
00:29:23:126 (00012568) > [Render] 		- Mode 51 : 1280 x  720 @  60 Hz, stereo = 0, hdr = 0 exclusive = 0
00:29:23:126 (00012568) > [Render] 		- Mode 52 : 1280 x  720 @  75 Hz, stereo = 0, hdr = 0 exclusive = 0
00:29:23:126 (00012568) > [Render] 		- Mode 53 : 1280 x  720 @  75 Hz, stereo = 0, hdr = 0 exclusive = 0
00:29:23:126 (00012568) > [Render] 		- Mode 54 : 1280 x  720 @ 100 Hz, stereo = 0, hdr = 0 exclusive = 0
00:29:23:126 (00012568) > [Render] 		- Mode 55 : 1280 x  720 @ 100 Hz, stereo = 0, hdr = 0 exclusive = 0
00:29:23:126 (00012568) > [Render] 		- Mode 56 : 1280 x  720 @ 120 Hz, stereo = 0, hdr = 0 exclusive = 0
00:29:23:126 (00012568) > [Render] 		- Mode 57 : 1280 x  720 @ 120 Hz, stereo = 0, hdr = 0 exclusive = 0
00:29:23:126 (00012568) > [Render] 		- Mode 58 : 1280 x  720 @  60 Hz, stereo = 0, hdr = 0 exclusive = 0
00:29:23:126 (00012568) > [Render] 		- Mode 59 : 1280 x  720 @ 120 Hz, stereo = 0, hdr = 0 exclusive = 0
00:29:23:126 (00012568) > [Render] 		- Mode 60 : 1280 x  720 @ 144 Hz, stereo = 0, hdr = 0 exclusive = 0
00:29:23:126 (00012568) > [Render] 		- Mode 61 : 1280 x  720 @ 144 Hz, stereo = 0, hdr = 0 exclusive = 0
00:29:23:126 (00012568) > [Render] 		- Mode 62 : 1280 x  768 @  60 Hz, stereo = 0, hdr = 0 exclusive = 0
00:29:23:126 (00012568) > [Render] 		- Mode 63 : 1280 x  768 @  60 Hz, stereo = 0, hdr = 0 exclusive = 0
00:29:23:126 (00012568) > [Render] 		- Mode 64 : 1280 x  768 @  75 Hz, stereo = 0, hdr = 0 exclusive = 0
00:29:23:126 (00012568) > [Render] 		- Mode 65 : 1280 x  768 @  75 Hz, stereo = 0, hdr = 0 exclusive = 0
00:29:23:126 (00012568) > [Render] 		- Mode 66 : 1280 x  768 @ 100 Hz, stereo = 0, hdr = 0 exclusive = 0
00:29:23:126 (00012568) > [Render] 		- Mode 67 : 1280 x  768 @ 100 Hz, stereo = 0, hdr = 0 exclusive = 0
00:29:23:126 (00012568) > [Render] 		- Mode 68 : 1280 x  768 @ 120 Hz, stereo = 0, hdr = 0 exclusive = 0
00:29:23:126 (00012568) > [Render] 		- Mode 69 : 1280 x  768 @ 120 Hz, stereo = 0, hdr = 0 exclusive = 0
00:29:23:126 (00012568) > [Render] 		- Mode 70 : 1280 x  768 @ 120 Hz, stereo = 0, hdr = 0 exclusive = 0
00:29:23:126 (00012568) > [Render] 		- Mode 71 : 1280 x  768 @ 120 Hz, stereo = 0, hdr = 0 exclusive = 0
00:29:23:126 (00012568) > [Render] 		- Mode 72 : 1280 x  768 @ 144 Hz, stereo = 0, hdr = 0 exclusive = 0
00:29:23:126 (00012568) > [Render] 		- Mode 73 : 1280 x  768 @ 144 Hz, stereo = 0, hdr = 0 exclusive = 0
00:29:23:126 (00012568) > [Render] 		- Mode 74 : 1280 x  800 @  60 Hz, stereo = 0, hdr = 0 exclusive = 0
00:29:23:126 (00012568) > [Render] 		- Mode 75 : 1280 x  800 @  60 Hz, stereo = 0, hdr = 0 exclusive = 0
00:29:23:126 (00012568) > [Render] 		- Mode 76 : 1280 x  800 @  75 Hz, stereo = 0, hdr = 0 exclusive = 0
00:29:23:126 (00012568) > [Render] 		- Mode 77 : 1280 x  800 @  75 Hz, stereo = 0, hdr = 0 exclusive = 0
00:29:23:126 (00012568) > [Render] 		- Mode 78 : 1280 x  800 @ 100 Hz, stereo = 0, hdr = 0 exclusive = 0
00:29:23:126 (00012568) > [Render] 		- Mode 79 : 1280 x  800 @ 100 Hz, stereo = 0, hdr = 0 exclusive = 0
00:29:23:126 (00012568) > [Render] 		- Mode 80 : 1280 x  800 @ 120 Hz, stereo = 0, hdr = 0 exclusive = 0
00:29:23:126 (00012568) > [Render] 		- Mode 81 : 1280 x  800 @ 120 Hz, stereo = 0, hdr = 0 exclusive = 0
00:29:23:126 (00012568) > [Render] 		- Mode 82 : 1280 x  800 @ 120 Hz, stereo = 0, hdr = 0 exclusive = 0
00:29:23:126 (00012568) > [Render] 		- Mode 83 : 1280 x  800 @ 120 Hz, stereo = 0, hdr = 0 exclusive = 0
00:29:23:126 (00012568) > [Render] 		- Mode 84 : 1280 x  800 @ 144 Hz, stereo = 0, hdr = 0 exclusive = 0
00:29:23:126 (00012568) > [Render] 		- Mode 85 : 1280 x  800 @ 144 Hz, stereo = 0, hdr = 0 exclusive = 0
00:29:23:126 (00012568) > [Render] 		- Mode 86 : 1280 x  960 @  60 Hz, stereo = 0, hdr = 0 exclusive = 0
00:29:23:126 (00012568) > [Render] 		- Mode 87 : 1280 x  960 @  60 Hz, stereo = 0, hdr = 0 exclusive = 0
00:29:23:126 (00012568) > [Render] 		- Mode 88 : 1280 x  960 @  75 Hz, stereo = 0, hdr = 0 exclusive = 0
00:29:23:126 (00012568) > [Render] 		- Mode 89 : 1280 x  960 @  75 Hz, stereo = 0, hdr = 0 exclusive = 0
00:29:23:126 (00012568) > [Render] 		- Mode 90 : 1280 x  960 @ 100 Hz, stereo = 0, hdr = 0 exclusive = 0
00:29:23:126 (00012568) > [Render] 		- Mode 91 : 1280 x  960 @ 100 Hz, stereo = 0, hdr = 0 exclusive = 0
00:29:23:126 (00012568) > [Render] 		- Mode 92 : 1280 x  960 @ 120 Hz, stereo = 0, hdr = 0 exclusive = 0
00:29:23:126 (00012568) > [Render] 		- Mode 93 : 1280 x  960 @ 120 Hz, stereo = 0, hdr = 0 exclusive = 0
00:29:23:126 (00012568) > [Render] 		- Mode 94 : 1280 x  960 @ 120 Hz, stereo = 0, hdr = 0 exclusive = 0
00:29:23:126 (00012568) > [Render] 		- Mode 95 : 1280 x  960 @ 120 Hz, stereo = 0, hdr = 0 exclusive = 0
00:29:23:126 (00012568) > [Render] 		- Mode 96 : 1280 x  960 @ 144 Hz, stereo = 0, hdr = 0 exclusive = 0
00:29:23:127 (00012568) > [Render] 		- Mode 97 : 1280 x  960 @ 144 Hz, stereo = 0, hdr = 0 exclusive = 0
00:29:23:127 (00012568) > [Render] 		- Mode 98 : 1280 x 1024 @  60 Hz, stereo = 0, hdr = 0 exclusive = 0
00:29:23:127 (00012568) > [Render] 		- Mode 99 : 1280 x 1024 @  60 Hz, stereo = 0, hdr = 0 exclusive = 0
00:29:23:127 (00012568) > [Render] 		- Mode 100 : 1280 x 1024 @  75 Hz, stereo = 0, hdr = 0 exclusive = 0
00:29:23:127 (00012568) > [Render] 		- Mode 101 : 1280 x 1024 @  75 Hz, stereo = 0, hdr = 0 exclusive = 0
00:29:23:127 (00012568) > [Render] 		- Mode 102 : 1280 x 1024 @ 100 Hz, stereo = 0, hdr = 0 exclusive = 0
00:29:23:127 (00012568) > [Render] 		- Mode 103 : 1280 x 1024 @ 100 Hz, stereo = 0, hdr = 0 exclusive = 0
00:29:23:127 (00012568) > [Render] 		- Mode 104 : 1280 x 1024 @ 120 Hz, stereo = 0, hdr = 0 exclusive = 0
00:29:23:127 (00012568) > [Render] 		- Mode 105 : 1280 x 1024 @ 120 Hz, stereo = 0, hdr = 0 exclusive = 0
00:29:23:127 (00012568) > [Render] 		- Mode 106 : 1280 x 1024 @ 120 Hz, stereo = 0, hdr = 0 exclusive = 0
00:29:23:127 (00012568) > [Render] 		- Mode 107 : 1280 x 1024 @ 120 Hz, stereo = 0, hdr = 0 exclusive = 0
00:29:23:127 (00012568) > [Render] 		- Mode 108 : 1280 x 1024 @ 144 Hz, stereo = 0, hdr = 0 exclusive = 0
00:29:23:127 (00012568) > [Render] 		- Mode 109 : 1280 x 1024 @ 144 Hz, stereo = 0, hdr = 0 exclusive = 0
00:29:23:127 (00012568) > [Render] 		- Mode 110 : 1360 x  768 @  60 Hz, stereo = 0, hdr = 0 exclusive = 0
00:29:23:127 (00012568) > [Render] 		- Mode 111 : 1360 x  768 @  60 Hz, stereo = 0, hdr = 0 exclusive = 0
00:29:23:127 (00012568) > [Render] 		- Mode 112 : 1360 x  768 @  75 Hz, stereo = 0, hdr = 0 exclusive = 0
00:29:23:127 (00012568) > [Render] 		- Mode 113 : 1360 x  768 @  75 Hz, stereo = 0, hdr = 0 exclusive = 0
00:29:23:127 (00012568) > [Render] 		- Mode 114 : 1360 x  768 @ 100 Hz, stereo = 0, hdr = 0 exclusive = 0
00:29:23:127 (00012568) > [Render] 		- Mode 115 : 1360 x  768 @ 100 Hz, stereo = 0, hdr = 0 exclusive = 0
00:29:23:127 (00012568) > [Render] 		- Mode 116 : 1360 x  768 @ 120 Hz, stereo = 0, hdr = 0 exclusive = 0
00:29:23:127 (00012568) > [Render] 		- Mode 117 : 1360 x  768 @ 120 Hz, stereo = 0, hdr = 0 exclusive = 0
00:29:23:127 (00012568) > [Render] 		- Mode 118 : 1360 x  768 @ 120 Hz, stereo = 0, hdr = 0 exclusive = 0
00:29:23:127 (00012568) > [Render] 		- Mode 119 : 1360 x  768 @ 120 Hz, stereo = 0, hdr = 0 exclusive = 0
00:29:23:127 (00012568) > [Render] 		- Mode 120 : 1360 x  768 @ 144 Hz, stereo = 0, hdr = 0 exclusive = 0
00:29:23:127 (00012568) > [Render] 		- Mode 121 : 1360 x  768 @ 144 Hz, stereo = 0, hdr = 0 exclusive = 0
00:29:23:127 (00012568) > [Render] 		- Mode 122 : 1366 x  768 @  60 Hz, stereo = 0, hdr = 0 exclusive = 0
00:29:23:127 (00012568) > [Render] 		- Mode 123 : 1366 x  768 @  60 Hz, stereo = 0, hdr = 0 exclusive = 0
00:29:23:127 (00012568) > [Render] 		- Mode 124 : 1366 x  768 @  75 Hz, stereo = 0, hdr = 0 exclusive = 0
00:29:23:127 (00012568) > [Render] 		- Mode 125 : 1366 x  768 @  75 Hz, stereo = 0, hdr = 0 exclusive = 0
00:29:23:127 (00012568) > [Render] 		- Mode 126 : 1366 x  768 @ 100 Hz, stereo = 0, hdr = 0 exclusive = 0
00:29:23:127 (00012568) > [Render] 		- Mode 127 : 1366 x  768 @ 100 Hz, stereo = 0, hdr = 0 exclusive = 0
00:29:23:127 (00012568) > [Render] 		- Mode 128 : 1366 x  768 @ 120 Hz, stereo = 0, hdr = 0 exclusive = 0
00:29:23:127 (00012568) > [Render] 		- Mode 129 : 1366 x  768 @ 120 Hz, stereo = 0, hdr = 0 exclusive = 0
00:29:23:127 (00012568) > [Render] 		- Mode 130 : 1366 x  768 @ 120 Hz, stereo = 0, hdr = 0 exclusive = 0
00:29:23:127 (00012568) > [Render] 		- Mode 131 : 1366 x  768 @ 120 Hz, stereo = 0, hdr = 0 exclusive = 0
00:29:23:127 (00012568) > [Render] 		- Mode 132 : 1366 x  768 @ 144 Hz, stereo = 0, hdr = 0 exclusive = 0
00:29:23:127 (00012568) > [Render] 		- Mode 133 : 1366 x  768 @ 144 Hz, stereo = 0, hdr = 0 exclusive = 0
00:29:23:127 (00012568) > [Render] 		- Mode 134 : 1440 x 1080 @  60 Hz, stereo = 0, hdr = 0 exclusive = 0
00:29:23:127 (00012568) > [Render] 		- Mode 135 : 1440 x 1080 @  60 Hz, stereo = 0, hdr = 0 exclusive = 0
00:29:23:127 (00012568) > [Render] 		- Mode 136 : 1440 x 1080 @  75 Hz, stereo = 0, hdr = 0 exclusive = 0
00:29:23:127 (00012568) > [Render] 		- Mode 137 : 1440 x 1080 @  75 Hz, stereo = 0, hdr = 0 exclusive = 0
00:29:23:127 (00012568) > [Render] 		- Mode 138 : 1440 x 1080 @ 100 Hz, stereo = 0, hdr = 0 exclusive = 0
00:29:23:127 (00012568) > [Render] 		- Mode 139 : 1440 x 1080 @ 100 Hz, stereo = 0, hdr = 0 exclusive = 0
00:29:23:127 (00012568) > [Render] 		- Mode 140 : 1440 x 1080 @ 120 Hz, stereo = 0, hdr = 0 exclusive = 0
00:29:23:127 (00012568) > [Render] 		- Mode 141 : 1440 x 1080 @ 120 Hz, stereo = 0, hdr = 0 exclusive = 0
00:29:23:127 (00012568) > [Render] 		- Mode 142 : 1440 x 1080 @  60 Hz, stereo = 0, hdr = 0 exclusive = 0
00:29:23:127 (00012568) > [Render] 		- Mode 143 : 1440 x 1080 @  60 Hz, stereo = 0, hdr = 0 exclusive = 0
00:29:23:127 (00012568) > [Render] 		- Mode 144 : 1440 x 1080 @ 120 Hz, stereo = 0, hdr = 0 exclusive = 0
00:29:23:127 (00012568) > [Render] 		- Mode 145 : 1440 x 1080 @ 120 Hz, stereo = 0, hdr = 0 exclusive = 0
00:29:23:127 (00012568) > [Render] 		- Mode 146 : 1440 x 1080 @ 144 Hz, stereo = 0, hdr = 0 exclusive = 0
00:29:23:127 (00012568) > [Render] 		- Mode 147 : 1440 x 1080 @ 144 Hz, stereo = 0, hdr = 0 exclusive = 0
00:29:23:127 (00012568) > [Render] 		- Mode 148 : 1600 x  900 @  60 Hz, stereo = 0, hdr = 0 exclusive = 0
00:29:23:127 (00012568) > [Render] 		- Mode 149 : 1600 x  900 @  60 Hz, stereo = 0, hdr = 0 exclusive = 0
00:29:23:127 (00012568) > [Render] 		- Mode 150 : 1600 x  900 @  75 Hz, stereo = 0, hdr = 0 exclusive = 0
00:29:23:127 (00012568) > [Render] 		- Mode 151 : 1600 x  900 @  75 Hz, stereo = 0, hdr = 0 exclusive = 0
00:29:23:127 (00012568) > [Render] 		- Mode 152 : 1600 x  900 @ 100 Hz, stereo = 0, hdr = 0 exclusive = 0
00:29:23:127 (00012568) > [Render] 		- Mode 153 : 1600 x  900 @ 100 Hz, stereo = 0, hdr = 0 exclusive = 0
00:29:23:127 (00012568) > [Render] 		- Mode 154 : 1600 x  900 @ 120 Hz, stereo = 0, hdr = 0 exclusive = 0
00:29:23:127 (00012568) > [Render] 		- Mode 155 : 1600 x  900 @ 120 Hz, stereo = 0, hdr = 0 exclusive = 0
00:29:23:127 (00012568) > [Render] 		- Mode 156 : 1600 x  900 @ 120 Hz, stereo = 0, hdr = 0 exclusive = 0
00:29:23:127 (00012568) > [Render] 		- Mode 157 : 1600 x  900 @ 120 Hz, stereo = 0, hdr = 0 exclusive = 0
00:29:23:127 (00012568) > [Render] 		- Mode 158 : 1600 x  900 @ 144 Hz, stereo = 0, hdr = 0 exclusive = 0
00:29:23:127 (00012568) > [Render] 		- Mode 159 : 1600 x  900 @ 144 Hz, stereo = 0, hdr = 0 exclusive = 0
00:29:23:127 (00012568) > [Render] 		- Mode 160 : 1600 x 1024 @  60 Hz, stereo = 0, hdr = 0 exclusive = 0
00:29:23:127 (00012568) > [Render] 		- Mode 161 : 1600 x 1024 @  60 Hz, stereo = 0, hdr = 0 exclusive = 0
00:29:23:127 (00012568) > [Render] 		- Mode 162 : 1600 x 1024 @  75 Hz, stereo = 0, hdr = 0 exclusive = 0
00:29:23:127 (00012568) > [Render] 		- Mode 163 : 1600 x 1024 @  75 Hz, stereo = 0, hdr = 0 exclusive = 0
00:29:23:127 (00012568) > [Render] 		- Mode 164 : 1600 x 1024 @ 100 Hz, stereo = 0, hdr = 0 exclusive = 0
00:29:23:127 (00012568) > [Render] 		- Mode 165 : 1600 x 1024 @ 100 Hz, stereo = 0, hdr = 0 exclusive = 0
00:29:23:127 (00012568) > [Render] 		- Mode 166 : 1600 x 1024 @ 120 Hz, stereo = 0, hdr = 0 exclusive = 0
00:29:23:127 (00012568) > [Render] 		- Mode 167 : 1600 x 1024 @ 120 Hz, stereo = 0, hdr = 0 exclusive = 0
00:29:23:127 (00012568) > [Render] 		- Mode 168 : 1600 x 1024 @  60 Hz, stereo = 0, hdr = 0 exclusive = 0
00:29:23:127 (00012568) > [Render] 		- Mode 169 : 1600 x 1024 @  60 Hz, stereo = 0, hdr = 0 exclusive = 0
00:29:23:127 (00012568) > [Render] 		- Mode 170 : 1600 x 1024 @ 120 Hz, stereo = 0, hdr = 0 exclusive = 0
00:29:23:127 (00012568) > [Render] 		- Mode 171 : 1600 x 1024 @ 120 Hz, stereo = 0, hdr = 0 exclusive = 0
00:29:23:127 (00012568) > [Render] 		- Mode 172 : 1600 x 1024 @ 144 Hz, stereo = 0, hdr = 0 exclusive = 0
00:29:23:127 (00012568) > [Render] 		- Mode 173 : 1600 x 1024 @ 144 Hz, stereo = 0, hdr = 0 exclusive = 0
00:29:23:127 (00012568) > [Render] 		- Mode 174 : 1680 x 1050 @  60 Hz, stereo = 0, hdr = 0 exclusive = 0
00:29:23:127 (00012568) > [Render] 		- Mode 175 : 1680 x 1050 @  60 Hz, stereo = 0, hdr = 0 exclusive = 0
00:29:23:127 (00012568) > [Render] 		- Mode 176 : 1680 x 1050 @  75 Hz, stereo = 0, hdr = 0 exclusive = 0
00:29:23:127 (00012568) > [Render] 		- Mode 177 : 1680 x 1050 @  75 Hz, stereo = 0, hdr = 0 exclusive = 0
00:29:23:127 (00012568) > [Render] 		- Mode 178 : 1680 x 1050 @ 100 Hz, stereo = 0, hdr = 0 exclusive = 0
00:29:23:127 (00012568) > [Render] 		- Mode 179 : 1680 x 1050 @ 100 Hz, stereo = 0, hdr = 0 exclusive = 0
00:29:23:127 (00012568) > [Render] 		- Mode 180 : 1680 x 1050 @ 120 Hz, stereo = 0, hdr = 0 exclusive = 0
00:29:23:127 (00012568) > [Render] 		- Mode 181 : 1680 x 1050 @ 120 Hz, stereo = 0, hdr = 0 exclusive = 0
00:29:23:127 (00012568) > [Render] 		- Mode 182 : 1680 x 1050 @  60 Hz, stereo = 0, hdr = 0 exclusive = 0
00:29:23:127 (00012568) > [Render] 		- Mode 183 : 1680 x 1050 @  60 Hz, stereo = 0, hdr = 0 exclusive = 0
00:29:23:127 (00012568) > [Render] 		- Mode 184 : 1680 x 1050 @ 120 Hz, stereo = 0, hdr = 0 exclusive = 0
00:29:23:127 (00012568) > [Render] 		- Mode 185 : 1680 x 1050 @ 120 Hz, stereo = 0, hdr = 0 exclusive = 0
00:29:23:127 (00012568) > [Render] 		- Mode 186 : 1680 x 1050 @ 144 Hz, stereo = 0, hdr = 0 exclusive = 0
00:29:23:127 (00012568) > [Render] 		- Mode 187 : 1680 x 1050 @ 144 Hz, stereo = 0, hdr = 0 exclusive = 0
00:29:23:127 (00012568) > [Render] 		- Mode 188 : 1920 x 1080 @  60 Hz, stereo = 0, hdr = 0 exclusive = 0
00:29:23:127 (00012568) > [Render] 		- Mode 189 : 1920 x 1080 @  60 Hz, stereo = 0, hdr = 0 exclusive = 0
00:29:23:127 (00012568) > [Render] 		- Mode 190 : 1920 x 1080 @  75 Hz, stereo = 0, hdr = 0 exclusive = 0
00:29:23:127 (00012568) > [Render] 		- Mode 191 : 1920 x 1080 @  75 Hz, stereo = 0, hdr = 0 exclusive = 0
00:29:23:127 (00012568) > [Render] 		- Mode 192 : 1920 x 1080 @ 100 Hz, stereo = 0, hdr = 0 exclusive = 0
00:29:23:127 (00012568) > [Render] 		- Mode 193 : 1920 x 1080 @ 100 Hz, stereo = 0, hdr = 0 exclusive = 0
00:29:23:127 (00012568) > [Render] 		- Mode 194 : 1920 x 1080 @ 120 Hz, stereo = 0, hdr = 0 exclusive = 0
00:29:23:127 (00012568) > [Render] 		- Mode 195 : 1920 x 1080 @ 120 Hz, stereo = 0, hdr = 0 exclusive = 0
00:29:23:127 (00012568) > [Render] 		- Mode 196 : 1920 x 1080 @  60 Hz, stereo = 0, hdr = 0 exclusive = 0
00:29:23:127 (00012568) > [Render] 		- Mode 197 : 1920 x 1080 @ 120 Hz, stereo = 0, hdr = 0 exclusive = 0
00:29:23:127 (00012568) > [Render] 		- Mode 198 : 1920 x 1080 @ 144 Hz, stereo = 0, hdr = 0 exclusive = 0
00:29:23:127 (00012568) > [Render] 		- Mode 199 : 1920 x 1080 @ 144 Hz, stereo = 0, hdr = 0 exclusive = 0
00:29:23:127 (00012568) > [Render] 		- Mode 200 : 2560 x 1080 @  60 Hz, stereo = 0, hdr = 0 exclusive = 0
00:29:23:127 (00012568) > [Render] 		- Mode 201 : 2560 x 1080 @  75 Hz, stereo = 0, hdr = 0 exclusive = 0
00:29:23:127 (00012568) > [Render] 		- Mode 202 : 2560 x 1080 @ 100 Hz, stereo = 0, hdr = 0 exclusive = 0
00:29:23:127 (00012568) > [Render] 		- Mode 203 : 2560 x 1080 @ 120 Hz, stereo = 0, hdr = 0 exclusive = 0
00:29:23:127 (00012568) > [Render] 		- Mode 204 : 2560 x 1080 @  60 Hz, stereo = 0, hdr = 0 exclusive = 0
00:29:23:127 (00012568) > [Render] 		- Mode 205 : 2560 x 1080 @ 120 Hz, stereo = 0, hdr = 0 exclusive = 0
00:29:23:127 (00012568) > [Render] 		- Mode 206 : 2560 x 1080 @ 144 Hz, stereo = 0, hdr = 0 exclusive = 0
00:29:23:127 (00012568) > [Render] ***** Additional Monitor Output Info *****
00:29:23:127 (00012568) > [Render] 		BitsPerColor: 8
00:29:23:127 (00012568) > [Render] 		Primaries: R=0.6514;0.3320  G=0.3066;0.6309  B=0.1504;0.0596  White-Point=0.3135;0.3291
00:29:23:127 (00012568) > [Render] 		HDR: No (Color Space: DXGI_COLOR_SPACE_RGB_FULL_G22_NONE_P709)
00:29:23:127 (00012568) > [Render] 		Luminance: Min=0.3037 Max=301.8492 MaxFullFrame=243.0556
00:29:23:127 (00012568) > [Render] ******************************************
00:29:23:127 (00012568) > [Render] 
00:29:23:278 (00012568) > [NxReflex] Reflex support result:Result::eOk
00:29:23:278 (00012568) > [NxReflex] Reflex GetState result:Result::eErrorNotInitialized
00:29:23:278 (00012568) > [NxReflex] DLSSG support result:Result::eErrorNoSupportedAdapterFound
00:29:23:278 (00012568) > [NxApp] Querying GPU Driver Info...
00:29:23:278 (00012568) > [NxApp] Enumerating available display adapters:
00:29:23:288 (00012568) > [NxApp] 		NVIDIA GeForce RTX 3060 Ti (active)
00:29:23:288 (00012568) > [NxApp] 		AMD Radeon(TM) Graphics
00:29:23:288 (00012568) > [NxApp] Successfully found GPU Driver Info
00:29:23:288 (00012568) > [D3D] Max supported feature level: 11.0
00:29:23:288 (00012568) > [Render] Disabled D3D12 experimentals
00:29:23:396 (00012568) > [Render] VMEM Budget: 7256 MB
00:29:23:396 (00012568) > [Render] VMEM Available: 7249 MB
00:29:24:076 (00012568) > [Render] GPU node count: 1
00:29:24:101 (00012568) > [NxFfx] Anti-Lag2 not supported. Error code (-2147024809)
00:29:24:101 (00012568) > [NxReflex] Reflex support result:Result::eOk
00:29:24:101 (00012568) > [NxReflex] Reflex GetState result:Result::eOk
00:29:24:101 (00012568) > [NxApp] PreInit successful.
00:29:24:101 (00012568) > [NxUpscaler] SL DLSS support: Result::eOk
00:29:24:142 (00012568) > [NxUpscaler] XeSS init, code = 0
00:29:24:146 (00012568) > [Input] Keyboard language: "English (United States)" (id: 1033)
00:29:24:146 (00012568) > [Input] Keyboard physical layout: "US" (id: 00000409)
00:29:24:146 (00012568) > [Input] Keyboard            ""   type 81 subType 0 mode 1 function 12 indicators 3 total 160
00:29:24:146 (00012568) > [Input] Keyboard            ""   type 81 subType 0 mode 1 function 12 indicators 3 total 265
00:29:24:146 (00012568) > [Input] Human Input Device  ""   product 13330 vendor 14 version 26369 usage 1 usagePage 12
00:29:24:147 (00012568) > [Input] Joystick            ""   product 4172 vendor 1008 version 0 usage 1 usagePage 12 xinput no
00:29:24:147 (00012568) > [Input] Joystick            ""   product 4172 vendor 1008 version 0 usage 1 usagePage 65285 xinput no
00:29:24:147 (00012568) > [Input] Joystick            ""   product 4172 vendor 1008 version 0 usage 1 usagePage 65285 xinput no
00:29:24:147 (00012568) > [Input] Joystick            ""   product 6575 vendor 2821 version 256 usage 161 usagePage 65394 xinput no
00:29:24:147 (00012568) > [Input] Mouse               "HID-compliant mouse"   id 256 buttons 8 sampleRate 0 horizontalWheel no
00:29:24:147 (00012568) > [Input] Keyboard            "HID Keyboard Device"   type 81 subType 0 mode 1 function 12 indicators 3 total 264
00:29:24:147 (00012568) > [Input] Could not initialize Windows.Gaming.Input
00:29:24:147 (00012568) > [Input] Trying to load libScePad from C:\ProgramData\Sony Interactive Entertainment Inc\PSPC_SDK\S22\5.00.00.15\libScePad.dll
00:29:24:148 (00012568) > [Input] Using LibScePad
00:29:24:149 (00012568) > [XInput] Enumerating available xusb hid devices:

00:29:26:522 (00012568) > [NxReflex] Reflex support result:Result::eOk
00:29:26:522 (00012568) > [NxReflex] Reflex GetState result:Result::eOk
00:29:26:522 (00012568) > [NxReflex] DLSSG support result:Result::eErrorNoSupportedAdapterFound
00:29:26:522 (00012568) > [NxApp] Driver Desc: NVIDIA GeForce RTX 3060 Ti
00:29:26:522 (00012568) > [NxApp] Driver Version: 572.47
00:29:26:522 (00012568) > [**************************************************Display + Graphics Settings**************************************************] 
00:29:26:522 (00012568) > [Settings] DirectX Version: 12
00:29:26:522 (00012568) > [Settings] Window mode: Fullscreen
00:29:26:522 (00012568) > [Settings] Fullscreen display mode:
00:29:26:522 (00012568) > [Settings] 	Displaying on monitor: 0
00:29:26:522 (00012568) > [Settings] 	Resolution: 2560x1080
00:29:26:522 (00012568) > [Settings] 	Forced Aspect Ratio: Auto
00:29:26:522 (00012568) > [Settings] 	HDR: Off
00:29:26:522 (00012568) > [Settings] 	OS reported Refresh rate: 144
00:29:26:524 (00012568) > [Settings] 	VSync: Off
00:29:26:524 (00012568) > [Settings] 	Reflex: Low Latency
00:29:26:524 (00012568) > [Settings] 	Anti-Lag2: Off
00:29:26:524 (00012568) > [Settings] 	Frame generation: None
00:29:26:524 (00012568) > [Settings] 	Dynamic resolution FPS target: 0
00:29:26:524 (00012568) > [Settings] Anti aliasing: DLAA
00:29:26:524 (00012568) > [Settings] Upscale method: DLSS
00:29:26:524 (00012568) > [Settings] Upscale quality: Quality
00:29:26:524 (00012568) > [Settings] Graphics Options:
00:29:26:524 (00012568) > [Settings] 	Texture Quality: Ultra
00:29:26:524 (00012568) > [Settings] 	Texture Filtering: Anisotropic16x
00:29:26:524 (00012568) > [Settings] 	Shadow Quality: Ultra
00:29:26:524 (00012568) > [Settings] 	Depth of Field: Off
00:29:26:524 (00012568) > [Settings] 	Level of Detail: VeryHigh
00:29:26:524 (00012568) > [Settings] 	Terrain Detail: High
00:29:26:524 (00012568) > [Settings] 	Ambient Occlusion: XeGTAO
00:29:26:524 (00012568) > [Settings] 	Screen Space Reflections: Full Res
00:29:26:524 (00012568) > [Settings] 	Screen Space Shadows: Very High
00:29:26:524 (00012568) > [Settings] 	Volumetric Fog: Very High
00:29:26:524 (00012568) > [Settings] 	Bloom: On
00:29:26:524 (00012568) > [Settings] 	Vignette: Off
00:29:26:524 (00012568) > [Settings] 	Caustics: On
00:29:26:524 (00012568) > [Settings] 	Motion Blur: 0.001000
00:29:26:524 (00012568) > [Settings] 	FOV Correction: 1.200000
00:29:26:524 (00012568) > [**************************************************Display + Graphics Settings**************************************************] 
00:29:26:524 (00012568) > [Startup] Creating compute command queue of type 2
00:29:26:540 (00012568) > [Startup] Creating copy command queue of type 3
00:29:26:545 (00012568) > [NxApp] Creating window...
00:29:26:548 (00028080) > [GameWindow] UpdateState bVisible true
00:29:26:560 (00012568) > [NxApp] Window created.
00:29:26:560 (00012568) > [NxApp] Initializing swapchain...
00:29:26:560 (00004600) > [SwapChain] Creating...
00:29:26:560 (00004600) > [NxSwapChainImpl] Swapchain native backbuffer (windows) resolution: 2560x1080
00:29:26:560 (00004600) > [Upscaler] ConvertScreenToRenderRes: wxh = 1707x720 | min = 1280x540 | max =  2560x1080
00:29:26:567 (00004600) > [DXGI] Created swapchain.
00:29:26:571 (00004600) > [SwapChain] Gamma correction is enabled.
00:29:26:571 (00004600) > [SwapChain] Successfully created.
00:29:26:571 (00004600) > [NxSwapChainImpl] Swapchain native backbuffer (windows) resolution: 2560x1080
00:29:26:571 (00004600) > [Upscaler] ConvertScreenToRenderRes: wxh = 1707x720 | min = 1280x540 | max =  2560x1080
00:29:26:571 (00012568) > [NxApp] Swapchain initialized
00:29:26:571 (00012568) > [NxApp] Initializing renderer...
00:29:26:571 (00012568) > [NxApp] Renderer initialized
00:29:26:571 (00012568) > [NxStorage] Detected device at 'e:\video games\pc\games\others\ghost of tsushima', name 'Samsung SSD 980 PRO 1TB', SSD: Yes, NVMe: Yes
00:29:26:680 (00012568) > [NxStorage] DirectStorage initialization succeeded
00:29:26:681 (00012568) > [CJobManager] Creating  10 worker threads, run on  11 cores
00:29:26:704 (00012568) > [Render] Pipeline cache C:\Users\<username>\AppData\Roaming\Sucker Punch Productions\Ghost of Tsushima DIRECTOR'S CUT\\user.pso read succesfully, read 8 pipelines, found 0 duplicates.
00:29:26:713 (00012568) > [Render] Pipeline cache default.pso read succesfully, read 16192 pipelines, found 0 duplicates.
00:29:31:102 (00012568) > [Steam] Stats received: 2
00:30:21:208 (00025996) > [Render] Quering NVAPI for GPU temperature
00:30:21:208 (00025996) > [Render] Working set: 5324MB Page file: 11472MB Video Budget: 7256MB Video Usage: 5047MB Sys Budget: 15178MB Sys Usage: 313MB Demoted: 0MB fps: 178.8
00:31:21:202 (00025996) > [Render] Quering NVAPI for GPU temperature
00:31:21:202 (00025996) > [Render] Working set: 5362MB Page file: 11789MB Video Budget: 6928MB Video Usage: 5287MB Sys Budget: 15178MB Sys Usage: 319MB Demoted: 0MB fps: 77.9
00:32:21:213 (00025996) > [Render] Quering NVAPI for GPU temperature
00:32:21:213 (00025996) > [Render] Working set: 5509MB Page file: 13843MB Video Budget: 7114MB Video Usage: 6897MB Sys Budget: 15178MB Sys Usage: 320MB Demoted: 0MB fps: 64.7
00:33:21:205 (00025996) > [Render] Quering NVAPI for GPU temperature
00:33:21:205 (00025996) > [Render] Working set: 6058MB Page file: 14222MB Video Budget: 7124MB Video Usage: 6875MB Sys Budget: 15178MB Sys Usage: 719MB Demoted: 397MB fps: 68.5
00:34:21:211 (00025996) > [Render] Quering NVAPI for GPU temperature
00:34:21:211 (00025996) > [Render] Working set: 6954MB Page file: 14900MB Video Budget: 7123MB Video Usage: 6806MB Sys Budget: 15178MB Sys Usage: 1313MB Demoted: 988MB fps: 70.3
00:35:21:213 (00025996) > [Render] Quering NVAPI for GPU temperature
00:35:21:213 (00025996) > [Render] Working set: 6795MB Page file: 14917MB Video Budget: 7124MB Video Usage: 6823MB Sys Budget: 15178MB Sys Usage: 1313MB Demoted: 988MB fps: 91.3
00:36:21:209 (00025996) > [Render] Quering NVAPI for GPU temperature
00:36:21:209 (00025996) > [Render] Working set: 7021MB Page file: 15300MB Video Budget: 7124MB Video Usage: 6950MB Sys Budget: 15178MB Sys Usage: 1491MB Demoted: 1165MB fps: 69.3
00:37:21:215 (00025996) > [Render] Quering NVAPI for GPU temperature
00:37:21:215 (00025996) > [Render] Working set: 7085MB Page file: 15358MB Video Budget: 7124MB Video Usage: 6972MB Sys Budget: 15178MB Sys Usage: 1492MB Demoted: 1165MB fps: 71.6
00:38:21:209 (00025996) > [Render] Quering NVAPI for GPU temperature
00:38:21:209 (00025996) > [Render] Working set: 7392MB Page file: 15455MB Video Budget: 7124MB Video Usage: 6903MB Sys Budget: 15178MB Sys Usage: 1583MB Demoted: 1256MB fps: 61.8
00:39:21:203 (00025996) > [Render] Quering NVAPI for GPU temperature
00:39:21:203 (00025996) > [Render] Working set: 7417MB Page file: 15474MB Video Budget: 7124MB Video Usage: 6911MB Sys Budget: 15178MB Sys Usage: 1583MB Demoted: 1256MB fps: 108.2
00:40:21:208 (00025996) > [Render] Quering NVAPI for GPU temperature
00:40:21:208 (00025996) > [Render] Working set: 7674MB Page file: 15684MB Video Budget: 7124MB Video Usage: 6741MB Sys Budget: 15178MB Sys Usage: 1750MB Demoted: 1420MB fps: 99.0
00:41:21:213 (00025996) > [Render] Quering NVAPI for GPU temperature
00:41:21:214 (00025996) > [Render] Working set: 7476MB Page file: 15451MB Video Budget: 7124MB Video Usage: 6741MB Sys Budget: 15178MB Sys Usage: 1750MB Demoted: 1420MB fps: 92.6
00:42:21:203 (00025996) > [Render] Quering NVAPI for GPU temperature
00:42:21:203 (00025996) > [Render] Working set: 7490MB Page file: 15475MB Video Budget: 7124MB Video Usage: 6753MB Sys Budget: 15178MB Sys Usage: 1750MB Demoted: 1420MB fps: 125.9
00:43:21:218 (00025996) > [Render] Quering NVAPI for GPU temperature
00:43:21:218 (00025996) > [Render] Working set: 7520MB Page file: 15520MB Video Budget: 7122MB Video Usage: 6773MB Sys Budget: 15178MB Sys Usage: 1747MB Demoted: 1415MB fps: 57.8
00:44:21:219 (00025996) > [Render] Quering NVAPI for GPU temperature
00:44:21:219 (00025996) > [Render] Working set: 7801MB Page file: 15684MB Video Budget: 7124MB Video Usage: 6806MB Sys Budget: 15178MB Sys Usage: 1746MB Demoted: 1412MB fps: 56.4
00:45:21:230 (00025996) > [Render] Quering NVAPI for GPU temperature
00:45:21:230 (00025996) > [Render] Working set: 7800MB Page file: 15594MB Video Budget: 7124MB Video Usage: 6835MB Sys Budget: 15178MB Sys Usage: 1731MB Demoted: 1396MB fps: 77.8
00:46:21:228 (00025996) > [Render] Quering NVAPI for GPU temperature
00:46:21:229 (00025996) > [Render] Working set: 7799MB Page file: 15583MB Video Budget: 7124MB Video Usage: 6844MB Sys Budget: 15178MB Sys Usage: 1736MB Demoted: 1399MB fps: 67.4
00:47:21:226 (00025996) > [Render] Quering NVAPI for GPU temperature
00:47:21:226 (00025996) > [Render] Working set: 7557MB Page file: 15556MB Video Budget: 7124MB Video Usage: 6879MB Sys Budget: 15178MB Sys Usage: 1690MB Demoted: 1353MB fps: 80.3
00:48:21:231 (00025996) > [Render] Quering NVAPI for GPU temperature
00:48:21:232 (00025996) > [Render] Working set: 7548MB Page file: 15688MB Video Budget: 7124MB Video Usage: 6939MB Sys Budget: 15178MB Sys Usage: 1631MB Demoted: 1294MB fps: 72.1
00:49:21:224 (00025996) > [Render] Quering NVAPI for GPU temperature
00:49:21:224 (00025996) > [Render] Working set: 7729MB Page file: 15564MB Video Budget: 7124MB Video Usage: 6772MB Sys Budget: 15178MB Sys Usage: 1819MB Demoted: 1482MB fps: 66.6
00:50:04:326 (00012568) > [NxUpscaler] DLSS out of VRAM warning
00:50:04:915 (00012568) > [NxUpscaler] DLSS out of VRAM warning
00:50:21:221 (00025996) > [Render] Quering NVAPI for GPU temperature
00:50:21:221 (00025996) > [Render] Working set: 8130MB Page file: 15554MB Video Budget: 6941MB Video Usage: 6608MB Sys Budget: 15178MB Sys Usage: 2064MB Demoted: 1727MB fps: 91.9
00:51:21:220 (00025996) > [Render] Quering NVAPI for GPU temperature
00:51:21:221 (00025996) > [Render] Working set: 8093MB Page file: 15556MB Video Budget: 7018MB Video Usage: 6552MB Sys Budget: 15178MB Sys Usage: 2056MB Demoted: 1719MB fps: 112.1
00:52:21:228 (00025996) > [Render] Quering NVAPI for GPU temperature
00:52:21:229 (00025996) > [Render] Working set: 7717MB Page file: 15599MB Video Budget: 7114MB Video Usage: 6839MB Sys Budget: 15178MB Sys Usage: 1758MB Demoted: 1420MB fps: 73.4
00:53:21:229 (00025996) > [Render] Quering NVAPI for GPU temperature
00:53:21:229 (00025996) > [Render] Working set: 7664MB Page file: 15644MB Video Budget: 7114MB Video Usage: 6846MB Sys Budget: 15178MB Sys Usage: 1759MB Demoted: 1420MB fps: 60.5
00:54:21:229 (00025996) > [Render] Quering NVAPI for GPU temperature
00:54:21:230 (00025996) > [Render] Working set: 7592MB Page file: 15658MB Video Budget: 7114MB Video Usage: 6878MB Sys Budget: 15178MB Sys Usage: 1732MB Demoted: 1391MB fps: 64.1
00:55:21:223 (00025996) > [Render] Quering NVAPI for GPU temperature
00:55:21:223 (00025996) > [Render] Working set: 7749MB Page file: 15617MB Video Budget: 7114MB Video Usage: 6784MB Sys Budget: 15178MB Sys Usage: 1818MB Demoted: 1477MB fps: 58.8
00:56:21:220 (00025996) > [Render] Quering NVAPI for GPU temperature
00:56:21:220 (00025996) > [Render] Working set: 7735MB Page file: 15624MB Video Budget: 7114MB Video Usage: 6880MB Sys Budget: 15178MB Sys Usage: 1717MB Demoted: 1375MB fps: 61.3
00:57:21:226 (00025996) > [Render] Quering NVAPI for GPU temperature
00:57:21:226 (00025996) > [Render] Working set: 7678MB Page file: 15623MB Video Budget: 7114MB Video Usage: 6879MB Sys Budget: 15178MB Sys Usage: 1717MB Demoted: 1375MB fps: 66.0
00:58:21:216 (00025996) > [Render] Quering NVAPI for GPU temperature
00:58:21:216 (00025996) > [Render] Working set: 7581MB Page file: 15623MB Video Budget: 7114MB Video Usage: 6879MB Sys Budget: 15178MB Sys Usage: 1717MB Demoted: 1375MB fps: 65.6
00:59:21:221 (00025996) > [Render] Quering NVAPI for GPU temperature
00:59:21:221 (00025996) > [Render] Working set: 7307MB Page file: 15639MB Video Budget: 7114MB Video Usage: 6891MB Sys Budget: 15178MB Sys Usage: 1717MB Demoted: 1375MB fps: 64.9
01:00:21:236 (00025996) > [Render] Quering NVAPI for GPU temperature
01:00:21:237 (00025996) > [Render] Working set: 7309MB Page file: 15678MB Video Budget: 7114MB Video Usage: 6925MB Sys Budget: 15178MB Sys Usage: 1698MB Demoted: 1356MB fps: 48.9
01:01:21:239 (00025996) > [Render] Quering NVAPI for GPU temperature
01:01:21:240 (00025996) > [Render] Working set: 7563MB Page file: 15673MB Video Budget: 7114MB Video Usage: 6767MB Sys Budget: 15178MB Sys Usage: 1843MB Demoted: 1498MB fps: 57.7
01:02:21:232 (00025996) > [Render] Quering NVAPI for GPU temperature
01:02:21:232 (00025996) > [Render] Working set: 7507MB Page file: 15647MB Video Budget: 7113MB Video Usage: 6823MB Sys Budget: 15178MB Sys Usage: 1815MB Demoted: 1469MB fps: 54.0
01:03:21:239 (00025996) > [Render] Quering NVAPI for GPU temperature
01:03:21:239 (00025996) > [Render] Working set: 7461MB Page file: 15647MB Video Budget: 7114MB Video Usage: 6823MB Sys Budget: 15178MB Sys Usage: 1815MB Demoted: 1469MB fps: 47.6
01:04:21:247 (00025996) > [Render] Quering NVAPI for GPU temperature
01:04:21:247 (00025996) > [Render] Working set: 3793MB Page file: 15658MB Video Budget: 7114MB Video Usage: 6840MB Sys Budget: 15178MB Sys Usage: 1796MB Demoted: 1450MB fps: 49.5
01:05:21:233 (00025996) > [Render] Quering NVAPI for GPU temperature
01:05:21:233 (00025996) > [Render] Working set: 3781MB Page file: 15715MB Video Budget: 7124MB Video Usage: 6905MB Sys Budget: 15178MB Sys Usage: 1739MB Demoted: 1393MB fps: 53.9
01:05:23:043 (00024980) > [SCE] PSPC watchdog.... reinitializing the sdk
01:05:23:043 (00012568) > [NxApp] Destroying
01:05:23:046 (00012568) > [DXGI] Destroyed swapchain.
01:05:23:046 (00012568) > [SwapChain] Destroyed.
01:05:23:046 (00012568) > [SwapChain] Released.
01:05:23:148 (00012568) > [Render] Unloading NVAPI
01:05:23:149 (00012568) > [Render] Done unloading NVAPI
01:05:23:150 (00012568) > [Render] Unloading ADL...
01:05:23:152 (00012568) > [Render] Done unloading ADL
01:05:23:152 (00012568) > [DXGI] Destroyed swapchain.
01:05:23:152 (00012568) > [DXGI] Released.
--- NIXXES log closed ---
